Symlinking /home/nics/Drone/BambiplayGit-Fast-Drone-250-tuned_simulation/devel/lib/libgtsam.so.4.0.0
Symlinking /home/nics/Drone/BambiplayGit-Fast-Drone-250-tuned_simulation/devel/lib/libgtsam.so
Symlinking /home/nics/Drone/BambiplayGit-Fast-Drone-250-tuned_simulation/devel/lib/libgtsam_unstable.so.4.0.0
Symlinking /home/nics/Drone/BambiplayGit-Fast-Drone-250-tuned_simulation/devel/lib/libgtsam.so.4
Symlinking /home/nics/Drone/BambiplayGit-Fast-Drone-250-tuned_simulation/devel/lib/libgtsam_unstable.so.4
Symlinking /home/nics/Drone/BambiplayGit-Fast-Drone-250-tuned_simulation/devel/lib/libCppUnitLite.a
Symlinking /home/nics/Drone/BambiplayGit-Fast-Drone-250-tuned_simulation/devel/lib/libgtsam_unstable.so
Symlinking /home/nics/Drone/BambiplayGit-Fast-Drone-250-tuned_simulation/devel/lib/cmake/GTSAMCMakeTools/GtsamTesting.cmake
Symlinking /home/nics/Drone/BambiplayGit-Fast-Drone-250-tuned_simulation/devel/lib/cmake/GTSAMCMakeTools/GtsamMatlabWrap.cmake
Symlinking /home/nics/Drone/BambiplayGit-Fast-Drone-250-tuned_simulation/devel/lib/cmake/GTSAMCMakeTools/dllexport.h.in
Symlinking /home/nics/Drone/BambiplayGit-Fast-Drone-250-tuned_simulation/devel/lib/cmake/GTSAMCMakeTools/GtsamMakeConfigFile.cmake
Symlinking /home/nics/Drone/BambiplayGit-Fast-Drone-250-tuned_simulation/devel/lib/cmake/GTSAMCMakeTools/GtsamPythonWrap.cmake
Symlinking /home/nics/Drone/BambiplayGit-Fast-Drone-250-tuned_simulation/devel/lib/cmake/GTSAMCMakeTools/GtsamBuildTypes.cmake
Symlinking /home/nics/Drone/BambiplayGit-Fast-Drone-250-tuned_simulation/devel/lib/cmake/GTSAMCMakeTools/Config.cmake.in
Symlinking /home/nics/Drone/BambiplayGit-Fast-Drone-250-tuned_simulation/devel/lib/cmake/GTSAMCMakeTools/README.html
Symlinking /home/nics/Drone/BambiplayGit-Fast-Drone-250-tuned_simulation/devel/lib/cmake/GTSAMCMakeTools/GTSAMCMakeToolsConfig.cmake
Symlinking /home/nics/Drone/BambiplayGit-Fast-Drone-250-tuned_simulation/devel/lib/cmake/GTSAM/GTSAMConfig.cmake
Symlinking /home/nics/Drone/BambiplayGit-Fast-Drone-250-tuned_simulation/devel/lib/cmake/GTSAM/GTSAM-exports.cmake
Symlinking /home/nics/Drone/BambiplayGit-Fast-Drone-250-tuned_simulation/devel/lib/cmake/GTSAM/GTSAM-exports-release.cmake
Symlinking /home/nics/Drone/BambiplayGit-Fast-Drone-250-tuned_simulation/devel/lib/cmake/GTSAM/gtsam_extra.cmake
Symlinking /home/nics/Drone/BambiplayGit-Fast-Drone-250-tuned_simulation/devel/lib/pkgconfig/gtsam_catkin.pc
Symlinking /home/nics/Drone/BambiplayGit-Fast-Drone-250-tuned_simulation/devel/include/CppUnitLite/Test.h
Symlinking /home/nics/Drone/BambiplayGit-Fast-Drone-250-tuned_simulation/devel/include/CppUnitLite/TestResult.h
Symlinking /home/nics/Drone/BambiplayGit-Fast-Drone-250-tuned_simulation/devel/include/CppUnitLite/TestRegistry.h
Symlinking /home/nics/Drone/BambiplayGit-Fast-Drone-250-tuned_simulation/devel/include/CppUnitLite/TestHarness.h
Symlinking /home/nics/Drone/BambiplayGit-Fast-Drone-250-tuned_simulation/devel/include/CppUnitLite/Failure.h
Symlinking /home/nics/Drone/BambiplayGit-Fast-Drone-250-tuned_simulation/devel/include/gtsam/config.h
Symlinking /home/nics/Drone/BambiplayGit-Fast-Drone-250-tuned_simulation/devel/include/gtsam/global_includes.h
Symlinking /home/nics/Drone/BambiplayGit-Fast-Drone-250-tuned_simulation/devel/include/gtsam/dllexport.h
Symlinking /home/nics/Drone/BambiplayGit-Fast-Drone-250-tuned_simulation/devel/include/gtsam/navigation/ManifoldPreintegration.h
Symlinking /home/nics/Drone/BambiplayGit-Fast-Drone-250-tuned_simulation/devel/include/gtsam/navigation/MagFactor.h
Symlinking /home/nics/Drone/BambiplayGit-Fast-Drone-250-tuned_simulation/devel/include/gtsam/navigation/Scenario.h
Symlinking /home/nics/Drone/BambiplayGit-Fast-Drone-250-tuned_simulation/devel/include/gtsam/navigation/GPSFactor.h
Symlinking /home/nics/Drone/BambiplayGit-Fast-Drone-250-tuned_simulation/devel/include/gtsam/navigation/ImuBias.h
Symlinking /home/nics/Drone/BambiplayGit-Fast-Drone-250-tuned_simulation/devel/include/gtsam/navigation/ImuFactor.h
Symlinking /home/nics/Drone/BambiplayGit-Fast-Drone-250-tuned_simulation/devel/include/gtsam/navigation/PreintegrationBase.h
Symlinking /home/nics/Drone/BambiplayGit-Fast-Drone-250-tuned_simulation/devel/include/gtsam/navigation/AttitudeFactor.h
Symlinking /home/nics/Drone/BambiplayGit-Fast-Drone-250-tuned_simulation/devel/include/gtsam/navigation/NavState.h
Symlinking /home/nics/Drone/BambiplayGit-Fast-Drone-250-tuned_simulation/devel/include/gtsam/navigation/PreintegratedRotation.h
Symlinking /home/nics/Drone/BambiplayGit-Fast-Drone-250-tuned_simulation/devel/include/gtsam/navigation/ScenarioRunner.h
Symlinking /home/nics/Drone/BambiplayGit-Fast-Drone-250-tuned_simulation/devel/include/gtsam/navigation/PreintegrationParams.h
Symlinking /home/nics/Drone/BambiplayGit-Fast-Drone-250-tuned_simulation/devel/include/gtsam/navigation/AHRSFactor.h
Symlinking /home/nics/Drone/BambiplayGit-Fast-Drone-250-tuned_simulation/devel/include/gtsam/navigation/TangentPreintegration.h
Symlinking /home/nics/Drone/BambiplayGit-Fast-Drone-250-tuned_simulation/devel/include/gtsam/navigation/CombinedImuFactor.h
Symlinking /home/nics/Drone/BambiplayGit-Fast-Drone-250-tuned_simulation/devel/include/gtsam/discrete/DiscreteBayesNet.h
Symlinking /home/nics/Drone/BambiplayGit-Fast-Drone-250-tuned_simulation/devel/include/gtsam/discrete/DecisionTreeFactor.h
Symlinking /home/nics/Drone/BambiplayGit-Fast-Drone-250-tuned_simulation/devel/include/gtsam/discrete/DiscreteMarginals.h
Symlinking /home/nics/Drone/BambiplayGit-Fast-Drone-250-tuned_simulation/devel/include/gtsam/discrete/DiscreteJunctionTree.h
Symlinking /home/nics/Drone/BambiplayGit-Fast-Drone-250-tuned_simulation/devel/include/gtsam/discrete/Assignment.h
Symlinking /home/nics/Drone/BambiplayGit-Fast-Drone-250-tuned_simulation/devel/include/gtsam/discrete/DiscreteBayesTree.h
Symlinking /home/nics/Drone/BambiplayGit-Fast-Drone-250-tuned_simulation/devel/include/gtsam/discrete/DecisionTree.h
Symlinking /home/nics/Drone/BambiplayGit-Fast-Drone-250-tuned_simulation/devel/include/gtsam/discrete/Signature.h
Symlinking /home/nics/Drone/BambiplayGit-Fast-Drone-250-tuned_simulation/devel/include/gtsam/discrete/DiscreteFactor.h
Symlinking /home/nics/Drone/BambiplayGit-Fast-Drone-250-tuned_simulation/devel/include/gtsam/discrete/Potentials.h
Symlinking /home/nics/Drone/BambiplayGit-Fast-Drone-250-tuned_simulation/devel/include/gtsam/discrete/DiscreteConditional.h
Symlinking /home/nics/Drone/BambiplayGit-Fast-Drone-250-tuned_simulation/devel/include/gtsam/discrete/DiscreteKey.h
Symlinking /home/nics/Drone/BambiplayGit-Fast-Drone-250-tuned_simulation/devel/include/gtsam/discrete/AlgebraicDecisionTree.h
Symlinking /home/nics/Drone/BambiplayGit-Fast-Drone-250-tuned_simulation/devel/include/gtsam/discrete/DecisionTree-inl.h
Symlinking /home/nics/Drone/BambiplayGit-Fast-Drone-250-tuned_simulation/devel/include/gtsam/discrete/DiscreteFactorGraph.h
Symlinking /home/nics/Drone/BambiplayGit-Fast-Drone-250-tuned_simulation/devel/include/gtsam/discrete/DiscreteEliminationTree.h
Symlinking /home/nics/Drone/BambiplayGit-Fast-Drone-250-tuned_simulation/devel/include/gtsam/linear/SubgraphSolver.h
Symlinking /home/nics/Drone/BambiplayGit-Fast-Drone-250-tuned_simulation/devel/include/gtsam/linear/linearExceptions.h
Symlinking /home/nics/Drone/BambiplayGit-Fast-Drone-250-tuned_simulation/devel/include/gtsam/linear/JacobianFactor-inl.h
Symlinking /home/nics/Drone/BambiplayGit-Fast-Drone-250-tuned_simulation/devel/include/gtsam/linear/Sampler.h
Symlinking /home/nics/Drone/BambiplayGit-Fast-Drone-250-tuned_simulation/devel/include/gtsam/linear/JacobianFactor.h
Symlinking /home/nics/Drone/BambiplayGit-Fast-Drone-250-tuned_simulation/devel/include/gtsam/linear/GaussianBayesNet.h
Symlinking /home/nics/Drone/BambiplayGit-Fast-Drone-250-tuned_simulation/devel/include/gtsam/linear/VectorValues.h
Symlinking /home/nics/Drone/BambiplayGit-Fast-Drone-250-tuned_simulation/devel/include/gtsam/linear/PCGSolver.h
Symlinking /home/nics/Drone/BambiplayGit-Fast-Drone-250-tuned_simulation/devel/include/gtsam/linear/GaussianFactorGraph.h
Symlinking /home/nics/Drone/BambiplayGit-Fast-Drone-250-tuned_simulation/devel/include/gtsam/linear/HessianFactor-inl.h
Symlinking /home/nics/Drone/BambiplayGit-Fast-Drone-250-tuned_simulation/devel/include/gtsam/linear/iterative-inl.h
Symlinking /home/nics/Drone/BambiplayGit-Fast-Drone-250-tuned_simulation/devel/include/gtsam/linear/GaussianBayesTree-inl.h
Symlinking /home/nics/Drone/BambiplayGit-Fast-Drone-250-tuned_simulation/devel/include/gtsam/linear/GaussianDensity.h
Symlinking /home/nics/Drone/BambiplayGit-Fast-Drone-250-tuned_simulation/devel/include/gtsam/linear/GaussianJunctionTree.h
Symlinking /home/nics/Drone/BambiplayGit-Fast-Drone-250-tuned_simulation/devel/include/gtsam/linear/linearAlgorithms-inst.h
Symlinking /home/nics/Drone/BambiplayGit-Fast-Drone-250-tuned_simulation/devel/include/gtsam/linear/GaussianConditional.h
Symlinking /home/nics/Drone/BambiplayGit-Fast-Drone-250-tuned_simulation/devel/include/gtsam/linear/GaussianEliminationTree.h
Symlinking /home/nics/Drone/BambiplayGit-Fast-Drone-250-tuned_simulation/devel/include/gtsam/linear/BinaryJacobianFactor.h
Symlinking /home/nics/Drone/BambiplayGit-Fast-Drone-250-tuned_simulation/devel/include/gtsam/linear/NoiseModel.h
Symlinking /home/nics/Drone/BambiplayGit-Fast-Drone-250-tuned_simulation/devel/include/gtsam/linear/IterativeSolver.h
Symlinking /home/nics/Drone/BambiplayGit-Fast-Drone-250-tuned_simulation/devel/include/gtsam/linear/RegularHessianFactor.h
Symlinking /home/nics/Drone/BambiplayGit-Fast-Drone-250-tuned_simulation/devel/include/gtsam/linear/RegularJacobianFactor.h
Symlinking /home/nics/Drone/BambiplayGit-Fast-Drone-250-tuned_simulation/devel/include/gtsam/linear/GaussianISAM.h
Symlinking /home/nics/Drone/BambiplayGit-Fast-Drone-250-tuned_simulation/devel/include/gtsam/linear/Scatter.h
Symlinking /home/nics/Drone/BambiplayGit-Fast-Drone-250-tuned_simulation/devel/include/gtsam/linear/KalmanFilter.h
Symlinking /home/nics/Drone/BambiplayGit-Fast-Drone-250-tuned_simulation/devel/include/gtsam/linear/GaussianBayesTree.h
Symlinking /home/nics/Drone/BambiplayGit-Fast-Drone-250-tuned_simulation/devel/include/gtsam/linear/iterative.h
Symlinking /home/nics/Drone/BambiplayGit-Fast-Drone-250-tuned_simulation/devel/include/gtsam/linear/ConjugateGradientSolver.h
Symlinking /home/nics/Drone/BambiplayGit-Fast-Drone-250-tuned_simulation/devel/include/gtsam/linear/Preconditioner.h
Symlinking /home/nics/Drone/BambiplayGit-Fast-Drone-250-tuned_simulation/devel/include/gtsam/linear/GaussianFactor.h
Symlinking /home/nics/Drone/BambiplayGit-Fast-Drone-250-tuned_simulation/devel/include/gtsam/linear/Errors.h
Symlinking /home/nics/Drone/BambiplayGit-Fast-Drone-250-tuned_simulation/devel/include/gtsam/linear/SubgraphPreconditioner.h
Symlinking /home/nics/Drone/BambiplayGit-Fast-Drone-250-tuned_simulation/devel/include/gtsam/linear/GaussianConditional-inl.h
Symlinking /home/nics/Drone/BambiplayGit-Fast-Drone-250-tuned_simulation/devel/include/gtsam/linear/HessianFactor.h
Symlinking /home/nics/Drone/BambiplayGit-Fast-Drone-250-tuned_simulation/devel/include/gtsam/3rdparty/ceres/macros.h
Symlinking /home/nics/Drone/BambiplayGit-Fast-Drone-250-tuned_simulation/devel/include/gtsam/3rdparty/ceres/jet.h
Symlinking /home/nics/Drone/BambiplayGit-Fast-Drone-250-tuned_simulation/devel/include/gtsam/3rdparty/ceres/autodiff.h
Symlinking /home/nics/Drone/BambiplayGit-Fast-Drone-250-tuned_simulation/devel/include/gtsam/3rdparty/ceres/example.h
Symlinking /home/nics/Drone/BambiplayGit-Fast-Drone-250-tuned_simulation/devel/include/gtsam/3rdparty/ceres/fpclassify.h
Symlinking /home/nics/Drone/BambiplayGit-Fast-Drone-250-tuned_simulation/devel/include/gtsam/3rdparty/ceres/rotation.h
Symlinking /home/nics/Drone/BambiplayGit-Fast-Drone-250-tuned_simulation/devel/include/gtsam/3rdparty/ceres/variadic_evaluate.h
Symlinking /home/nics/Drone/BambiplayGit-Fast-Drone-250-tuned_simulation/devel/include/gtsam/3rdparty/ceres/eigen.h
Symlinking /home/nics/Drone/BambiplayGit-Fast-Drone-250-tuned_simulation/devel/include/gtsam/3rdparty/ceres/fixed_array.h
Symlinking /home/nics/Drone/BambiplayGit-Fast-Drone-250-tuned_simulation/devel/include/gtsam/3rdparty/ceres/manual_constructor.h
Symlinking /home/nics/Drone/BambiplayGit-Fast-Drone-250-tuned_simulation/devel/include/gtsam/3rdparty/SuiteSparse_config/SuiteSparse_config.h
Symlinking /home/nics/Drone/BambiplayGit-Fast-Drone-250-tuned_simulation/devel/include/gtsam/3rdparty/CCOLAMD/ccolamd.h
Symlinking /home/nics/Drone/BambiplayGit-Fast-Drone-250-tuned_simulation/devel/include/gtsam/base/DerivedValue.h
Symlinking /home/nics/Drone/BambiplayGit-Fast-Drone-250-tuned_simulation/devel/include/gtsam/base/FastMap.h
Symlinking /home/nics/Drone/BambiplayGit-Fast-Drone-250-tuned_simulation/devel/include/gtsam/base/serializationTestHelpers.h
Symlinking /home/nics/Drone/BambiplayGit-Fast-Drone-250-tuned_simulation/devel/include/gtsam/base/numericalDerivative.h
Symlinking /home/nics/Drone/BambiplayGit-Fast-Drone-250-tuned_simulation/devel/include/gtsam/base/DSFVector.h
Symlinking /home/nics/Drone/BambiplayGit-Fast-Drone-250-tuned_simulation/devel/include/gtsam/base/Value.h
Symlinking /home/nics/Drone/BambiplayGit-Fast-Drone-250-tuned_simulation/devel/include/gtsam/base/Group.h
Symlinking /home/nics/Drone/BambiplayGit-Fast-Drone-250-tuned_simulation/devel/include/gtsam/base/LieScalar.h
Symlinking /home/nics/Drone/BambiplayGit-Fast-Drone-250-tuned_simulation/devel/include/gtsam/base/ThreadsafeException.h
Symlinking /home/nics/Drone/BambiplayGit-Fast-Drone-250-tuned_simulation/devel/include/gtsam/base/lieProxies.h
Symlinking /home/nics/Drone/BambiplayGit-Fast-Drone-250-tuned_simulation/devel/include/gtsam/base/chartTesting.h
Symlinking /home/nics/Drone/BambiplayGit-Fast-Drone-250-tuned_simulation/devel/include/gtsam/base/LieVector.h
Symlinking /home/nics/Drone/BambiplayGit-Fast-Drone-250-tuned_simulation/devel/include/gtsam/base/FastVector.h
Symlinking /home/nics/Drone/BambiplayGit-Fast-Drone-250-tuned_simulation/devel/include/gtsam/base/ProductLieGroup.h
Symlinking /home/nics/Drone/BambiplayGit-Fast-Drone-250-tuned_simulation/devel/include/gtsam/base/Lie.h
Symlinking /home/nics/Drone/BambiplayGit-Fast-Drone-250-tuned_simulation/devel/include/gtsam/base/GenericValue.h
Symlinking /home/nics/Drone/BambiplayGit-Fast-Drone-250-tuned_simulation/devel/include/gtsam/base/types.h
Symlinking /home/nics/Drone/BambiplayGit-Fast-Drone-250-tuned_simulation/devel/include/gtsam/base/Testable.h
Symlinking /home/nics/Drone/BambiplayGit-Fast-Drone-250-tuned_simulation/devel/include/gtsam/base/FastList.h
Symlinking /home/nics/Drone/BambiplayGit-Fast-Drone-250-tuned_simulation/devel/include/gtsam/base/VerticalBlockMatrix.h
Symlinking /home/nics/Drone/BambiplayGit-Fast-Drone-250-tuned_simulation/devel/include/gtsam/base/LieMatrix.h
Symlinking /home/nics/Drone/BambiplayGit-Fast-Drone-250-tuned_simulation/devel/include/gtsam/base/OptionalJacobian.h
Symlinking /home/nics/Drone/BambiplayGit-Fast-Drone-250-tuned_simulation/devel/include/gtsam/base/timing.h
Symlinking /home/nics/Drone/BambiplayGit-Fast-Drone-250-tuned_simulation/devel/include/gtsam/base/Matrix.h
Symlinking /home/nics/Drone/BambiplayGit-Fast-Drone-250-tuned_simulation/devel/include/gtsam/base/serialization.h
Symlinking /home/nics/Drone/BambiplayGit-Fast-Drone-250-tuned_simulation/devel/include/gtsam/base/treeTraversal-inst.h
Symlinking /home/nics/Drone/BambiplayGit-Fast-Drone-250-tuned_simulation/devel/include/gtsam/base/Vector.h
Symlinking /home/nics/Drone/BambiplayGit-Fast-Drone-250-tuned_simulation/devel/include/gtsam/base/FastDefaultAllocator.h
Symlinking /home/nics/Drone/BambiplayGit-Fast-Drone-250-tuned_simulation/devel/include/gtsam/base/ConcurrentMap.h
Symlinking /home/nics/Drone/BambiplayGit-Fast-Drone-250-tuned_simulation/devel/include/gtsam/base/Manifold.h
Symlinking /home/nics/Drone/BambiplayGit-Fast-Drone-250-tuned_simulation/devel/include/gtsam/base/testLie.h
Symlinking /home/nics/Drone/BambiplayGit-Fast-Drone-250-tuned_simulation/devel/include/gtsam/base/debug.h
Symlinking /home/nics/Drone/BambiplayGit-Fast-Drone-250-tuned_simulation/devel/include/gtsam/base/cholesky.h
Symlinking /home/nics/Drone/BambiplayGit-Fast-Drone-250-tuned_simulation/devel/include/gtsam/base/FastSet.h
Symlinking /home/nics/Drone/BambiplayGit-Fast-Drone-250-tuned_simulation/devel/include/gtsam/base/concepts.h
Symlinking /home/nics/Drone/BambiplayGit-Fast-Drone-250-tuned_simulation/devel/include/gtsam/base/SymmetricBlockMatrix.h
Symlinking /home/nics/Drone/BambiplayGit-Fast-Drone-250-tuned_simulation/devel/include/gtsam/base/TestableAssertions.h
Symlinking /home/nics/Drone/BambiplayGit-Fast-Drone-250-tuned_simulation/devel/include/gtsam/base/VectorSpace.h
Symlinking /home/nics/Drone/BambiplayGit-Fast-Drone-250-tuned_simulation/devel/include/gtsam/base/treeTraversal/parallelTraversalTasks.h
Symlinking /home/nics/Drone/BambiplayGit-Fast-Drone-250-tuned_simulation/devel/include/gtsam/base/treeTraversal/statistics.h
Symlinking /home/nics/Drone/BambiplayGit-Fast-Drone-250-tuned_simulation/devel/include/gtsam/base/deprecated/LieScalar.h
Symlinking /home/nics/Drone/BambiplayGit-Fast-Drone-250-tuned_simulation/devel/include/gtsam/base/deprecated/LieVector.h
Symlinking /home/nics/Drone/BambiplayGit-Fast-Drone-250-tuned_simulation/devel/include/gtsam/base/deprecated/LieMatrix.h
Symlinking /home/nics/Drone/BambiplayGit-Fast-Drone-250-tuned_simulation/devel/include/gtsam/inference/EliminateableFactorGraph-inst.h
Symlinking /home/nics/Drone/BambiplayGit-Fast-Drone-250-tuned_simulation/devel/include/gtsam/inference/EliminationTree.h
Symlinking /home/nics/Drone/BambiplayGit-Fast-Drone-250-tuned_simulation/devel/include/gtsam/inference/JunctionTree-inst.h
Symlinking /home/nics/Drone/BambiplayGit-Fast-Drone-250-tuned_simulation/devel/include/gtsam/inference/ClusterTree.h
Symlinking /home/nics/Drone/BambiplayGit-Fast-Drone-250-tuned_simulation/devel/include/gtsam/inference/Key.h
Symlinking /home/nics/Drone/BambiplayGit-Fast-Drone-250-tuned_simulation/devel/include/gtsam/inference/BayesTree-inst.h
Symlinking /home/nics/Drone/BambiplayGit-Fast-Drone-250-tuned_simulation/devel/include/gtsam/inference/MetisIndex.h
Symlinking /home/nics/Drone/BambiplayGit-Fast-Drone-250-tuned_simulation/devel/include/gtsam/inference/Conditional-inst.h
Symlinking /home/nics/Drone/BambiplayGit-Fast-Drone-250-tuned_simulation/devel/include/gtsam/inference/graph-inl.h
Symlinking /home/nics/Drone/BambiplayGit-Fast-Drone-250-tuned_simulation/devel/include/gtsam/inference/EliminateableFactorGraph.h
Symlinking /home/nics/Drone/BambiplayGit-Fast-Drone-250-tuned_simulation/devel/include/gtsam/inference/JunctionTree.h
Symlinking /home/nics/Drone/BambiplayGit-Fast-Drone-250-tuned_simulation/devel/include/gtsam/inference/Conditional.h
Symlinking /home/nics/Drone/BambiplayGit-Fast-Drone-250-tuned_simulation/devel/include/gtsam/inference/ISAM.h
Symlinking /home/nics/Drone/BambiplayGit-Fast-Drone-250-tuned_simulation/devel/include/gtsam/inference/inferenceExceptions.h
Symlinking /home/nics/Drone/BambiplayGit-Fast-Drone-250-tuned_simulation/devel/include/gtsam/inference/BayesTreeCliqueBase.h
Symlinking /home/nics/Drone/BambiplayGit-Fast-Drone-250-tuned_simulation/devel/include/gtsam/inference/BayesNet.h
Symlinking /home/nics/Drone/BambiplayGit-Fast-Drone-250-tuned_simulation/devel/include/gtsam/inference/ISAM-inst.h
Symlinking /home/nics/Drone/BambiplayGit-Fast-Drone-250-tuned_simulation/devel/include/gtsam/inference/inference-inst.h
Symlinking /home/nics/Drone/BambiplayGit-Fast-Drone-250-tuned_simulation/devel/include/gtsam/inference/ClusterTree-inst.h
Symlinking /home/nics/Drone/BambiplayGit-Fast-Drone-250-tuned_simulation/devel/include/gtsam/inference/BayesTree.h
Symlinking /home/nics/Drone/BambiplayGit-Fast-Drone-250-tuned_simulation/devel/include/gtsam/inference/EliminationTree-inst.h
Symlinking /home/nics/Drone/BambiplayGit-Fast-Drone-250-tuned_simulation/devel/include/gtsam/inference/BayesNet-inst.h
Symlinking /home/nics/Drone/BambiplayGit-Fast-Drone-250-tuned_simulation/devel/include/gtsam/inference/VariableSlots.h
Symlinking /home/nics/Drone/BambiplayGit-Fast-Drone-250-tuned_simulation/devel/include/gtsam/inference/graph.h
Symlinking /home/nics/Drone/BambiplayGit-Fast-Drone-250-tuned_simulation/devel/include/gtsam/inference/Symbol.h
Symlinking /home/nics/Drone/BambiplayGit-Fast-Drone-250-tuned_simulation/devel/include/gtsam/inference/BayesTreeCliqueBase-inst.h
Symlinking /home/nics/Drone/BambiplayGit-Fast-Drone-250-tuned_simulation/devel/include/gtsam/inference/FactorGraph.h
Symlinking /home/nics/Drone/BambiplayGit-Fast-Drone-250-tuned_simulation/devel/include/gtsam/inference/Ordering.h
Symlinking /home/nics/Drone/BambiplayGit-Fast-Drone-250-tuned_simulation/devel/include/gtsam/inference/VariableIndex-inl.h
Symlinking /home/nics/Drone/BambiplayGit-Fast-Drone-250-tuned_simulation/devel/include/gtsam/inference/LabeledSymbol.h
Symlinking /home/nics/Drone/BambiplayGit-Fast-Drone-250-tuned_simulation/devel/include/gtsam/inference/VariableIndex.h
Symlinking /home/nics/Drone/BambiplayGit-Fast-Drone-250-tuned_simulation/devel/include/gtsam/inference/MetisIndex-inl.h
Symlinking /home/nics/Drone/BambiplayGit-Fast-Drone-250-tuned_simulation/devel/include/gtsam/inference/Factor.h
Symlinking /home/nics/Drone/BambiplayGit-Fast-Drone-250-tuned_simulation/devel/include/gtsam/inference/FactorGraph-inst.h
Symlinking /home/nics/Drone/BambiplayGit-Fast-Drone-250-tuned_simulation/devel/include/gtsam/sam/BearingRangeFactor.h
Symlinking /home/nics/Drone/BambiplayGit-Fast-Drone-250-tuned_simulation/devel/include/gtsam/sam/RangeFactor.h
Symlinking /home/nics/Drone/BambiplayGit-Fast-Drone-250-tuned_simulation/devel/include/gtsam/sam/BearingFactor.h
Symlinking /home/nics/Drone/BambiplayGit-Fast-Drone-250-tuned_simulation/devel/include/gtsam/symbolic/SymbolicFactorGraph.h
Symlinking /home/nics/Drone/BambiplayGit-Fast-Drone-250-tuned_simulation/devel/include/gtsam/symbolic/SymbolicBayesTree.h
Symlinking /home/nics/Drone/BambiplayGit-Fast-Drone-250-tuned_simulation/devel/include/gtsam/symbolic/SymbolicEliminationTree.h
Symlinking /home/nics/Drone/BambiplayGit-Fast-Drone-250-tuned_simulation/devel/include/gtsam/symbolic/SymbolicBayesNet.h
Symlinking /home/nics/Drone/BambiplayGit-Fast-Drone-250-tuned_simulation/devel/include/gtsam/symbolic/SymbolicFactor-inst.h
Symlinking /home/nics/Drone/BambiplayGit-Fast-Drone-250-tuned_simulation/devel/include/gtsam/symbolic/SymbolicJunctionTree.h
Symlinking /home/nics/Drone/BambiplayGit-Fast-Drone-250-tuned_simulation/devel/include/gtsam/symbolic/SymbolicFactor.h
Symlinking /home/nics/Drone/BambiplayGit-Fast-Drone-250-tuned_simulation/devel/include/gtsam/symbolic/SymbolicConditional.h
Symlinking /home/nics/Drone/BambiplayGit-Fast-Drone-250-tuned_simulation/devel/include/gtsam/symbolic/SymbolicISAM.h
Symlinking /home/nics/Drone/BambiplayGit-Fast-Drone-250-tuned_simulation/devel/include/gtsam/nonlinear/ISAM2-impl.h
Symlinking /home/nics/Drone/BambiplayGit-Fast-Drone-250-tuned_simulation/devel/include/gtsam/nonlinear/DoglegOptimizerImpl.h
Symlinking /home/nics/Drone/BambiplayGit-Fast-Drone-250-tuned_simulation/devel/include/gtsam/nonlinear/nonlinearExceptions.h
Symlinking /home/nics/Drone/BambiplayGit-Fast-Drone-250-tuned_simulation/devel/include/gtsam/nonlinear/NonlinearOptimizerParams.h
Symlinking /home/nics/Drone/BambiplayGit-Fast-Drone-250-tuned_simulation/devel/include/gtsam/nonlinear/expressionTesting.h
Symlinking /home/nics/Drone/BambiplayGit-Fast-Drone-250-tuned_simulation/devel/include/gtsam/nonlinear/AdaptAutoDiff.h
Symlinking /home/nics/Drone/BambiplayGit-Fast-Drone-250-tuned_simulation/devel/include/gtsam/nonlinear/LevenbergMarquardtParams.h
Symlinking /home/nics/Drone/BambiplayGit-Fast-Drone-250-tuned_simulation/devel/include/gtsam/nonlinear/Marginals.h
Symlinking /home/nics/Drone/BambiplayGit-Fast-Drone-250-tuned_simulation/devel/include/gtsam/nonlinear/ExpressionFactor.h
Symlinking /home/nics/Drone/BambiplayGit-Fast-Drone-250-tuned_simulation/devel/include/gtsam/nonlinear/NonlinearFactor.h
Symlinking /home/nics/Drone/BambiplayGit-Fast-Drone-250-tuned_simulation/devel/include/gtsam/nonlinear/Expression-inl.h
Symlinking /home/nics/Drone/BambiplayGit-Fast-Drone-250-tuned_simulation/devel/include/gtsam/nonlinear/Expression.h
Symlinking /home/nics/Drone/BambiplayGit-Fast-Drone-250-tuned_simulation/devel/include/gtsam/nonlinear/NonlinearEquality.h
Symlinking /home/nics/Drone/BambiplayGit-Fast-Drone-250-tuned_simulation/devel/include/gtsam/nonlinear/Values.h
Symlinking /home/nics/Drone/BambiplayGit-Fast-Drone-250-tuned_simulation/devel/include/gtsam/nonlinear/WhiteNoiseFactor.h
Symlinking /home/nics/Drone/BambiplayGit-Fast-Drone-250-tuned_simulation/devel/include/gtsam/nonlinear/NonlinearISAM.h
Symlinking /home/nics/Drone/BambiplayGit-Fast-Drone-250-tuned_simulation/devel/include/gtsam/nonlinear/DoglegOptimizer.h
Symlinking /home/nics/Drone/BambiplayGit-Fast-Drone-250-tuned_simulation/devel/include/gtsam/nonlinear/ISAM2.h
Symlinking /home/nics/Drone/BambiplayGit-Fast-Drone-250-tuned_simulation/devel/include/gtsam/nonlinear/LevenbergMarquardtOptimizer.h
Symlinking /home/nics/Drone/BambiplayGit-Fast-Drone-250-tuned_simulation/devel/include/gtsam/nonlinear/LinearContainerFactor.h
Symlinking /home/nics/Drone/BambiplayGit-Fast-Drone-250-tuned_simulation/devel/include/gtsam/nonlinear/NonlinearConjugateGradientOptimizer.h
Symlinking /home/nics/Drone/BambiplayGit-Fast-Drone-250-tuned_simulation/devel/include/gtsam/nonlinear/Values-inl.h
Symlinking /home/nics/Drone/BambiplayGit-Fast-Drone-250-tuned_simulation/devel/include/gtsam/nonlinear/Symbol.h
Symlinking /home/nics/Drone/BambiplayGit-Fast-Drone-250-tuned_simulation/devel/include/gtsam/nonlinear/ExtendedKalmanFilter-inl.h
Symlinking /home/nics/Drone/BambiplayGit-Fast-Drone-250-tuned_simulation/devel/include/gtsam/nonlinear/NonlinearOptimizer.h
Symlinking /home/nics/Drone/BambiplayGit-Fast-Drone-250-tuned_simulation/devel/include/gtsam/nonlinear/ExpressionFactorGraph.h
Symlinking /home/nics/Drone/BambiplayGit-Fast-Drone-250-tuned_simulation/devel/include/gtsam/nonlinear/ExtendedKalmanFilter.h
Symlinking /home/nics/Drone/BambiplayGit-Fast-Drone-250-tuned_simulation/devel/include/gtsam/nonlinear/ISAM2-inl.h
Symlinking /home/nics/Drone/BambiplayGit-Fast-Drone-250-tuned_simulation/devel/include/gtsam/nonlinear/NonlinearFactorGraph.h
Symlinking /home/nics/Drone/BambiplayGit-Fast-Drone-250-tuned_simulation/devel/include/gtsam/nonlinear/GaussNewtonOptimizer.h
Symlinking /home/nics/Drone/BambiplayGit-Fast-Drone-250-tuned_simulation/devel/include/gtsam/nonlinear/factorTesting.h
Symlinking /home/nics/Drone/BambiplayGit-Fast-Drone-250-tuned_simulation/devel/include/gtsam/nonlinear/expressions.h
Symlinking /home/nics/Drone/BambiplayGit-Fast-Drone-250-tuned_simulation/devel/include/gtsam/nonlinear/internal/JacobianMap.h
Symlinking /home/nics/Drone/BambiplayGit-Fast-Drone-250-tuned_simulation/devel/include/gtsam/nonlinear/internal/LevenbergMarquardtState.h
Symlinking /home/nics/Drone/BambiplayGit-Fast-Drone-250-tuned_simulation/devel/include/gtsam/nonlinear/internal/NonlinearOptimizerState.h
Symlinking /home/nics/Drone/BambiplayGit-Fast-Drone-250-tuned_simulation/devel/include/gtsam/nonlinear/internal/ExecutionTrace.h
Symlinking /home/nics/Drone/BambiplayGit-Fast-Drone-250-tuned_simulation/devel/include/gtsam/nonlinear/internal/ExpressionNode.h
Symlinking /home/nics/Drone/BambiplayGit-Fast-Drone-250-tuned_simulation/devel/include/gtsam/nonlinear/internal/CallRecord.h
Symlinking /home/nics/Drone/BambiplayGit-Fast-Drone-250-tuned_simulation/devel/include/gtsam/geometry/SO3.h
Symlinking /home/nics/Drone/BambiplayGit-Fast-Drone-250-tuned_simulation/devel/include/gtsam/geometry/Rot3.h
Symlinking /home/nics/Drone/BambiplayGit-Fast-Drone-250-tuned_simulation/devel/include/gtsam/geometry/triangulation.h
Symlinking /home/nics/Drone/BambiplayGit-Fast-Drone-250-tuned_simulation/devel/include/gtsam/geometry/SimpleCamera.h
Symlinking /home/nics/Drone/BambiplayGit-Fast-Drone-250-tuned_simulation/devel/include/gtsam/geometry/Rot2.h
Symlinking /home/nics/Drone/BambiplayGit-Fast-Drone-250-tuned_simulation/devel/include/gtsam/geometry/EssentialMatrix.h
Symlinking /home/nics/Drone/BambiplayGit-Fast-Drone-250-tuned_simulation/devel/include/gtsam/geometry/Cal3DS2_Base.h
Symlinking /home/nics/Drone/BambiplayGit-Fast-Drone-250-tuned_simulation/devel/include/gtsam/geometry/Point3.h
Symlinking /home/nics/Drone/BambiplayGit-Fast-Drone-250-tuned_simulation/devel/include/gtsam/geometry/PinholePose.h
Symlinking /home/nics/Drone/BambiplayGit-Fast-Drone-250-tuned_simulation/devel/include/gtsam/geometry/BearingRange.h
Symlinking /home/nics/Drone/BambiplayGit-Fast-Drone-250-tuned_simulation/devel/include/gtsam/geometry/Cal3_S2.h
Symlinking /home/nics/Drone/BambiplayGit-Fast-Drone-250-tuned_simulation/devel/include/gtsam/geometry/Pose3.h
Symlinking /home/nics/Drone/BambiplayGit-Fast-Drone-250-tuned_simulation/devel/include/gtsam/geometry/Cal3DS2.h
Symlinking /home/nics/Drone/BambiplayGit-Fast-Drone-250-tuned_simulation/devel/include/gtsam/geometry/Pose2.h
Symlinking /home/nics/Drone/BambiplayGit-Fast-Drone-250-tuned_simulation/devel/include/gtsam/geometry/CalibratedCamera.h
Symlinking /home/nics/Drone/BambiplayGit-Fast-Drone-250-tuned_simulation/devel/include/gtsam/geometry/PinholeCamera.h
Symlinking /home/nics/Drone/BambiplayGit-Fast-Drone-250-tuned_simulation/devel/include/gtsam/geometry/CameraSet.h
Symlinking /home/nics/Drone/BambiplayGit-Fast-Drone-250-tuned_simulation/devel/include/gtsam/geometry/Quaternion.h
Symlinking /home/nics/Drone/BambiplayGit-Fast-Drone-250-tuned_simulation/devel/include/gtsam/geometry/StereoCamera.h
Symlinking /home/nics/Drone/BambiplayGit-Fast-Drone-250-tuned_simulation/devel/include/gtsam/geometry/OrientedPlane3.h
Symlinking /home/nics/Drone/BambiplayGit-Fast-Drone-250-tuned_simulation/devel/include/gtsam/geometry/Point2.h
Symlinking /home/nics/Drone/BambiplayGit-Fast-Drone-250-tuned_simulation/devel/include/gtsam/geometry/Cyclic.h
Symlinking /home/nics/Drone/BambiplayGit-Fast-Drone-250-tuned_simulation/devel/include/gtsam/geometry/Cal3Bundler.h
Symlinking /home/nics/Drone/BambiplayGit-Fast-Drone-250-tuned_simulation/devel/include/gtsam/geometry/Unit3.h
Symlinking /home/nics/Drone/BambiplayGit-Fast-Drone-250-tuned_simulation/devel/include/gtsam/geometry/Cal3_S2Stereo.h
Symlinking /home/nics/Drone/BambiplayGit-Fast-Drone-250-tuned_simulation/devel/include/gtsam/geometry/concepts.h
Symlinking /home/nics/Drone/BambiplayGit-Fast-Drone-250-tuned_simulation/devel/include/gtsam/geometry/PinholeSet.h
Symlinking /home/nics/Drone/BambiplayGit-Fast-Drone-250-tuned_simulation/devel/include/gtsam/geometry/Cal3Unified.h
Symlinking /home/nics/Drone/BambiplayGit-Fast-Drone-250-tuned_simulation/devel/include/gtsam/geometry/StereoPoint2.h
Symlinking /home/nics/Drone/BambiplayGit-Fast-Drone-250-tuned_simulation/devel/include/gtsam/slam/OrientedPlane3Factor.h
Symlinking /home/nics/Drone/BambiplayGit-Fast-Drone-250-tuned_simulation/devel/include/gtsam/slam/SmartFactorBase.h
Symlinking /home/nics/Drone/BambiplayGit-Fast-Drone-250-tuned_simulation/devel/include/gtsam/slam/BoundingConstraint.h
Symlinking /home/nics/Drone/BambiplayGit-Fast-Drone-250-tuned_simulation/devel/include/gtsam/slam/lago.h
Symlinking /home/nics/Drone/BambiplayGit-Fast-Drone-250-tuned_simulation/devel/include/gtsam/slam/EssentialMatrixConstraint.h
Symlinking /home/nics/Drone/BambiplayGit-Fast-Drone-250-tuned_simulation/devel/include/gtsam/slam/dataset.h
Symlinking /home/nics/Drone/BambiplayGit-Fast-Drone-250-tuned_simulation/devel/include/gtsam/slam/ProjectionFactor.h
Symlinking /home/nics/Drone/BambiplayGit-Fast-Drone-250-tuned_simulation/devel/include/gtsam/slam/EssentialMatrixFactor.h
Symlinking /home/nics/Drone/BambiplayGit-Fast-Drone-250-tuned_simulation/devel/include/gtsam/slam/PoseRotationPrior.h
Symlinking /home/nics/Drone/BambiplayGit-Fast-Drone-250-tuned_simulation/devel/include/gtsam/slam/InitializePose3.h
Symlinking /home/nics/Drone/BambiplayGit-Fast-Drone-250-tuned_simulation/devel/include/gtsam/slam/TriangulationFactor.h
Symlinking /home/nics/Drone/BambiplayGit-Fast-Drone-250-tuned_simulation/devel/include/gtsam/slam/ReferenceFrameFactor.h
Symlinking /home/nics/Drone/BambiplayGit-Fast-Drone-250-tuned_simulation/devel/include/gtsam/slam/SmartProjectionPoseFactor.h
Symlinking /home/nics/Drone/BambiplayGit-Fast-Drone-250-tuned_simulation/devel/include/gtsam/slam/StereoFactor.h
Symlinking /home/nics/Drone/BambiplayGit-Fast-Drone-250-tuned_simulation/devel/include/gtsam/slam/AntiFactor.h
Symlinking /home/nics/Drone/BambiplayGit-Fast-Drone-250-tuned_simulation/devel/include/gtsam/slam/BetweenFactor.h
Symlinking /home/nics/Drone/BambiplayGit-Fast-Drone-250-tuned_simulation/devel/include/gtsam/slam/BearingRangeFactor.h
Symlinking /home/nics/Drone/BambiplayGit-Fast-Drone-250-tuned_simulation/devel/include/gtsam/slam/JacobianFactorQR.h
Symlinking /home/nics/Drone/BambiplayGit-Fast-Drone-250-tuned_simulation/devel/include/gtsam/slam/JacobianFactorQ.h
Symlinking /home/nics/Drone/BambiplayGit-Fast-Drone-250-tuned_simulation/devel/include/gtsam/slam/RotateFactor.h
Symlinking /home/nics/Drone/BambiplayGit-Fast-Drone-250-tuned_simulation/devel/include/gtsam/slam/GeneralSFMFactor.h
Symlinking /home/nics/Drone/BambiplayGit-Fast-Drone-250-tuned_simulation/devel/include/gtsam/slam/SmartProjectionFactor.h
Symlinking /home/nics/Drone/BambiplayGit-Fast-Drone-250-tuned_simulation/devel/include/gtsam/slam/PriorFactor.h
Symlinking /home/nics/Drone/BambiplayGit-Fast-Drone-250-tuned_simulation/devel/include/gtsam/slam/RangeFactor.h
Symlinking /home/nics/Drone/BambiplayGit-Fast-Drone-250-tuned_simulation/devel/include/gtsam/slam/JacobianFactorSVD.h
Symlinking /home/nics/Drone/BambiplayGit-Fast-Drone-250-tuned_simulation/devel/include/gtsam/slam/RegularImplicitSchurFactor.h
Symlinking /home/nics/Drone/BambiplayGit-Fast-Drone-250-tuned_simulation/devel/include/gtsam/slam/expressions.h
Symlinking /home/nics/Drone/BambiplayGit-Fast-Drone-250-tuned_simulation/devel/include/gtsam/slam/BearingFactor.h
Symlinking /home/nics/Drone/BambiplayGit-Fast-Drone-250-tuned_simulation/devel/include/gtsam/slam/PoseTranslationPrior.h
Symlinking /home/nics/Drone/BambiplayGit-Fast-Drone-250-tuned_simulation/devel/include/wrap/matlab.h
Symlinking /home/nics/Drone/BambiplayGit-Fast-Drone-250-tuned_simulation/devel/include/gtsam_unstable/discrete/BinaryAllDiff.h
Symlinking /home/nics/Drone/BambiplayGit-Fast-Drone-250-tuned_simulation/devel/include/gtsam_unstable/discrete/Domain.h
Symlinking /home/nics/Drone/BambiplayGit-Fast-Drone-250-tuned_simulation/devel/include/gtsam_unstable/discrete/CSP.h
Symlinking /home/nics/Drone/BambiplayGit-Fast-Drone-250-tuned_simulation/devel/include/gtsam_unstable/discrete/Constraint.h
Symlinking /home/nics/Drone/BambiplayGit-Fast-Drone-250-tuned_simulation/devel/include/gtsam_unstable/discrete/AllDiff.h
Symlinking /home/nics/Drone/BambiplayGit-Fast-Drone-250-tuned_simulation/devel/include/gtsam_unstable/discrete/Scheduler.h
Symlinking /home/nics/Drone/BambiplayGit-Fast-Drone-250-tuned_simulation/devel/include/gtsam_unstable/discrete/SingleValue.h
Symlinking /home/nics/Drone/BambiplayGit-Fast-Drone-250-tuned_simulation/devel/include/gtsam_unstable/linear/LPInitSolver.h
Symlinking /home/nics/Drone/BambiplayGit-Fast-Drone-250-tuned_simulation/devel/include/gtsam_unstable/linear/LPSolver.h
Symlinking /home/nics/Drone/BambiplayGit-Fast-Drone-250-tuned_simulation/devel/include/gtsam_unstable/linear/LinearInequality.h
Symlinking /home/nics/Drone/BambiplayGit-Fast-Drone-250-tuned_simulation/devel/include/gtsam_unstable/linear/QPInitSolver.h
Symlinking /home/nics/Drone/BambiplayGit-Fast-Drone-250-tuned_simulation/devel/include/gtsam_unstable/linear/InfeasibleInitialValues.h
Symlinking /home/nics/Drone/BambiplayGit-Fast-Drone-250-tuned_simulation/devel/include/gtsam_unstable/linear/QPSolver.h
Symlinking /home/nics/Drone/BambiplayGit-Fast-Drone-250-tuned_simulation/devel/include/gtsam_unstable/linear/LinearCost.h
Symlinking /home/nics/Drone/BambiplayGit-Fast-Drone-250-tuned_simulation/devel/include/gtsam_unstable/linear/InfeasibleOrUnboundedProblem.h
Symlinking /home/nics/Drone/BambiplayGit-Fast-Drone-250-tuned_simulation/devel/include/gtsam_unstable/linear/EqualityFactorGraph.h
Symlinking /home/nics/Drone/BambiplayGit-Fast-Drone-250-tuned_simulation/devel/include/gtsam_unstable/linear/QP.h
Symlinking /home/nics/Drone/BambiplayGit-Fast-Drone-250-tuned_simulation/devel/include/gtsam_unstable/linear/ActiveSetSolver-inl.h
Symlinking /home/nics/Drone/BambiplayGit-Fast-Drone-250-tuned_simulation/devel/include/gtsam_unstable/linear/LP.h
Symlinking /home/nics/Drone/BambiplayGit-Fast-Drone-250-tuned_simulation/devel/include/gtsam_unstable/linear/LinearEquality.h
Symlinking /home/nics/Drone/BambiplayGit-Fast-Drone-250-tuned_simulation/devel/include/gtsam_unstable/linear/QPSParser.h
Symlinking /home/nics/Drone/BambiplayGit-Fast-Drone-250-tuned_simulation/devel/include/gtsam_unstable/linear/RawQP.h
Symlinking /home/nics/Drone/BambiplayGit-Fast-Drone-250-tuned_simulation/devel/include/gtsam_unstable/linear/ActiveSetSolver.h
Symlinking /home/nics/Drone/BambiplayGit-Fast-Drone-250-tuned_simulation/devel/include/gtsam_unstable/linear/InequalityFactorGraph.h
Symlinking /home/nics/Drone/BambiplayGit-Fast-Drone-250-tuned_simulation/devel/include/gtsam_unstable/linear/QPSParserException.h
Symlinking /home/nics/Drone/BambiplayGit-Fast-Drone-250-tuned_simulation/devel/include/gtsam_unstable/base/DSFMap.h
Symlinking /home/nics/Drone/BambiplayGit-Fast-Drone-250-tuned_simulation/devel/include/gtsam_unstable/base/BTree.h
Symlinking /home/nics/Drone/BambiplayGit-Fast-Drone-250-tuned_simulation/devel/include/gtsam_unstable/base/Dummy.h
Symlinking /home/nics/Drone/BambiplayGit-Fast-Drone-250-tuned_simulation/devel/include/gtsam_unstable/base/DSF.h
Symlinking /home/nics/Drone/BambiplayGit-Fast-Drone-250-tuned_simulation/devel/include/gtsam_unstable/base/dllexport.h
Symlinking /home/nics/Drone/BambiplayGit-Fast-Drone-250-tuned_simulation/devel/include/gtsam_unstable/base/FixedVector.h
Symlinking /home/nics/Drone/BambiplayGit-Fast-Drone-250-tuned_simulation/devel/include/gtsam_unstable/nonlinear/ConcurrentIncrementalSmoother.h
Symlinking /home/nics/Drone/BambiplayGit-Fast-Drone-250-tuned_simulation/devel/include/gtsam_unstable/nonlinear/IncrementalFixedLagSmoother.h
Symlinking /home/nics/Drone/BambiplayGit-Fast-Drone-250-tuned_simulation/devel/include/gtsam_unstable/nonlinear/ConcurrentFilteringAndSmoothing.h
Symlinking /home/nics/Drone/BambiplayGit-Fast-Drone-250-tuned_simulation/devel/include/gtsam_unstable/nonlinear/NonlinearClusterTree.h
Symlinking /home/nics/Drone/BambiplayGit-Fast-Drone-250-tuned_simulation/devel/include/gtsam_unstable/nonlinear/ConcurrentIncrementalFilter.h
Symlinking /home/nics/Drone/BambiplayGit-Fast-Drone-250-tuned_simulation/devel/include/gtsam_unstable/nonlinear/ConcurrentBatchFilter.h
Symlinking /home/nics/Drone/BambiplayGit-Fast-Drone-250-tuned_simulation/devel/include/gtsam_unstable/nonlinear/ConcurrentBatchSmoother.h
Symlinking /home/nics/Drone/BambiplayGit-Fast-Drone-250-tuned_simulation/devel/include/gtsam_unstable/nonlinear/LinearizedFactor.h
Symlinking /home/nics/Drone/BambiplayGit-Fast-Drone-250-tuned_simulation/devel/include/gtsam_unstable/nonlinear/BatchFixedLagSmoother.h
Symlinking /home/nics/Drone/BambiplayGit-Fast-Drone-250-tuned_simulation/devel/include/gtsam_unstable/nonlinear/FixedLagSmoother.h
Symlinking /home/nics/Drone/BambiplayGit-Fast-Drone-250-tuned_simulation/devel/include/gtsam_unstable/geometry/InvDepthCamera3.h
Symlinking /home/nics/Drone/BambiplayGit-Fast-Drone-250-tuned_simulation/devel/include/gtsam_unstable/geometry/SimPolygon2D.h
Symlinking /home/nics/Drone/BambiplayGit-Fast-Drone-250-tuned_simulation/devel/include/gtsam_unstable/geometry/Event.h
Symlinking /home/nics/Drone/BambiplayGit-Fast-Drone-250-tuned_simulation/devel/include/gtsam_unstable/geometry/SimWall2D.h
Symlinking /home/nics/Drone/BambiplayGit-Fast-Drone-250-tuned_simulation/devel/include/gtsam_unstable/geometry/BearingS2.h
Symlinking /home/nics/Drone/BambiplayGit-Fast-Drone-250-tuned_simulation/devel/include/gtsam_unstable/geometry/Pose3Upright.h
Symlinking /home/nics/Drone/BambiplayGit-Fast-Drone-250-tuned_simulation/devel/include/gtsam_unstable/geometry/Similarity3.h
Symlinking /home/nics/Drone/BambiplayGit-Fast-Drone-250-tuned_simulation/devel/include/gtsam_unstable/dynamics/Pendulum.h
Symlinking /home/nics/Drone/BambiplayGit-Fast-Drone-250-tuned_simulation/devel/include/gtsam_unstable/dynamics/PoseRTV.h
Symlinking /home/nics/Drone/BambiplayGit-Fast-Drone-250-tuned_simulation/devel/include/gtsam_unstable/dynamics/VelocityConstraint.h
Symlinking /home/nics/Drone/BambiplayGit-Fast-Drone-250-tuned_simulation/devel/include/gtsam_unstable/dynamics/DynamicsPriors.h
Symlinking /home/nics/Drone/BambiplayGit-Fast-Drone-250-tuned_simulation/devel/include/gtsam_unstable/dynamics/SimpleHelicopter.h
Symlinking /home/nics/Drone/BambiplayGit-Fast-Drone-250-tuned_simulation/devel/include/gtsam_unstable/dynamics/VelocityConstraint3.h
Symlinking /home/nics/Drone/BambiplayGit-Fast-Drone-250-tuned_simulation/devel/include/gtsam_unstable/dynamics/IMUFactor.h
Symlinking /home/nics/Drone/BambiplayGit-Fast-Drone-250-tuned_simulation/devel/include/gtsam_unstable/dynamics/FullIMUFactor.h
Symlinking /home/nics/Drone/BambiplayGit-Fast-Drone-250-tuned_simulation/devel/include/gtsam_unstable/slam/InvDepthFactorVariant3.h
Symlinking /home/nics/Drone/BambiplayGit-Fast-Drone-250-tuned_simulation/devel/include/gtsam_unstable/slam/DummyFactor.h
Symlinking /home/nics/Drone/BambiplayGit-Fast-Drone-250-tuned_simulation/devel/include/gtsam_unstable/slam/InvDepthFactor3.h
Symlinking /home/nics/Drone/BambiplayGit-Fast-Drone-250-tuned_simulation/devel/include/gtsam_unstable/slam/TransformBtwRobotsUnaryFactorEM.h
Symlinking /home/nics/Drone/BambiplayGit-Fast-Drone-250-tuned_simulation/devel/include/gtsam_unstable/slam/TSAMFactors.h
Symlinking /home/nics/Drone/BambiplayGit-Fast-Drone-250-tuned_simulation/devel/include/gtsam_unstable/slam/ProjectionFactorPPP.h
Symlinking /home/nics/Drone/BambiplayGit-Fast-Drone-250-tuned_simulation/devel/include/gtsam_unstable/slam/AHRS.h
Symlinking /home/nics/Drone/BambiplayGit-Fast-Drone-250-tuned_simulation/devel/include/gtsam_unstable/slam/InvDepthFactorVariant2.h
Symlinking /home/nics/Drone/BambiplayGit-Fast-Drone-250-tuned_simulation/devel/include/gtsam_unstable/slam/SmartStereoProjectionFactor.h
Symlinking /home/nics/Drone/BambiplayGit-Fast-Drone-250-tuned_simulation/devel/include/gtsam_unstable/slam/BetweenFactorEM.h
Symlinking /home/nics/Drone/BambiplayGit-Fast-Drone-250-tuned_simulation/devel/include/gtsam_unstable/slam/TransformBtwRobotsUnaryFactor.h
Symlinking /home/nics/Drone/BambiplayGit-Fast-Drone-250-tuned_simulation/devel/include/gtsam_unstable/slam/PartialPriorFactor.h
Symlinking /home/nics/Drone/BambiplayGit-Fast-Drone-250-tuned_simulation/devel/include/gtsam_unstable/slam/TOAFactor.h
Symlinking /home/nics/Drone/BambiplayGit-Fast-Drone-250-tuned_simulation/devel/include/gtsam_unstable/slam/MultiProjectionFactor.h
Symlinking /home/nics/Drone/BambiplayGit-Fast-Drone-250-tuned_simulation/devel/include/gtsam_unstable/slam/EquivInertialNavFactor_GlobalVel_NoBias.h
Symlinking /home/nics/Drone/BambiplayGit-Fast-Drone-250-tuned_simulation/devel/include/gtsam_unstable/slam/ProjectionFactorPPPC.h
Symlinking /home/nics/Drone/BambiplayGit-Fast-Drone-250-tuned_simulation/devel/include/gtsam_unstable/slam/Mechanization_bRn2.h
Symlinking /home/nics/Drone/BambiplayGit-Fast-Drone-250-tuned_simulation/devel/include/gtsam_unstable/slam/GaussMarkov1stOrderFactor.h
Symlinking /home/nics/Drone/BambiplayGit-Fast-Drone-250-tuned_simulation/devel/include/gtsam_unstable/slam/PoseBetweenFactor.h
Symlinking /home/nics/Drone/BambiplayGit-Fast-Drone-250-tuned_simulation/devel/include/gtsam_unstable/slam/PosePriorFactor.h
Symlinking /home/nics/Drone/BambiplayGit-Fast-Drone-250-tuned_simulation/devel/include/gtsam_unstable/slam/InertialNavFactor_GlobalVelocity.h
Symlinking /home/nics/Drone/BambiplayGit-Fast-Drone-250-tuned_simulation/devel/include/gtsam_unstable/slam/RelativeElevationFactor.h
Symlinking /home/nics/Drone/BambiplayGit-Fast-Drone-250-tuned_simulation/devel/include/gtsam_unstable/slam/BiasedGPSFactor.h
Symlinking /home/nics/Drone/BambiplayGit-Fast-Drone-250-tuned_simulation/devel/include/gtsam_unstable/slam/SmartStereoProjectionPoseFactor.h
Symlinking /home/nics/Drone/BambiplayGit-Fast-Drone-250-tuned_simulation/devel/include/gtsam_unstable/slam/EquivInertialNavFactor_GlobalVel.h
Symlinking /home/nics/Drone/BambiplayGit-Fast-Drone-250-tuned_simulation/devel/include/gtsam_unstable/slam/SmartRangeFactor.h
Symlinking /home/nics/Drone/BambiplayGit-Fast-Drone-250-tuned_simulation/devel/include/gtsam_unstable/slam/InvDepthFactorVariant1.h
Symlinking /home/nics/Drone/BambiplayGit-Fast-Drone-250-tuned_simulation/devel/bin/wrap
Symlinking /home/nics/Drone/BambiplayGit-Fast-Drone-250-tuned_simulation/devel/share/gtsam_catkin/cmake/gtsam_catkinConfig.cmake
Symlinking /home/nics/Drone/BambiplayGit-Fast-Drone-250-tuned_simulation/devel/share/gtsam_catkin/cmake/gtsam_catkinConfig-version.cmake
