Linked: (/home/nics/Drone/BambiplayGit-Fast-Drone-250-tuned_simulation/devel/.private/gtsam_catkin/lib/libgtsam.so.4.0.0, /home/nics/Drone/BambiplayGit-Fast-Drone-250-tuned_simulation/devel/lib/libgtsam.so.4.0.0)
Linked: (/home/nics/Drone/BambiplayGit-Fast-Drone-250-tuned_simulation/devel/.private/gtsam_catkin/lib/libgtsam.so, /home/nics/Drone/BambiplayGit-Fast-Drone-250-tuned_simulation/devel/lib/libgtsam.so)
Linked: (/home/nics/Drone/BambiplayGit-Fast-Drone-250-tuned_simulation/devel/.private/gtsam_catkin/lib/libgtsam_unstable.so.4.0.0, /home/nics/Drone/BambiplayGit-Fast-Drone-250-tuned_simulation/devel/lib/libgtsam_unstable.so.4.0.0)
Linked: (/home/nics/Drone/BambiplayGit-Fast-Drone-250-tuned_simulation/devel/.private/gtsam_catkin/lib/libgtsam.so.4, /home/nics/Drone/BambiplayGit-Fast-Drone-250-tuned_simulation/devel/lib/libgtsam.so.4)
Linked: (/home/nics/Drone/BambiplayGit-Fast-Drone-250-tuned_simulation/devel/.private/gtsam_catkin/lib/libgtsam_unstable.so.4, /home/nics/Drone/BambiplayGit-Fast-Drone-250-tuned_simulation/devel/lib/libgtsam_unstable.so.4)
Linked: (/home/nics/Drone/BambiplayGit-Fast-Drone-250-tuned_simulation/devel/.private/gtsam_catkin/lib/libCppUnitLite.a, /home/nics/Drone/BambiplayGit-Fast-Drone-250-tuned_simulation/devel/lib/libCppUnitLite.a)
Linked: (/home/nics/Drone/BambiplayGit-Fast-Drone-250-tuned_simulation/devel/.private/gtsam_catkin/lib/libgtsam_unstable.so, /home/nics/Drone/BambiplayGit-Fast-Drone-250-tuned_simulation/devel/lib/libgtsam_unstable.so)
Linked: (/home/nics/Drone/BambiplayGit-Fast-Drone-250-tuned_simulation/devel/.private/gtsam_catkin/lib/cmake/GTSAMCMakeTools/GtsamTesting.cmake, /home/nics/Drone/BambiplayGit-Fast-Drone-250-tuned_simulation/devel/lib/cmake/GTSAMCMakeTools/GtsamTesting.cmake)
Linked: (/home/nics/Drone/BambiplayGit-Fast-Drone-250-tuned_simulation/devel/.private/gtsam_catkin/lib/cmake/GTSAMCMakeTools/GtsamMatlabWrap.cmake, /home/nics/Drone/BambiplayGit-Fast-Drone-250-tuned_simulation/devel/lib/cmake/GTSAMCMakeTools/GtsamMatlabWrap.cmake)
Linked: (/home/nics/Drone/BambiplayGit-Fast-Drone-250-tuned_simulation/devel/.private/gtsam_catkin/lib/cmake/GTSAMCMakeTools/dllexport.h.in, /home/nics/Drone/BambiplayGit-Fast-Drone-250-tuned_simulation/devel/lib/cmake/GTSAMCMakeTools/dllexport.h.in)
Linked: (/home/nics/Drone/BambiplayGit-Fast-Drone-250-tuned_simulation/devel/.private/gtsam_catkin/lib/cmake/GTSAMCMakeTools/GtsamMakeConfigFile.cmake, /home/nics/Drone/BambiplayGit-Fast-Drone-250-tuned_simulation/devel/lib/cmake/GTSAMCMakeTools/GtsamMakeConfigFile.cmake)
Linked: (/home/nics/Drone/BambiplayGit-Fast-Drone-250-tuned_simulation/devel/.private/gtsam_catkin/lib/cmake/GTSAMCMakeTools/GtsamPythonWrap.cmake, /home/nics/Drone/BambiplayGit-Fast-Drone-250-tuned_simulation/devel/lib/cmake/GTSAMCMakeTools/GtsamPythonWrap.cmake)
Linked: (/home/nics/Drone/BambiplayGit-Fast-Drone-250-tuned_simulation/devel/.private/gtsam_catkin/lib/cmake/GTSAMCMakeTools/GtsamBuildTypes.cmake, /home/nics/Drone/BambiplayGit-Fast-Drone-250-tuned_simulation/devel/lib/cmake/GTSAMCMakeTools/GtsamBuildTypes.cmake)
Linked: (/home/nics/Drone/BambiplayGit-Fast-Drone-250-tuned_simulation/devel/.private/gtsam_catkin/lib/cmake/GTSAMCMakeTools/Config.cmake.in, /home/nics/Drone/BambiplayGit-Fast-Drone-250-tuned_simulation/devel/lib/cmake/GTSAMCMakeTools/Config.cmake.in)
Linked: (/home/nics/Drone/BambiplayGit-Fast-Drone-250-tuned_simulation/devel/.private/gtsam_catkin/lib/cmake/GTSAMCMakeTools/README.html, /home/nics/Drone/BambiplayGit-Fast-Drone-250-tuned_simulation/devel/lib/cmake/GTSAMCMakeTools/README.html)
Linked: (/home/nics/Drone/BambiplayGit-Fast-Drone-250-tuned_simulation/devel/.private/gtsam_catkin/lib/cmake/GTSAMCMakeTools/GTSAMCMakeToolsConfig.cmake, /home/nics/Drone/BambiplayGit-Fast-Drone-250-tuned_simulation/devel/lib/cmake/GTSAMCMakeTools/GTSAMCMakeToolsConfig.cmake)
Linked: (/home/nics/Drone/BambiplayGit-Fast-Drone-250-tuned_simulation/devel/.private/gtsam_catkin/lib/cmake/GTSAM/GTSAMConfig.cmake, /home/nics/Drone/BambiplayGit-Fast-Drone-250-tuned_simulation/devel/lib/cmake/GTSAM/GTSAMConfig.cmake)
Linked: (/home/nics/Drone/BambiplayGit-Fast-Drone-250-tuned_simulation/devel/.private/gtsam_catkin/lib/cmake/GTSAM/GTSAM-exports.cmake, /home/nics/Drone/BambiplayGit-Fast-Drone-250-tuned_simulation/devel/lib/cmake/GTSAM/GTSAM-exports.cmake)
Linked: (/home/nics/Drone/BambiplayGit-Fast-Drone-250-tuned_simulation/devel/.private/gtsam_catkin/lib/cmake/GTSAM/GTSAM-exports-release.cmake, /home/nics/Drone/BambiplayGit-Fast-Drone-250-tuned_simulation/devel/lib/cmake/GTSAM/GTSAM-exports-release.cmake)
Linked: (/home/nics/Drone/BambiplayGit-Fast-Drone-250-tuned_simulation/devel/.private/gtsam_catkin/lib/cmake/GTSAM/gtsam_extra.cmake, /home/nics/Drone/BambiplayGit-Fast-Drone-250-tuned_simulation/devel/lib/cmake/GTSAM/gtsam_extra.cmake)
Linked: (/home/nics/Drone/BambiplayGit-Fast-Drone-250-tuned_simulation/devel/.private/gtsam_catkin/lib/pkgconfig/gtsam_catkin.pc, /home/nics/Drone/BambiplayGit-Fast-Drone-250-tuned_simulation/devel/lib/pkgconfig/gtsam_catkin.pc)
Linked: (/home/nics/Drone/BambiplayGit-Fast-Drone-250-tuned_simulation/devel/.private/gtsam_catkin/include/CppUnitLite/Test.h, /home/nics/Drone/BambiplayGit-Fast-Drone-250-tuned_simulation/devel/include/CppUnitLite/Test.h)
Linked: (/home/nics/Drone/BambiplayGit-Fast-Drone-250-tuned_simulation/devel/.private/gtsam_catkin/include/CppUnitLite/TestResult.h, /home/nics/Drone/BambiplayGit-Fast-Drone-250-tuned_simulation/devel/include/CppUnitLite/TestResult.h)
Linked: (/home/nics/Drone/BambiplayGit-Fast-Drone-250-tuned_simulation/devel/.private/gtsam_catkin/include/CppUnitLite/TestRegistry.h, /home/nics/Drone/BambiplayGit-Fast-Drone-250-tuned_simulation/devel/include/CppUnitLite/TestRegistry.h)
Linked: (/home/nics/Drone/BambiplayGit-Fast-Drone-250-tuned_simulation/devel/.private/gtsam_catkin/include/CppUnitLite/TestHarness.h, /home/nics/Drone/BambiplayGit-Fast-Drone-250-tuned_simulation/devel/include/CppUnitLite/TestHarness.h)
Linked: (/home/nics/Drone/BambiplayGit-Fast-Drone-250-tuned_simulation/devel/.private/gtsam_catkin/include/CppUnitLite/Failure.h, /home/nics/Drone/BambiplayGit-Fast-Drone-250-tuned_simulation/devel/include/CppUnitLite/Failure.h)
Linked: (/home/nics/Drone/BambiplayGit-Fast-Drone-250-tuned_simulation/devel/.private/gtsam_catkin/include/gtsam/config.h, /home/nics/Drone/BambiplayGit-Fast-Drone-250-tuned_simulation/devel/include/gtsam/config.h)
Linked: (/home/nics/Drone/BambiplayGit-Fast-Drone-250-tuned_simulation/devel/.private/gtsam_catkin/include/gtsam/global_includes.h, /home/nics/Drone/BambiplayGit-Fast-Drone-250-tuned_simulation/devel/include/gtsam/global_includes.h)
Linked: (/home/nics/Drone/BambiplayGit-Fast-Drone-250-tuned_simulation/devel/.private/gtsam_catkin/include/gtsam/dllexport.h, /home/nics/Drone/BambiplayGit-Fast-Drone-250-tuned_simulation/devel/include/gtsam/dllexport.h)
Linked: (/home/nics/Drone/BambiplayGit-Fast-Drone-250-tuned_simulation/devel/.private/gtsam_catkin/include/gtsam/navigation/ManifoldPreintegration.h, /home/nics/Drone/BambiplayGit-Fast-Drone-250-tuned_simulation/devel/include/gtsam/navigation/ManifoldPreintegration.h)
Linked: (/home/nics/Drone/BambiplayGit-Fast-Drone-250-tuned_simulation/devel/.private/gtsam_catkin/include/gtsam/navigation/MagFactor.h, /home/nics/Drone/BambiplayGit-Fast-Drone-250-tuned_simulation/devel/include/gtsam/navigation/MagFactor.h)
Linked: (/home/nics/Drone/BambiplayGit-Fast-Drone-250-tuned_simulation/devel/.private/gtsam_catkin/include/gtsam/navigation/Scenario.h, /home/nics/Drone/BambiplayGit-Fast-Drone-250-tuned_simulation/devel/include/gtsam/navigation/Scenario.h)
Linked: (/home/nics/Drone/BambiplayGit-Fast-Drone-250-tuned_simulation/devel/.private/gtsam_catkin/include/gtsam/navigation/GPSFactor.h, /home/nics/Drone/BambiplayGit-Fast-Drone-250-tuned_simulation/devel/include/gtsam/navigation/GPSFactor.h)
Linked: (/home/nics/Drone/BambiplayGit-Fast-Drone-250-tuned_simulation/devel/.private/gtsam_catkin/include/gtsam/navigation/ImuBias.h, /home/nics/Drone/BambiplayGit-Fast-Drone-250-tuned_simulation/devel/include/gtsam/navigation/ImuBias.h)
Linked: (/home/nics/Drone/BambiplayGit-Fast-Drone-250-tuned_simulation/devel/.private/gtsam_catkin/include/gtsam/navigation/ImuFactor.h, /home/nics/Drone/BambiplayGit-Fast-Drone-250-tuned_simulation/devel/include/gtsam/navigation/ImuFactor.h)
Linked: (/home/nics/Drone/BambiplayGit-Fast-Drone-250-tuned_simulation/devel/.private/gtsam_catkin/include/gtsam/navigation/PreintegrationBase.h, /home/nics/Drone/BambiplayGit-Fast-Drone-250-tuned_simulation/devel/include/gtsam/navigation/PreintegrationBase.h)
Linked: (/home/nics/Drone/BambiplayGit-Fast-Drone-250-tuned_simulation/devel/.private/gtsam_catkin/include/gtsam/navigation/AttitudeFactor.h, /home/nics/Drone/BambiplayGit-Fast-Drone-250-tuned_simulation/devel/include/gtsam/navigation/AttitudeFactor.h)
Linked: (/home/nics/Drone/BambiplayGit-Fast-Drone-250-tuned_simulation/devel/.private/gtsam_catkin/include/gtsam/navigation/NavState.h, /home/nics/Drone/BambiplayGit-Fast-Drone-250-tuned_simulation/devel/include/gtsam/navigation/NavState.h)
Linked: (/home/nics/Drone/BambiplayGit-Fast-Drone-250-tuned_simulation/devel/.private/gtsam_catkin/include/gtsam/navigation/PreintegratedRotation.h, /home/nics/Drone/BambiplayGit-Fast-Drone-250-tuned_simulation/devel/include/gtsam/navigation/PreintegratedRotation.h)
Linked: (/home/nics/Drone/BambiplayGit-Fast-Drone-250-tuned_simulation/devel/.private/gtsam_catkin/include/gtsam/navigation/ScenarioRunner.h, /home/nics/Drone/BambiplayGit-Fast-Drone-250-tuned_simulation/devel/include/gtsam/navigation/ScenarioRunner.h)
Linked: (/home/nics/Drone/BambiplayGit-Fast-Drone-250-tuned_simulation/devel/.private/gtsam_catkin/include/gtsam/navigation/PreintegrationParams.h, /home/nics/Drone/BambiplayGit-Fast-Drone-250-tuned_simulation/devel/include/gtsam/navigation/PreintegrationParams.h)
Linked: (/home/nics/Drone/BambiplayGit-Fast-Drone-250-tuned_simulation/devel/.private/gtsam_catkin/include/gtsam/navigation/AHRSFactor.h, /home/nics/Drone/BambiplayGit-Fast-Drone-250-tuned_simulation/devel/include/gtsam/navigation/AHRSFactor.h)
Linked: (/home/nics/Drone/BambiplayGit-Fast-Drone-250-tuned_simulation/devel/.private/gtsam_catkin/include/gtsam/navigation/TangentPreintegration.h, /home/nics/Drone/BambiplayGit-Fast-Drone-250-tuned_simulation/devel/include/gtsam/navigation/TangentPreintegration.h)
Linked: (/home/nics/Drone/BambiplayGit-Fast-Drone-250-tuned_simulation/devel/.private/gtsam_catkin/include/gtsam/navigation/CombinedImuFactor.h, /home/nics/Drone/BambiplayGit-Fast-Drone-250-tuned_simulation/devel/include/gtsam/navigation/CombinedImuFactor.h)
Linked: (/home/nics/Drone/BambiplayGit-Fast-Drone-250-tuned_simulation/devel/.private/gtsam_catkin/include/gtsam/discrete/DiscreteBayesNet.h, /home/nics/Drone/BambiplayGit-Fast-Drone-250-tuned_simulation/devel/include/gtsam/discrete/DiscreteBayesNet.h)
Linked: (/home/nics/Drone/BambiplayGit-Fast-Drone-250-tuned_simulation/devel/.private/gtsam_catkin/include/gtsam/discrete/DecisionTreeFactor.h, /home/nics/Drone/BambiplayGit-Fast-Drone-250-tuned_simulation/devel/include/gtsam/discrete/DecisionTreeFactor.h)
Linked: (/home/nics/Drone/BambiplayGit-Fast-Drone-250-tuned_simulation/devel/.private/gtsam_catkin/include/gtsam/discrete/DiscreteMarginals.h, /home/nics/Drone/BambiplayGit-Fast-Drone-250-tuned_simulation/devel/include/gtsam/discrete/DiscreteMarginals.h)
Linked: (/home/nics/Drone/BambiplayGit-Fast-Drone-250-tuned_simulation/devel/.private/gtsam_catkin/include/gtsam/discrete/DiscreteJunctionTree.h, /home/nics/Drone/BambiplayGit-Fast-Drone-250-tuned_simulation/devel/include/gtsam/discrete/DiscreteJunctionTree.h)
Linked: (/home/nics/Drone/BambiplayGit-Fast-Drone-250-tuned_simulation/devel/.private/gtsam_catkin/include/gtsam/discrete/Assignment.h, /home/nics/Drone/BambiplayGit-Fast-Drone-250-tuned_simulation/devel/include/gtsam/discrete/Assignment.h)
Linked: (/home/nics/Drone/BambiplayGit-Fast-Drone-250-tuned_simulation/devel/.private/gtsam_catkin/include/gtsam/discrete/DiscreteBayesTree.h, /home/nics/Drone/BambiplayGit-Fast-Drone-250-tuned_simulation/devel/include/gtsam/discrete/DiscreteBayesTree.h)
Linked: (/home/nics/Drone/BambiplayGit-Fast-Drone-250-tuned_simulation/devel/.private/gtsam_catkin/include/gtsam/discrete/DecisionTree.h, /home/nics/Drone/BambiplayGit-Fast-Drone-250-tuned_simulation/devel/include/gtsam/discrete/DecisionTree.h)
Linked: (/home/nics/Drone/BambiplayGit-Fast-Drone-250-tuned_simulation/devel/.private/gtsam_catkin/include/gtsam/discrete/Signature.h, /home/nics/Drone/BambiplayGit-Fast-Drone-250-tuned_simulation/devel/include/gtsam/discrete/Signature.h)
Linked: (/home/nics/Drone/BambiplayGit-Fast-Drone-250-tuned_simulation/devel/.private/gtsam_catkin/include/gtsam/discrete/DiscreteFactor.h, /home/nics/Drone/BambiplayGit-Fast-Drone-250-tuned_simulation/devel/include/gtsam/discrete/DiscreteFactor.h)
Linked: (/home/nics/Drone/BambiplayGit-Fast-Drone-250-tuned_simulation/devel/.private/gtsam_catkin/include/gtsam/discrete/Potentials.h, /home/nics/Drone/BambiplayGit-Fast-Drone-250-tuned_simulation/devel/include/gtsam/discrete/Potentials.h)
Linked: (/home/nics/Drone/BambiplayGit-Fast-Drone-250-tuned_simulation/devel/.private/gtsam_catkin/include/gtsam/discrete/DiscreteConditional.h, /home/nics/Drone/BambiplayGit-Fast-Drone-250-tuned_simulation/devel/include/gtsam/discrete/DiscreteConditional.h)
Linked: (/home/nics/Drone/BambiplayGit-Fast-Drone-250-tuned_simulation/devel/.private/gtsam_catkin/include/gtsam/discrete/DiscreteKey.h, /home/nics/Drone/BambiplayGit-Fast-Drone-250-tuned_simulation/devel/include/gtsam/discrete/DiscreteKey.h)
Linked: (/home/nics/Drone/BambiplayGit-Fast-Drone-250-tuned_simulation/devel/.private/gtsam_catkin/include/gtsam/discrete/AlgebraicDecisionTree.h, /home/nics/Drone/BambiplayGit-Fast-Drone-250-tuned_simulation/devel/include/gtsam/discrete/AlgebraicDecisionTree.h)
Linked: (/home/nics/Drone/BambiplayGit-Fast-Drone-250-tuned_simulation/devel/.private/gtsam_catkin/include/gtsam/discrete/DecisionTree-inl.h, /home/nics/Drone/BambiplayGit-Fast-Drone-250-tuned_simulation/devel/include/gtsam/discrete/DecisionTree-inl.h)
Linked: (/home/nics/Drone/BambiplayGit-Fast-Drone-250-tuned_simulation/devel/.private/gtsam_catkin/include/gtsam/discrete/DiscreteFactorGraph.h, /home/nics/Drone/BambiplayGit-Fast-Drone-250-tuned_simulation/devel/include/gtsam/discrete/DiscreteFactorGraph.h)
Linked: (/home/nics/Drone/BambiplayGit-Fast-Drone-250-tuned_simulation/devel/.private/gtsam_catkin/include/gtsam/discrete/DiscreteEliminationTree.h, /home/nics/Drone/BambiplayGit-Fast-Drone-250-tuned_simulation/devel/include/gtsam/discrete/DiscreteEliminationTree.h)
Linked: (/home/nics/Drone/BambiplayGit-Fast-Drone-250-tuned_simulation/devel/.private/gtsam_catkin/include/gtsam/linear/SubgraphSolver.h, /home/nics/Drone/BambiplayGit-Fast-Drone-250-tuned_simulation/devel/include/gtsam/linear/SubgraphSolver.h)
Linked: (/home/nics/Drone/BambiplayGit-Fast-Drone-250-tuned_simulation/devel/.private/gtsam_catkin/include/gtsam/linear/linearExceptions.h, /home/nics/Drone/BambiplayGit-Fast-Drone-250-tuned_simulation/devel/include/gtsam/linear/linearExceptions.h)
Linked: (/home/nics/Drone/BambiplayGit-Fast-Drone-250-tuned_simulation/devel/.private/gtsam_catkin/include/gtsam/linear/JacobianFactor-inl.h, /home/nics/Drone/BambiplayGit-Fast-Drone-250-tuned_simulation/devel/include/gtsam/linear/JacobianFactor-inl.h)
Linked: (/home/nics/Drone/BambiplayGit-Fast-Drone-250-tuned_simulation/devel/.private/gtsam_catkin/include/gtsam/linear/Sampler.h, /home/nics/Drone/BambiplayGit-Fast-Drone-250-tuned_simulation/devel/include/gtsam/linear/Sampler.h)
Linked: (/home/nics/Drone/BambiplayGit-Fast-Drone-250-tuned_simulation/devel/.private/gtsam_catkin/include/gtsam/linear/JacobianFactor.h, /home/nics/Drone/BambiplayGit-Fast-Drone-250-tuned_simulation/devel/include/gtsam/linear/JacobianFactor.h)
Linked: (/home/nics/Drone/BambiplayGit-Fast-Drone-250-tuned_simulation/devel/.private/gtsam_catkin/include/gtsam/linear/GaussianBayesNet.h, /home/nics/Drone/BambiplayGit-Fast-Drone-250-tuned_simulation/devel/include/gtsam/linear/GaussianBayesNet.h)
Linked: (/home/nics/Drone/BambiplayGit-Fast-Drone-250-tuned_simulation/devel/.private/gtsam_catkin/include/gtsam/linear/VectorValues.h, /home/nics/Drone/BambiplayGit-Fast-Drone-250-tuned_simulation/devel/include/gtsam/linear/VectorValues.h)
Linked: (/home/nics/Drone/BambiplayGit-Fast-Drone-250-tuned_simulation/devel/.private/gtsam_catkin/include/gtsam/linear/PCGSolver.h, /home/nics/Drone/BambiplayGit-Fast-Drone-250-tuned_simulation/devel/include/gtsam/linear/PCGSolver.h)
Linked: (/home/nics/Drone/BambiplayGit-Fast-Drone-250-tuned_simulation/devel/.private/gtsam_catkin/include/gtsam/linear/GaussianFactorGraph.h, /home/nics/Drone/BambiplayGit-Fast-Drone-250-tuned_simulation/devel/include/gtsam/linear/GaussianFactorGraph.h)
Linked: (/home/nics/Drone/BambiplayGit-Fast-Drone-250-tuned_simulation/devel/.private/gtsam_catkin/include/gtsam/linear/HessianFactor-inl.h, /home/nics/Drone/BambiplayGit-Fast-Drone-250-tuned_simulation/devel/include/gtsam/linear/HessianFactor-inl.h)
Linked: (/home/nics/Drone/BambiplayGit-Fast-Drone-250-tuned_simulation/devel/.private/gtsam_catkin/include/gtsam/linear/iterative-inl.h, /home/nics/Drone/BambiplayGit-Fast-Drone-250-tuned_simulation/devel/include/gtsam/linear/iterative-inl.h)
Linked: (/home/nics/Drone/BambiplayGit-Fast-Drone-250-tuned_simulation/devel/.private/gtsam_catkin/include/gtsam/linear/GaussianBayesTree-inl.h, /home/nics/Drone/BambiplayGit-Fast-Drone-250-tuned_simulation/devel/include/gtsam/linear/GaussianBayesTree-inl.h)
Linked: (/home/nics/Drone/BambiplayGit-Fast-Drone-250-tuned_simulation/devel/.private/gtsam_catkin/include/gtsam/linear/GaussianDensity.h, /home/nics/Drone/BambiplayGit-Fast-Drone-250-tuned_simulation/devel/include/gtsam/linear/GaussianDensity.h)
Linked: (/home/nics/Drone/BambiplayGit-Fast-Drone-250-tuned_simulation/devel/.private/gtsam_catkin/include/gtsam/linear/GaussianJunctionTree.h, /home/nics/Drone/BambiplayGit-Fast-Drone-250-tuned_simulation/devel/include/gtsam/linear/GaussianJunctionTree.h)
Linked: (/home/nics/Drone/BambiplayGit-Fast-Drone-250-tuned_simulation/devel/.private/gtsam_catkin/include/gtsam/linear/linearAlgorithms-inst.h, /home/nics/Drone/BambiplayGit-Fast-Drone-250-tuned_simulation/devel/include/gtsam/linear/linearAlgorithms-inst.h)
Linked: (/home/nics/Drone/BambiplayGit-Fast-Drone-250-tuned_simulation/devel/.private/gtsam_catkin/include/gtsam/linear/GaussianConditional.h, /home/nics/Drone/BambiplayGit-Fast-Drone-250-tuned_simulation/devel/include/gtsam/linear/GaussianConditional.h)
Linked: (/home/nics/Drone/BambiplayGit-Fast-Drone-250-tuned_simulation/devel/.private/gtsam_catkin/include/gtsam/linear/GaussianEliminationTree.h, /home/nics/Drone/BambiplayGit-Fast-Drone-250-tuned_simulation/devel/include/gtsam/linear/GaussianEliminationTree.h)
Linked: (/home/nics/Drone/BambiplayGit-Fast-Drone-250-tuned_simulation/devel/.private/gtsam_catkin/include/gtsam/linear/BinaryJacobianFactor.h, /home/nics/Drone/BambiplayGit-Fast-Drone-250-tuned_simulation/devel/include/gtsam/linear/BinaryJacobianFactor.h)
Linked: (/home/nics/Drone/BambiplayGit-Fast-Drone-250-tuned_simulation/devel/.private/gtsam_catkin/include/gtsam/linear/NoiseModel.h, /home/nics/Drone/BambiplayGit-Fast-Drone-250-tuned_simulation/devel/include/gtsam/linear/NoiseModel.h)
Linked: (/home/nics/Drone/BambiplayGit-Fast-Drone-250-tuned_simulation/devel/.private/gtsam_catkin/include/gtsam/linear/IterativeSolver.h, /home/nics/Drone/BambiplayGit-Fast-Drone-250-tuned_simulation/devel/include/gtsam/linear/IterativeSolver.h)
Linked: (/home/nics/Drone/BambiplayGit-Fast-Drone-250-tuned_simulation/devel/.private/gtsam_catkin/include/gtsam/linear/RegularHessianFactor.h, /home/nics/Drone/BambiplayGit-Fast-Drone-250-tuned_simulation/devel/include/gtsam/linear/RegularHessianFactor.h)
Linked: (/home/nics/Drone/BambiplayGit-Fast-Drone-250-tuned_simulation/devel/.private/gtsam_catkin/include/gtsam/linear/RegularJacobianFactor.h, /home/nics/Drone/BambiplayGit-Fast-Drone-250-tuned_simulation/devel/include/gtsam/linear/RegularJacobianFactor.h)
Linked: (/home/nics/Drone/BambiplayGit-Fast-Drone-250-tuned_simulation/devel/.private/gtsam_catkin/include/gtsam/linear/GaussianISAM.h, /home/nics/Drone/BambiplayGit-Fast-Drone-250-tuned_simulation/devel/include/gtsam/linear/GaussianISAM.h)
Linked: (/home/nics/Drone/BambiplayGit-Fast-Drone-250-tuned_simulation/devel/.private/gtsam_catkin/include/gtsam/linear/Scatter.h, /home/nics/Drone/BambiplayGit-Fast-Drone-250-tuned_simulation/devel/include/gtsam/linear/Scatter.h)
Linked: (/home/nics/Drone/BambiplayGit-Fast-Drone-250-tuned_simulation/devel/.private/gtsam_catkin/include/gtsam/linear/KalmanFilter.h, /home/nics/Drone/BambiplayGit-Fast-Drone-250-tuned_simulation/devel/include/gtsam/linear/KalmanFilter.h)
Linked: (/home/nics/Drone/BambiplayGit-Fast-Drone-250-tuned_simulation/devel/.private/gtsam_catkin/include/gtsam/linear/GaussianBayesTree.h, /home/nics/Drone/BambiplayGit-Fast-Drone-250-tuned_simulation/devel/include/gtsam/linear/GaussianBayesTree.h)
Linked: (/home/nics/Drone/BambiplayGit-Fast-Drone-250-tuned_simulation/devel/.private/gtsam_catkin/include/gtsam/linear/iterative.h, /home/nics/Drone/BambiplayGit-Fast-Drone-250-tuned_simulation/devel/include/gtsam/linear/iterative.h)
Linked: (/home/nics/Drone/BambiplayGit-Fast-Drone-250-tuned_simulation/devel/.private/gtsam_catkin/include/gtsam/linear/ConjugateGradientSolver.h, /home/nics/Drone/BambiplayGit-Fast-Drone-250-tuned_simulation/devel/include/gtsam/linear/ConjugateGradientSolver.h)
Linked: (/home/nics/Drone/BambiplayGit-Fast-Drone-250-tuned_simulation/devel/.private/gtsam_catkin/include/gtsam/linear/Preconditioner.h, /home/nics/Drone/BambiplayGit-Fast-Drone-250-tuned_simulation/devel/include/gtsam/linear/Preconditioner.h)
Linked: (/home/nics/Drone/BambiplayGit-Fast-Drone-250-tuned_simulation/devel/.private/gtsam_catkin/include/gtsam/linear/GaussianFactor.h, /home/nics/Drone/BambiplayGit-Fast-Drone-250-tuned_simulation/devel/include/gtsam/linear/GaussianFactor.h)
Linked: (/home/nics/Drone/BambiplayGit-Fast-Drone-250-tuned_simulation/devel/.private/gtsam_catkin/include/gtsam/linear/Errors.h, /home/nics/Drone/BambiplayGit-Fast-Drone-250-tuned_simulation/devel/include/gtsam/linear/Errors.h)
Linked: (/home/nics/Drone/BambiplayGit-Fast-Drone-250-tuned_simulation/devel/.private/gtsam_catkin/include/gtsam/linear/SubgraphPreconditioner.h, /home/nics/Drone/BambiplayGit-Fast-Drone-250-tuned_simulation/devel/include/gtsam/linear/SubgraphPreconditioner.h)
Linked: (/home/nics/Drone/BambiplayGit-Fast-Drone-250-tuned_simulation/devel/.private/gtsam_catkin/include/gtsam/linear/GaussianConditional-inl.h, /home/nics/Drone/BambiplayGit-Fast-Drone-250-tuned_simulation/devel/include/gtsam/linear/GaussianConditional-inl.h)
Linked: (/home/nics/Drone/BambiplayGit-Fast-Drone-250-tuned_simulation/devel/.private/gtsam_catkin/include/gtsam/linear/HessianFactor.h, /home/nics/Drone/BambiplayGit-Fast-Drone-250-tuned_simulation/devel/include/gtsam/linear/HessianFactor.h)
Linked: (/home/nics/Drone/BambiplayGit-Fast-Drone-250-tuned_simulation/devel/.private/gtsam_catkin/include/gtsam/3rdparty/ceres/macros.h, /home/nics/Drone/BambiplayGit-Fast-Drone-250-tuned_simulation/devel/include/gtsam/3rdparty/ceres/macros.h)
Linked: (/home/nics/Drone/BambiplayGit-Fast-Drone-250-tuned_simulation/devel/.private/gtsam_catkin/include/gtsam/3rdparty/ceres/jet.h, /home/nics/Drone/BambiplayGit-Fast-Drone-250-tuned_simulation/devel/include/gtsam/3rdparty/ceres/jet.h)
Linked: (/home/nics/Drone/BambiplayGit-Fast-Drone-250-tuned_simulation/devel/.private/gtsam_catkin/include/gtsam/3rdparty/ceres/autodiff.h, /home/nics/Drone/BambiplayGit-Fast-Drone-250-tuned_simulation/devel/include/gtsam/3rdparty/ceres/autodiff.h)
Linked: (/home/nics/Drone/BambiplayGit-Fast-Drone-250-tuned_simulation/devel/.private/gtsam_catkin/include/gtsam/3rdparty/ceres/example.h, /home/nics/Drone/BambiplayGit-Fast-Drone-250-tuned_simulation/devel/include/gtsam/3rdparty/ceres/example.h)
Linked: (/home/nics/Drone/BambiplayGit-Fast-Drone-250-tuned_simulation/devel/.private/gtsam_catkin/include/gtsam/3rdparty/ceres/fpclassify.h, /home/nics/Drone/BambiplayGit-Fast-Drone-250-tuned_simulation/devel/include/gtsam/3rdparty/ceres/fpclassify.h)
Linked: (/home/nics/Drone/BambiplayGit-Fast-Drone-250-tuned_simulation/devel/.private/gtsam_catkin/include/gtsam/3rdparty/ceres/rotation.h, /home/nics/Drone/BambiplayGit-Fast-Drone-250-tuned_simulation/devel/include/gtsam/3rdparty/ceres/rotation.h)
Linked: (/home/nics/Drone/BambiplayGit-Fast-Drone-250-tuned_simulation/devel/.private/gtsam_catkin/include/gtsam/3rdparty/ceres/variadic_evaluate.h, /home/nics/Drone/BambiplayGit-Fast-Drone-250-tuned_simulation/devel/include/gtsam/3rdparty/ceres/variadic_evaluate.h)
Linked: (/home/nics/Drone/BambiplayGit-Fast-Drone-250-tuned_simulation/devel/.private/gtsam_catkin/include/gtsam/3rdparty/ceres/eigen.h, /home/nics/Drone/BambiplayGit-Fast-Drone-250-tuned_simulation/devel/include/gtsam/3rdparty/ceres/eigen.h)
Linked: (/home/nics/Drone/BambiplayGit-Fast-Drone-250-tuned_simulation/devel/.private/gtsam_catkin/include/gtsam/3rdparty/ceres/fixed_array.h, /home/nics/Drone/BambiplayGit-Fast-Drone-250-tuned_simulation/devel/include/gtsam/3rdparty/ceres/fixed_array.h)
Linked: (/home/nics/Drone/BambiplayGit-Fast-Drone-250-tuned_simulation/devel/.private/gtsam_catkin/include/gtsam/3rdparty/ceres/manual_constructor.h, /home/nics/Drone/BambiplayGit-Fast-Drone-250-tuned_simulation/devel/include/gtsam/3rdparty/ceres/manual_constructor.h)
Linked: (/home/nics/Drone/BambiplayGit-Fast-Drone-250-tuned_simulation/devel/.private/gtsam_catkin/include/gtsam/3rdparty/SuiteSparse_config/SuiteSparse_config.h, /home/nics/Drone/BambiplayGit-Fast-Drone-250-tuned_simulation/devel/include/gtsam/3rdparty/SuiteSparse_config/SuiteSparse_config.h)
Linked: (/home/nics/Drone/BambiplayGit-Fast-Drone-250-tuned_simulation/devel/.private/gtsam_catkin/include/gtsam/3rdparty/CCOLAMD/ccolamd.h, /home/nics/Drone/BambiplayGit-Fast-Drone-250-tuned_simulation/devel/include/gtsam/3rdparty/CCOLAMD/ccolamd.h)
Linked: (/home/nics/Drone/BambiplayGit-Fast-Drone-250-tuned_simulation/devel/.private/gtsam_catkin/include/gtsam/base/DerivedValue.h, /home/nics/Drone/BambiplayGit-Fast-Drone-250-tuned_simulation/devel/include/gtsam/base/DerivedValue.h)
Linked: (/home/nics/Drone/BambiplayGit-Fast-Drone-250-tuned_simulation/devel/.private/gtsam_catkin/include/gtsam/base/FastMap.h, /home/nics/Drone/BambiplayGit-Fast-Drone-250-tuned_simulation/devel/include/gtsam/base/FastMap.h)
Linked: (/home/nics/Drone/BambiplayGit-Fast-Drone-250-tuned_simulation/devel/.private/gtsam_catkin/include/gtsam/base/serializationTestHelpers.h, /home/nics/Drone/BambiplayGit-Fast-Drone-250-tuned_simulation/devel/include/gtsam/base/serializationTestHelpers.h)
Linked: (/home/nics/Drone/BambiplayGit-Fast-Drone-250-tuned_simulation/devel/.private/gtsam_catkin/include/gtsam/base/numericalDerivative.h, /home/nics/Drone/BambiplayGit-Fast-Drone-250-tuned_simulation/devel/include/gtsam/base/numericalDerivative.h)
Linked: (/home/nics/Drone/BambiplayGit-Fast-Drone-250-tuned_simulation/devel/.private/gtsam_catkin/include/gtsam/base/DSFVector.h, /home/nics/Drone/BambiplayGit-Fast-Drone-250-tuned_simulation/devel/include/gtsam/base/DSFVector.h)
Linked: (/home/nics/Drone/BambiplayGit-Fast-Drone-250-tuned_simulation/devel/.private/gtsam_catkin/include/gtsam/base/Value.h, /home/nics/Drone/BambiplayGit-Fast-Drone-250-tuned_simulation/devel/include/gtsam/base/Value.h)
Linked: (/home/nics/Drone/BambiplayGit-Fast-Drone-250-tuned_simulation/devel/.private/gtsam_catkin/include/gtsam/base/Group.h, /home/nics/Drone/BambiplayGit-Fast-Drone-250-tuned_simulation/devel/include/gtsam/base/Group.h)
Linked: (/home/nics/Drone/BambiplayGit-Fast-Drone-250-tuned_simulation/devel/.private/gtsam_catkin/include/gtsam/base/LieScalar.h, /home/nics/Drone/BambiplayGit-Fast-Drone-250-tuned_simulation/devel/include/gtsam/base/LieScalar.h)
Linked: (/home/nics/Drone/BambiplayGit-Fast-Drone-250-tuned_simulation/devel/.private/gtsam_catkin/include/gtsam/base/ThreadsafeException.h, /home/nics/Drone/BambiplayGit-Fast-Drone-250-tuned_simulation/devel/include/gtsam/base/ThreadsafeException.h)
Linked: (/home/nics/Drone/BambiplayGit-Fast-Drone-250-tuned_simulation/devel/.private/gtsam_catkin/include/gtsam/base/lieProxies.h, /home/nics/Drone/BambiplayGit-Fast-Drone-250-tuned_simulation/devel/include/gtsam/base/lieProxies.h)
Linked: (/home/nics/Drone/BambiplayGit-Fast-Drone-250-tuned_simulation/devel/.private/gtsam_catkin/include/gtsam/base/chartTesting.h, /home/nics/Drone/BambiplayGit-Fast-Drone-250-tuned_simulation/devel/include/gtsam/base/chartTesting.h)
Linked: (/home/nics/Drone/BambiplayGit-Fast-Drone-250-tuned_simulation/devel/.private/gtsam_catkin/include/gtsam/base/LieVector.h, /home/nics/Drone/BambiplayGit-Fast-Drone-250-tuned_simulation/devel/include/gtsam/base/LieVector.h)
Linked: (/home/nics/Drone/BambiplayGit-Fast-Drone-250-tuned_simulation/devel/.private/gtsam_catkin/include/gtsam/base/FastVector.h, /home/nics/Drone/BambiplayGit-Fast-Drone-250-tuned_simulation/devel/include/gtsam/base/FastVector.h)
Linked: (/home/nics/Drone/BambiplayGit-Fast-Drone-250-tuned_simulation/devel/.private/gtsam_catkin/include/gtsam/base/ProductLieGroup.h, /home/nics/Drone/BambiplayGit-Fast-Drone-250-tuned_simulation/devel/include/gtsam/base/ProductLieGroup.h)
Linked: (/home/nics/Drone/BambiplayGit-Fast-Drone-250-tuned_simulation/devel/.private/gtsam_catkin/include/gtsam/base/Lie.h, /home/nics/Drone/BambiplayGit-Fast-Drone-250-tuned_simulation/devel/include/gtsam/base/Lie.h)
Linked: (/home/nics/Drone/BambiplayGit-Fast-Drone-250-tuned_simulation/devel/.private/gtsam_catkin/include/gtsam/base/GenericValue.h, /home/nics/Drone/BambiplayGit-Fast-Drone-250-tuned_simulation/devel/include/gtsam/base/GenericValue.h)
Linked: (/home/nics/Drone/BambiplayGit-Fast-Drone-250-tuned_simulation/devel/.private/gtsam_catkin/include/gtsam/base/types.h, /home/nics/Drone/BambiplayGit-Fast-Drone-250-tuned_simulation/devel/include/gtsam/base/types.h)
Linked: (/home/nics/Drone/BambiplayGit-Fast-Drone-250-tuned_simulation/devel/.private/gtsam_catkin/include/gtsam/base/Testable.h, /home/nics/Drone/BambiplayGit-Fast-Drone-250-tuned_simulation/devel/include/gtsam/base/Testable.h)
Linked: (/home/nics/Drone/BambiplayGit-Fast-Drone-250-tuned_simulation/devel/.private/gtsam_catkin/include/gtsam/base/FastList.h, /home/nics/Drone/BambiplayGit-Fast-Drone-250-tuned_simulation/devel/include/gtsam/base/FastList.h)
Linked: (/home/nics/Drone/BambiplayGit-Fast-Drone-250-tuned_simulation/devel/.private/gtsam_catkin/include/gtsam/base/VerticalBlockMatrix.h, /home/nics/Drone/BambiplayGit-Fast-Drone-250-tuned_simulation/devel/include/gtsam/base/VerticalBlockMatrix.h)
Linked: (/home/nics/Drone/BambiplayGit-Fast-Drone-250-tuned_simulation/devel/.private/gtsam_catkin/include/gtsam/base/LieMatrix.h, /home/nics/Drone/BambiplayGit-Fast-Drone-250-tuned_simulation/devel/include/gtsam/base/LieMatrix.h)
Linked: (/home/nics/Drone/BambiplayGit-Fast-Drone-250-tuned_simulation/devel/.private/gtsam_catkin/include/gtsam/base/OptionalJacobian.h, /home/nics/Drone/BambiplayGit-Fast-Drone-250-tuned_simulation/devel/include/gtsam/base/OptionalJacobian.h)
Linked: (/home/nics/Drone/BambiplayGit-Fast-Drone-250-tuned_simulation/devel/.private/gtsam_catkin/include/gtsam/base/timing.h, /home/nics/Drone/BambiplayGit-Fast-Drone-250-tuned_simulation/devel/include/gtsam/base/timing.h)
Linked: (/home/nics/Drone/BambiplayGit-Fast-Drone-250-tuned_simulation/devel/.private/gtsam_catkin/include/gtsam/base/Matrix.h, /home/nics/Drone/BambiplayGit-Fast-Drone-250-tuned_simulation/devel/include/gtsam/base/Matrix.h)
Linked: (/home/nics/Drone/BambiplayGit-Fast-Drone-250-tuned_simulation/devel/.private/gtsam_catkin/include/gtsam/base/serialization.h, /home/nics/Drone/BambiplayGit-Fast-Drone-250-tuned_simulation/devel/include/gtsam/base/serialization.h)
Linked: (/home/nics/Drone/BambiplayGit-Fast-Drone-250-tuned_simulation/devel/.private/gtsam_catkin/include/gtsam/base/treeTraversal-inst.h, /home/nics/Drone/BambiplayGit-Fast-Drone-250-tuned_simulation/devel/include/gtsam/base/treeTraversal-inst.h)
Linked: (/home/nics/Drone/BambiplayGit-Fast-Drone-250-tuned_simulation/devel/.private/gtsam_catkin/include/gtsam/base/Vector.h, /home/nics/Drone/BambiplayGit-Fast-Drone-250-tuned_simulation/devel/include/gtsam/base/Vector.h)
Linked: (/home/nics/Drone/BambiplayGit-Fast-Drone-250-tuned_simulation/devel/.private/gtsam_catkin/include/gtsam/base/FastDefaultAllocator.h, /home/nics/Drone/BambiplayGit-Fast-Drone-250-tuned_simulation/devel/include/gtsam/base/FastDefaultAllocator.h)
Linked: (/home/nics/Drone/BambiplayGit-Fast-Drone-250-tuned_simulation/devel/.private/gtsam_catkin/include/gtsam/base/ConcurrentMap.h, /home/nics/Drone/BambiplayGit-Fast-Drone-250-tuned_simulation/devel/include/gtsam/base/ConcurrentMap.h)
Linked: (/home/nics/Drone/BambiplayGit-Fast-Drone-250-tuned_simulation/devel/.private/gtsam_catkin/include/gtsam/base/Manifold.h, /home/nics/Drone/BambiplayGit-Fast-Drone-250-tuned_simulation/devel/include/gtsam/base/Manifold.h)
Linked: (/home/nics/Drone/BambiplayGit-Fast-Drone-250-tuned_simulation/devel/.private/gtsam_catkin/include/gtsam/base/testLie.h, /home/nics/Drone/BambiplayGit-Fast-Drone-250-tuned_simulation/devel/include/gtsam/base/testLie.h)
Linked: (/home/nics/Drone/BambiplayGit-Fast-Drone-250-tuned_simulation/devel/.private/gtsam_catkin/include/gtsam/base/debug.h, /home/nics/Drone/BambiplayGit-Fast-Drone-250-tuned_simulation/devel/include/gtsam/base/debug.h)
Linked: (/home/nics/Drone/BambiplayGit-Fast-Drone-250-tuned_simulation/devel/.private/gtsam_catkin/include/gtsam/base/cholesky.h, /home/nics/Drone/BambiplayGit-Fast-Drone-250-tuned_simulation/devel/include/gtsam/base/cholesky.h)
Linked: (/home/nics/Drone/BambiplayGit-Fast-Drone-250-tuned_simulation/devel/.private/gtsam_catkin/include/gtsam/base/FastSet.h, /home/nics/Drone/BambiplayGit-Fast-Drone-250-tuned_simulation/devel/include/gtsam/base/FastSet.h)
Linked: (/home/nics/Drone/BambiplayGit-Fast-Drone-250-tuned_simulation/devel/.private/gtsam_catkin/include/gtsam/base/concepts.h, /home/nics/Drone/BambiplayGit-Fast-Drone-250-tuned_simulation/devel/include/gtsam/base/concepts.h)
Linked: (/home/nics/Drone/BambiplayGit-Fast-Drone-250-tuned_simulation/devel/.private/gtsam_catkin/include/gtsam/base/SymmetricBlockMatrix.h, /home/nics/Drone/BambiplayGit-Fast-Drone-250-tuned_simulation/devel/include/gtsam/base/SymmetricBlockMatrix.h)
Linked: (/home/nics/Drone/BambiplayGit-Fast-Drone-250-tuned_simulation/devel/.private/gtsam_catkin/include/gtsam/base/TestableAssertions.h, /home/nics/Drone/BambiplayGit-Fast-Drone-250-tuned_simulation/devel/include/gtsam/base/TestableAssertions.h)
Linked: (/home/nics/Drone/BambiplayGit-Fast-Drone-250-tuned_simulation/devel/.private/gtsam_catkin/include/gtsam/base/VectorSpace.h, /home/nics/Drone/BambiplayGit-Fast-Drone-250-tuned_simulation/devel/include/gtsam/base/VectorSpace.h)
Linked: (/home/nics/Drone/BambiplayGit-Fast-Drone-250-tuned_simulation/devel/.private/gtsam_catkin/include/gtsam/base/treeTraversal/parallelTraversalTasks.h, /home/nics/Drone/BambiplayGit-Fast-Drone-250-tuned_simulation/devel/include/gtsam/base/treeTraversal/parallelTraversalTasks.h)
Linked: (/home/nics/Drone/BambiplayGit-Fast-Drone-250-tuned_simulation/devel/.private/gtsam_catkin/include/gtsam/base/treeTraversal/statistics.h, /home/nics/Drone/BambiplayGit-Fast-Drone-250-tuned_simulation/devel/include/gtsam/base/treeTraversal/statistics.h)
Linked: (/home/nics/Drone/BambiplayGit-Fast-Drone-250-tuned_simulation/devel/.private/gtsam_catkin/include/gtsam/base/deprecated/LieScalar.h, /home/nics/Drone/BambiplayGit-Fast-Drone-250-tuned_simulation/devel/include/gtsam/base/deprecated/LieScalar.h)
Linked: (/home/nics/Drone/BambiplayGit-Fast-Drone-250-tuned_simulation/devel/.private/gtsam_catkin/include/gtsam/base/deprecated/LieVector.h, /home/nics/Drone/BambiplayGit-Fast-Drone-250-tuned_simulation/devel/include/gtsam/base/deprecated/LieVector.h)
Linked: (/home/nics/Drone/BambiplayGit-Fast-Drone-250-tuned_simulation/devel/.private/gtsam_catkin/include/gtsam/base/deprecated/LieMatrix.h, /home/nics/Drone/BambiplayGit-Fast-Drone-250-tuned_simulation/devel/include/gtsam/base/deprecated/LieMatrix.h)
Linked: (/home/nics/Drone/BambiplayGit-Fast-Drone-250-tuned_simulation/devel/.private/gtsam_catkin/include/gtsam/inference/EliminateableFactorGraph-inst.h, /home/nics/Drone/BambiplayGit-Fast-Drone-250-tuned_simulation/devel/include/gtsam/inference/EliminateableFactorGraph-inst.h)
Linked: (/home/nics/Drone/BambiplayGit-Fast-Drone-250-tuned_simulation/devel/.private/gtsam_catkin/include/gtsam/inference/EliminationTree.h, /home/nics/Drone/BambiplayGit-Fast-Drone-250-tuned_simulation/devel/include/gtsam/inference/EliminationTree.h)
Linked: (/home/nics/Drone/BambiplayGit-Fast-Drone-250-tuned_simulation/devel/.private/gtsam_catkin/include/gtsam/inference/JunctionTree-inst.h, /home/nics/Drone/BambiplayGit-Fast-Drone-250-tuned_simulation/devel/include/gtsam/inference/JunctionTree-inst.h)
Linked: (/home/nics/Drone/BambiplayGit-Fast-Drone-250-tuned_simulation/devel/.private/gtsam_catkin/include/gtsam/inference/ClusterTree.h, /home/nics/Drone/BambiplayGit-Fast-Drone-250-tuned_simulation/devel/include/gtsam/inference/ClusterTree.h)
Linked: (/home/nics/Drone/BambiplayGit-Fast-Drone-250-tuned_simulation/devel/.private/gtsam_catkin/include/gtsam/inference/Key.h, /home/nics/Drone/BambiplayGit-Fast-Drone-250-tuned_simulation/devel/include/gtsam/inference/Key.h)
Linked: (/home/nics/Drone/BambiplayGit-Fast-Drone-250-tuned_simulation/devel/.private/gtsam_catkin/include/gtsam/inference/BayesTree-inst.h, /home/nics/Drone/BambiplayGit-Fast-Drone-250-tuned_simulation/devel/include/gtsam/inference/BayesTree-inst.h)
Linked: (/home/nics/Drone/BambiplayGit-Fast-Drone-250-tuned_simulation/devel/.private/gtsam_catkin/include/gtsam/inference/MetisIndex.h, /home/nics/Drone/BambiplayGit-Fast-Drone-250-tuned_simulation/devel/include/gtsam/inference/MetisIndex.h)
Linked: (/home/nics/Drone/BambiplayGit-Fast-Drone-250-tuned_simulation/devel/.private/gtsam_catkin/include/gtsam/inference/Conditional-inst.h, /home/nics/Drone/BambiplayGit-Fast-Drone-250-tuned_simulation/devel/include/gtsam/inference/Conditional-inst.h)
Linked: (/home/nics/Drone/BambiplayGit-Fast-Drone-250-tuned_simulation/devel/.private/gtsam_catkin/include/gtsam/inference/graph-inl.h, /home/nics/Drone/BambiplayGit-Fast-Drone-250-tuned_simulation/devel/include/gtsam/inference/graph-inl.h)
Linked: (/home/nics/Drone/BambiplayGit-Fast-Drone-250-tuned_simulation/devel/.private/gtsam_catkin/include/gtsam/inference/EliminateableFactorGraph.h, /home/nics/Drone/BambiplayGit-Fast-Drone-250-tuned_simulation/devel/include/gtsam/inference/EliminateableFactorGraph.h)
Linked: (/home/nics/Drone/BambiplayGit-Fast-Drone-250-tuned_simulation/devel/.private/gtsam_catkin/include/gtsam/inference/JunctionTree.h, /home/nics/Drone/BambiplayGit-Fast-Drone-250-tuned_simulation/devel/include/gtsam/inference/JunctionTree.h)
Linked: (/home/nics/Drone/BambiplayGit-Fast-Drone-250-tuned_simulation/devel/.private/gtsam_catkin/include/gtsam/inference/Conditional.h, /home/nics/Drone/BambiplayGit-Fast-Drone-250-tuned_simulation/devel/include/gtsam/inference/Conditional.h)
Linked: (/home/nics/Drone/BambiplayGit-Fast-Drone-250-tuned_simulation/devel/.private/gtsam_catkin/include/gtsam/inference/ISAM.h, /home/nics/Drone/BambiplayGit-Fast-Drone-250-tuned_simulation/devel/include/gtsam/inference/ISAM.h)
Linked: (/home/nics/Drone/BambiplayGit-Fast-Drone-250-tuned_simulation/devel/.private/gtsam_catkin/include/gtsam/inference/inferenceExceptions.h, /home/nics/Drone/BambiplayGit-Fast-Drone-250-tuned_simulation/devel/include/gtsam/inference/inferenceExceptions.h)
Linked: (/home/nics/Drone/BambiplayGit-Fast-Drone-250-tuned_simulation/devel/.private/gtsam_catkin/include/gtsam/inference/BayesTreeCliqueBase.h, /home/nics/Drone/BambiplayGit-Fast-Drone-250-tuned_simulation/devel/include/gtsam/inference/BayesTreeCliqueBase.h)
Linked: (/home/nics/Drone/BambiplayGit-Fast-Drone-250-tuned_simulation/devel/.private/gtsam_catkin/include/gtsam/inference/BayesNet.h, /home/nics/Drone/BambiplayGit-Fast-Drone-250-tuned_simulation/devel/include/gtsam/inference/BayesNet.h)
Linked: (/home/nics/Drone/BambiplayGit-Fast-Drone-250-tuned_simulation/devel/.private/gtsam_catkin/include/gtsam/inference/ISAM-inst.h, /home/nics/Drone/BambiplayGit-Fast-Drone-250-tuned_simulation/devel/include/gtsam/inference/ISAM-inst.h)
Linked: (/home/nics/Drone/BambiplayGit-Fast-Drone-250-tuned_simulation/devel/.private/gtsam_catkin/include/gtsam/inference/inference-inst.h, /home/nics/Drone/BambiplayGit-Fast-Drone-250-tuned_simulation/devel/include/gtsam/inference/inference-inst.h)
Linked: (/home/nics/Drone/BambiplayGit-Fast-Drone-250-tuned_simulation/devel/.private/gtsam_catkin/include/gtsam/inference/ClusterTree-inst.h, /home/nics/Drone/BambiplayGit-Fast-Drone-250-tuned_simulation/devel/include/gtsam/inference/ClusterTree-inst.h)
Linked: (/home/nics/Drone/BambiplayGit-Fast-Drone-250-tuned_simulation/devel/.private/gtsam_catkin/include/gtsam/inference/BayesTree.h, /home/nics/Drone/BambiplayGit-Fast-Drone-250-tuned_simulation/devel/include/gtsam/inference/BayesTree.h)
Linked: (/home/nics/Drone/BambiplayGit-Fast-Drone-250-tuned_simulation/devel/.private/gtsam_catkin/include/gtsam/inference/EliminationTree-inst.h, /home/nics/Drone/BambiplayGit-Fast-Drone-250-tuned_simulation/devel/include/gtsam/inference/EliminationTree-inst.h)
Linked: (/home/nics/Drone/BambiplayGit-Fast-Drone-250-tuned_simulation/devel/.private/gtsam_catkin/include/gtsam/inference/BayesNet-inst.h, /home/nics/Drone/BambiplayGit-Fast-Drone-250-tuned_simulation/devel/include/gtsam/inference/BayesNet-inst.h)
Linked: (/home/nics/Drone/BambiplayGit-Fast-Drone-250-tuned_simulation/devel/.private/gtsam_catkin/include/gtsam/inference/VariableSlots.h, /home/nics/Drone/BambiplayGit-Fast-Drone-250-tuned_simulation/devel/include/gtsam/inference/VariableSlots.h)
Linked: (/home/nics/Drone/BambiplayGit-Fast-Drone-250-tuned_simulation/devel/.private/gtsam_catkin/include/gtsam/inference/graph.h, /home/nics/Drone/BambiplayGit-Fast-Drone-250-tuned_simulation/devel/include/gtsam/inference/graph.h)
Linked: (/home/nics/Drone/BambiplayGit-Fast-Drone-250-tuned_simulation/devel/.private/gtsam_catkin/include/gtsam/inference/Symbol.h, /home/nics/Drone/BambiplayGit-Fast-Drone-250-tuned_simulation/devel/include/gtsam/inference/Symbol.h)
Linked: (/home/nics/Drone/BambiplayGit-Fast-Drone-250-tuned_simulation/devel/.private/gtsam_catkin/include/gtsam/inference/BayesTreeCliqueBase-inst.h, /home/nics/Drone/BambiplayGit-Fast-Drone-250-tuned_simulation/devel/include/gtsam/inference/BayesTreeCliqueBase-inst.h)
Linked: (/home/nics/Drone/BambiplayGit-Fast-Drone-250-tuned_simulation/devel/.private/gtsam_catkin/include/gtsam/inference/FactorGraph.h, /home/nics/Drone/BambiplayGit-Fast-Drone-250-tuned_simulation/devel/include/gtsam/inference/FactorGraph.h)
Linked: (/home/nics/Drone/BambiplayGit-Fast-Drone-250-tuned_simulation/devel/.private/gtsam_catkin/include/gtsam/inference/Ordering.h, /home/nics/Drone/BambiplayGit-Fast-Drone-250-tuned_simulation/devel/include/gtsam/inference/Ordering.h)
Linked: (/home/nics/Drone/BambiplayGit-Fast-Drone-250-tuned_simulation/devel/.private/gtsam_catkin/include/gtsam/inference/VariableIndex-inl.h, /home/nics/Drone/BambiplayGit-Fast-Drone-250-tuned_simulation/devel/include/gtsam/inference/VariableIndex-inl.h)
Linked: (/home/nics/Drone/BambiplayGit-Fast-Drone-250-tuned_simulation/devel/.private/gtsam_catkin/include/gtsam/inference/LabeledSymbol.h, /home/nics/Drone/BambiplayGit-Fast-Drone-250-tuned_simulation/devel/include/gtsam/inference/LabeledSymbol.h)
Linked: (/home/nics/Drone/BambiplayGit-Fast-Drone-250-tuned_simulation/devel/.private/gtsam_catkin/include/gtsam/inference/VariableIndex.h, /home/nics/Drone/BambiplayGit-Fast-Drone-250-tuned_simulation/devel/include/gtsam/inference/VariableIndex.h)
Linked: (/home/nics/Drone/BambiplayGit-Fast-Drone-250-tuned_simulation/devel/.private/gtsam_catkin/include/gtsam/inference/MetisIndex-inl.h, /home/nics/Drone/BambiplayGit-Fast-Drone-250-tuned_simulation/devel/include/gtsam/inference/MetisIndex-inl.h)
Linked: (/home/nics/Drone/BambiplayGit-Fast-Drone-250-tuned_simulation/devel/.private/gtsam_catkin/include/gtsam/inference/Factor.h, /home/nics/Drone/BambiplayGit-Fast-Drone-250-tuned_simulation/devel/include/gtsam/inference/Factor.h)
Linked: (/home/nics/Drone/BambiplayGit-Fast-Drone-250-tuned_simulation/devel/.private/gtsam_catkin/include/gtsam/inference/FactorGraph-inst.h, /home/nics/Drone/BambiplayGit-Fast-Drone-250-tuned_simulation/devel/include/gtsam/inference/FactorGraph-inst.h)
Linked: (/home/nics/Drone/BambiplayGit-Fast-Drone-250-tuned_simulation/devel/.private/gtsam_catkin/include/gtsam/sam/BearingRangeFactor.h, /home/nics/Drone/BambiplayGit-Fast-Drone-250-tuned_simulation/devel/include/gtsam/sam/BearingRangeFactor.h)
Linked: (/home/nics/Drone/BambiplayGit-Fast-Drone-250-tuned_simulation/devel/.private/gtsam_catkin/include/gtsam/sam/RangeFactor.h, /home/nics/Drone/BambiplayGit-Fast-Drone-250-tuned_simulation/devel/include/gtsam/sam/RangeFactor.h)
Linked: (/home/nics/Drone/BambiplayGit-Fast-Drone-250-tuned_simulation/devel/.private/gtsam_catkin/include/gtsam/sam/BearingFactor.h, /home/nics/Drone/BambiplayGit-Fast-Drone-250-tuned_simulation/devel/include/gtsam/sam/BearingFactor.h)
Linked: (/home/nics/Drone/BambiplayGit-Fast-Drone-250-tuned_simulation/devel/.private/gtsam_catkin/include/gtsam/symbolic/SymbolicFactorGraph.h, /home/nics/Drone/BambiplayGit-Fast-Drone-250-tuned_simulation/devel/include/gtsam/symbolic/SymbolicFactorGraph.h)
Linked: (/home/nics/Drone/BambiplayGit-Fast-Drone-250-tuned_simulation/devel/.private/gtsam_catkin/include/gtsam/symbolic/SymbolicBayesTree.h, /home/nics/Drone/BambiplayGit-Fast-Drone-250-tuned_simulation/devel/include/gtsam/symbolic/SymbolicBayesTree.h)
Linked: (/home/nics/Drone/BambiplayGit-Fast-Drone-250-tuned_simulation/devel/.private/gtsam_catkin/include/gtsam/symbolic/SymbolicEliminationTree.h, /home/nics/Drone/BambiplayGit-Fast-Drone-250-tuned_simulation/devel/include/gtsam/symbolic/SymbolicEliminationTree.h)
Linked: (/home/nics/Drone/BambiplayGit-Fast-Drone-250-tuned_simulation/devel/.private/gtsam_catkin/include/gtsam/symbolic/SymbolicBayesNet.h, /home/nics/Drone/BambiplayGit-Fast-Drone-250-tuned_simulation/devel/include/gtsam/symbolic/SymbolicBayesNet.h)
Linked: (/home/nics/Drone/BambiplayGit-Fast-Drone-250-tuned_simulation/devel/.private/gtsam_catkin/include/gtsam/symbolic/SymbolicFactor-inst.h, /home/nics/Drone/BambiplayGit-Fast-Drone-250-tuned_simulation/devel/include/gtsam/symbolic/SymbolicFactor-inst.h)
Linked: (/home/nics/Drone/BambiplayGit-Fast-Drone-250-tuned_simulation/devel/.private/gtsam_catkin/include/gtsam/symbolic/SymbolicJunctionTree.h, /home/nics/Drone/BambiplayGit-Fast-Drone-250-tuned_simulation/devel/include/gtsam/symbolic/SymbolicJunctionTree.h)
Linked: (/home/nics/Drone/BambiplayGit-Fast-Drone-250-tuned_simulation/devel/.private/gtsam_catkin/include/gtsam/symbolic/SymbolicFactor.h, /home/nics/Drone/BambiplayGit-Fast-Drone-250-tuned_simulation/devel/include/gtsam/symbolic/SymbolicFactor.h)
Linked: (/home/nics/Drone/BambiplayGit-Fast-Drone-250-tuned_simulation/devel/.private/gtsam_catkin/include/gtsam/symbolic/SymbolicConditional.h, /home/nics/Drone/BambiplayGit-Fast-Drone-250-tuned_simulation/devel/include/gtsam/symbolic/SymbolicConditional.h)
Linked: (/home/nics/Drone/BambiplayGit-Fast-Drone-250-tuned_simulation/devel/.private/gtsam_catkin/include/gtsam/symbolic/SymbolicISAM.h, /home/nics/Drone/BambiplayGit-Fast-Drone-250-tuned_simulation/devel/include/gtsam/symbolic/SymbolicISAM.h)
Linked: (/home/nics/Drone/BambiplayGit-Fast-Drone-250-tuned_simulation/devel/.private/gtsam_catkin/include/gtsam/nonlinear/ISAM2-impl.h, /home/nics/Drone/BambiplayGit-Fast-Drone-250-tuned_simulation/devel/include/gtsam/nonlinear/ISAM2-impl.h)
Linked: (/home/nics/Drone/BambiplayGit-Fast-Drone-250-tuned_simulation/devel/.private/gtsam_catkin/include/gtsam/nonlinear/DoglegOptimizerImpl.h, /home/nics/Drone/BambiplayGit-Fast-Drone-250-tuned_simulation/devel/include/gtsam/nonlinear/DoglegOptimizerImpl.h)
Linked: (/home/nics/Drone/BambiplayGit-Fast-Drone-250-tuned_simulation/devel/.private/gtsam_catkin/include/gtsam/nonlinear/nonlinearExceptions.h, /home/nics/Drone/BambiplayGit-Fast-Drone-250-tuned_simulation/devel/include/gtsam/nonlinear/nonlinearExceptions.h)
Linked: (/home/nics/Drone/BambiplayGit-Fast-Drone-250-tuned_simulation/devel/.private/gtsam_catkin/include/gtsam/nonlinear/NonlinearOptimizerParams.h, /home/nics/Drone/BambiplayGit-Fast-Drone-250-tuned_simulation/devel/include/gtsam/nonlinear/NonlinearOptimizerParams.h)
Linked: (/home/nics/Drone/BambiplayGit-Fast-Drone-250-tuned_simulation/devel/.private/gtsam_catkin/include/gtsam/nonlinear/expressionTesting.h, /home/nics/Drone/BambiplayGit-Fast-Drone-250-tuned_simulation/devel/include/gtsam/nonlinear/expressionTesting.h)
Linked: (/home/nics/Drone/BambiplayGit-Fast-Drone-250-tuned_simulation/devel/.private/gtsam_catkin/include/gtsam/nonlinear/AdaptAutoDiff.h, /home/nics/Drone/BambiplayGit-Fast-Drone-250-tuned_simulation/devel/include/gtsam/nonlinear/AdaptAutoDiff.h)
Linked: (/home/nics/Drone/BambiplayGit-Fast-Drone-250-tuned_simulation/devel/.private/gtsam_catkin/include/gtsam/nonlinear/LevenbergMarquardtParams.h, /home/nics/Drone/BambiplayGit-Fast-Drone-250-tuned_simulation/devel/include/gtsam/nonlinear/LevenbergMarquardtParams.h)
Linked: (/home/nics/Drone/BambiplayGit-Fast-Drone-250-tuned_simulation/devel/.private/gtsam_catkin/include/gtsam/nonlinear/Marginals.h, /home/nics/Drone/BambiplayGit-Fast-Drone-250-tuned_simulation/devel/include/gtsam/nonlinear/Marginals.h)
Linked: (/home/nics/Drone/BambiplayGit-Fast-Drone-250-tuned_simulation/devel/.private/gtsam_catkin/include/gtsam/nonlinear/ExpressionFactor.h, /home/nics/Drone/BambiplayGit-Fast-Drone-250-tuned_simulation/devel/include/gtsam/nonlinear/ExpressionFactor.h)
Linked: (/home/nics/Drone/BambiplayGit-Fast-Drone-250-tuned_simulation/devel/.private/gtsam_catkin/include/gtsam/nonlinear/NonlinearFactor.h, /home/nics/Drone/BambiplayGit-Fast-Drone-250-tuned_simulation/devel/include/gtsam/nonlinear/NonlinearFactor.h)
Linked: (/home/nics/Drone/BambiplayGit-Fast-Drone-250-tuned_simulation/devel/.private/gtsam_catkin/include/gtsam/nonlinear/Expression-inl.h, /home/nics/Drone/BambiplayGit-Fast-Drone-250-tuned_simulation/devel/include/gtsam/nonlinear/Expression-inl.h)
Linked: (/home/nics/Drone/BambiplayGit-Fast-Drone-250-tuned_simulation/devel/.private/gtsam_catkin/include/gtsam/nonlinear/Expression.h, /home/nics/Drone/BambiplayGit-Fast-Drone-250-tuned_simulation/devel/include/gtsam/nonlinear/Expression.h)
Linked: (/home/nics/Drone/BambiplayGit-Fast-Drone-250-tuned_simulation/devel/.private/gtsam_catkin/include/gtsam/nonlinear/NonlinearEquality.h, /home/nics/Drone/BambiplayGit-Fast-Drone-250-tuned_simulation/devel/include/gtsam/nonlinear/NonlinearEquality.h)
Linked: (/home/nics/Drone/BambiplayGit-Fast-Drone-250-tuned_simulation/devel/.private/gtsam_catkin/include/gtsam/nonlinear/Values.h, /home/nics/Drone/BambiplayGit-Fast-Drone-250-tuned_simulation/devel/include/gtsam/nonlinear/Values.h)
Linked: (/home/nics/Drone/BambiplayGit-Fast-Drone-250-tuned_simulation/devel/.private/gtsam_catkin/include/gtsam/nonlinear/WhiteNoiseFactor.h, /home/nics/Drone/BambiplayGit-Fast-Drone-250-tuned_simulation/devel/include/gtsam/nonlinear/WhiteNoiseFactor.h)
Linked: (/home/nics/Drone/BambiplayGit-Fast-Drone-250-tuned_simulation/devel/.private/gtsam_catkin/include/gtsam/nonlinear/NonlinearISAM.h, /home/nics/Drone/BambiplayGit-Fast-Drone-250-tuned_simulation/devel/include/gtsam/nonlinear/NonlinearISAM.h)
Linked: (/home/nics/Drone/BambiplayGit-Fast-Drone-250-tuned_simulation/devel/.private/gtsam_catkin/include/gtsam/nonlinear/DoglegOptimizer.h, /home/nics/Drone/BambiplayGit-Fast-Drone-250-tuned_simulation/devel/include/gtsam/nonlinear/DoglegOptimizer.h)
Linked: (/home/nics/Drone/BambiplayGit-Fast-Drone-250-tuned_simulation/devel/.private/gtsam_catkin/include/gtsam/nonlinear/ISAM2.h, /home/nics/Drone/BambiplayGit-Fast-Drone-250-tuned_simulation/devel/include/gtsam/nonlinear/ISAM2.h)
Linked: (/home/nics/Drone/BambiplayGit-Fast-Drone-250-tuned_simulation/devel/.private/gtsam_catkin/include/gtsam/nonlinear/LevenbergMarquardtOptimizer.h, /home/nics/Drone/BambiplayGit-Fast-Drone-250-tuned_simulation/devel/include/gtsam/nonlinear/LevenbergMarquardtOptimizer.h)
Linked: (/home/nics/Drone/BambiplayGit-Fast-Drone-250-tuned_simulation/devel/.private/gtsam_catkin/include/gtsam/nonlinear/LinearContainerFactor.h, /home/nics/Drone/BambiplayGit-Fast-Drone-250-tuned_simulation/devel/include/gtsam/nonlinear/LinearContainerFactor.h)
Linked: (/home/nics/Drone/BambiplayGit-Fast-Drone-250-tuned_simulation/devel/.private/gtsam_catkin/include/gtsam/nonlinear/NonlinearConjugateGradientOptimizer.h, /home/nics/Drone/BambiplayGit-Fast-Drone-250-tuned_simulation/devel/include/gtsam/nonlinear/NonlinearConjugateGradientOptimizer.h)
Linked: (/home/nics/Drone/BambiplayGit-Fast-Drone-250-tuned_simulation/devel/.private/gtsam_catkin/include/gtsam/nonlinear/Values-inl.h, /home/nics/Drone/BambiplayGit-Fast-Drone-250-tuned_simulation/devel/include/gtsam/nonlinear/Values-inl.h)
Linked: (/home/nics/Drone/BambiplayGit-Fast-Drone-250-tuned_simulation/devel/.private/gtsam_catkin/include/gtsam/nonlinear/Symbol.h, /home/nics/Drone/BambiplayGit-Fast-Drone-250-tuned_simulation/devel/include/gtsam/nonlinear/Symbol.h)
Linked: (/home/nics/Drone/BambiplayGit-Fast-Drone-250-tuned_simulation/devel/.private/gtsam_catkin/include/gtsam/nonlinear/ExtendedKalmanFilter-inl.h, /home/nics/Drone/BambiplayGit-Fast-Drone-250-tuned_simulation/devel/include/gtsam/nonlinear/ExtendedKalmanFilter-inl.h)
Linked: (/home/nics/Drone/BambiplayGit-Fast-Drone-250-tuned_simulation/devel/.private/gtsam_catkin/include/gtsam/nonlinear/NonlinearOptimizer.h, /home/nics/Drone/BambiplayGit-Fast-Drone-250-tuned_simulation/devel/include/gtsam/nonlinear/NonlinearOptimizer.h)
Linked: (/home/nics/Drone/BambiplayGit-Fast-Drone-250-tuned_simulation/devel/.private/gtsam_catkin/include/gtsam/nonlinear/ExpressionFactorGraph.h, /home/nics/Drone/BambiplayGit-Fast-Drone-250-tuned_simulation/devel/include/gtsam/nonlinear/ExpressionFactorGraph.h)
Linked: (/home/nics/Drone/BambiplayGit-Fast-Drone-250-tuned_simulation/devel/.private/gtsam_catkin/include/gtsam/nonlinear/ExtendedKalmanFilter.h, /home/nics/Drone/BambiplayGit-Fast-Drone-250-tuned_simulation/devel/include/gtsam/nonlinear/ExtendedKalmanFilter.h)
Linked: (/home/nics/Drone/BambiplayGit-Fast-Drone-250-tuned_simulation/devel/.private/gtsam_catkin/include/gtsam/nonlinear/ISAM2-inl.h, /home/nics/Drone/BambiplayGit-Fast-Drone-250-tuned_simulation/devel/include/gtsam/nonlinear/ISAM2-inl.h)
Linked: (/home/nics/Drone/BambiplayGit-Fast-Drone-250-tuned_simulation/devel/.private/gtsam_catkin/include/gtsam/nonlinear/NonlinearFactorGraph.h, /home/nics/Drone/BambiplayGit-Fast-Drone-250-tuned_simulation/devel/include/gtsam/nonlinear/NonlinearFactorGraph.h)
Linked: (/home/nics/Drone/BambiplayGit-Fast-Drone-250-tuned_simulation/devel/.private/gtsam_catkin/include/gtsam/nonlinear/GaussNewtonOptimizer.h, /home/nics/Drone/BambiplayGit-Fast-Drone-250-tuned_simulation/devel/include/gtsam/nonlinear/GaussNewtonOptimizer.h)
Linked: (/home/nics/Drone/BambiplayGit-Fast-Drone-250-tuned_simulation/devel/.private/gtsam_catkin/include/gtsam/nonlinear/factorTesting.h, /home/nics/Drone/BambiplayGit-Fast-Drone-250-tuned_simulation/devel/include/gtsam/nonlinear/factorTesting.h)
Linked: (/home/nics/Drone/BambiplayGit-Fast-Drone-250-tuned_simulation/devel/.private/gtsam_catkin/include/gtsam/nonlinear/expressions.h, /home/nics/Drone/BambiplayGit-Fast-Drone-250-tuned_simulation/devel/include/gtsam/nonlinear/expressions.h)
Linked: (/home/nics/Drone/BambiplayGit-Fast-Drone-250-tuned_simulation/devel/.private/gtsam_catkin/include/gtsam/nonlinear/internal/JacobianMap.h, /home/nics/Drone/BambiplayGit-Fast-Drone-250-tuned_simulation/devel/include/gtsam/nonlinear/internal/JacobianMap.h)
Linked: (/home/nics/Drone/BambiplayGit-Fast-Drone-250-tuned_simulation/devel/.private/gtsam_catkin/include/gtsam/nonlinear/internal/LevenbergMarquardtState.h, /home/nics/Drone/BambiplayGit-Fast-Drone-250-tuned_simulation/devel/include/gtsam/nonlinear/internal/LevenbergMarquardtState.h)
Linked: (/home/nics/Drone/BambiplayGit-Fast-Drone-250-tuned_simulation/devel/.private/gtsam_catkin/include/gtsam/nonlinear/internal/NonlinearOptimizerState.h, /home/nics/Drone/BambiplayGit-Fast-Drone-250-tuned_simulation/devel/include/gtsam/nonlinear/internal/NonlinearOptimizerState.h)
Linked: (/home/nics/Drone/BambiplayGit-Fast-Drone-250-tuned_simulation/devel/.private/gtsam_catkin/include/gtsam/nonlinear/internal/ExecutionTrace.h, /home/nics/Drone/BambiplayGit-Fast-Drone-250-tuned_simulation/devel/include/gtsam/nonlinear/internal/ExecutionTrace.h)
Linked: (/home/nics/Drone/BambiplayGit-Fast-Drone-250-tuned_simulation/devel/.private/gtsam_catkin/include/gtsam/nonlinear/internal/ExpressionNode.h, /home/nics/Drone/BambiplayGit-Fast-Drone-250-tuned_simulation/devel/include/gtsam/nonlinear/internal/ExpressionNode.h)
Linked: (/home/nics/Drone/BambiplayGit-Fast-Drone-250-tuned_simulation/devel/.private/gtsam_catkin/include/gtsam/nonlinear/internal/CallRecord.h, /home/nics/Drone/BambiplayGit-Fast-Drone-250-tuned_simulation/devel/include/gtsam/nonlinear/internal/CallRecord.h)
Linked: (/home/nics/Drone/BambiplayGit-Fast-Drone-250-tuned_simulation/devel/.private/gtsam_catkin/include/gtsam/geometry/SO3.h, /home/nics/Drone/BambiplayGit-Fast-Drone-250-tuned_simulation/devel/include/gtsam/geometry/SO3.h)
Linked: (/home/nics/Drone/BambiplayGit-Fast-Drone-250-tuned_simulation/devel/.private/gtsam_catkin/include/gtsam/geometry/Rot3.h, /home/nics/Drone/BambiplayGit-Fast-Drone-250-tuned_simulation/devel/include/gtsam/geometry/Rot3.h)
Linked: (/home/nics/Drone/BambiplayGit-Fast-Drone-250-tuned_simulation/devel/.private/gtsam_catkin/include/gtsam/geometry/triangulation.h, /home/nics/Drone/BambiplayGit-Fast-Drone-250-tuned_simulation/devel/include/gtsam/geometry/triangulation.h)
Linked: (/home/nics/Drone/BambiplayGit-Fast-Drone-250-tuned_simulation/devel/.private/gtsam_catkin/include/gtsam/geometry/SimpleCamera.h, /home/nics/Drone/BambiplayGit-Fast-Drone-250-tuned_simulation/devel/include/gtsam/geometry/SimpleCamera.h)
Linked: (/home/nics/Drone/BambiplayGit-Fast-Drone-250-tuned_simulation/devel/.private/gtsam_catkin/include/gtsam/geometry/Rot2.h, /home/nics/Drone/BambiplayGit-Fast-Drone-250-tuned_simulation/devel/include/gtsam/geometry/Rot2.h)
Linked: (/home/nics/Drone/BambiplayGit-Fast-Drone-250-tuned_simulation/devel/.private/gtsam_catkin/include/gtsam/geometry/EssentialMatrix.h, /home/nics/Drone/BambiplayGit-Fast-Drone-250-tuned_simulation/devel/include/gtsam/geometry/EssentialMatrix.h)
Linked: (/home/nics/Drone/BambiplayGit-Fast-Drone-250-tuned_simulation/devel/.private/gtsam_catkin/include/gtsam/geometry/Cal3DS2_Base.h, /home/nics/Drone/BambiplayGit-Fast-Drone-250-tuned_simulation/devel/include/gtsam/geometry/Cal3DS2_Base.h)
Linked: (/home/nics/Drone/BambiplayGit-Fast-Drone-250-tuned_simulation/devel/.private/gtsam_catkin/include/gtsam/geometry/Point3.h, /home/nics/Drone/BambiplayGit-Fast-Drone-250-tuned_simulation/devel/include/gtsam/geometry/Point3.h)
Linked: (/home/nics/Drone/BambiplayGit-Fast-Drone-250-tuned_simulation/devel/.private/gtsam_catkin/include/gtsam/geometry/PinholePose.h, /home/nics/Drone/BambiplayGit-Fast-Drone-250-tuned_simulation/devel/include/gtsam/geometry/PinholePose.h)
Linked: (/home/nics/Drone/BambiplayGit-Fast-Drone-250-tuned_simulation/devel/.private/gtsam_catkin/include/gtsam/geometry/BearingRange.h, /home/nics/Drone/BambiplayGit-Fast-Drone-250-tuned_simulation/devel/include/gtsam/geometry/BearingRange.h)
Linked: (/home/nics/Drone/BambiplayGit-Fast-Drone-250-tuned_simulation/devel/.private/gtsam_catkin/include/gtsam/geometry/Cal3_S2.h, /home/nics/Drone/BambiplayGit-Fast-Drone-250-tuned_simulation/devel/include/gtsam/geometry/Cal3_S2.h)
Linked: (/home/nics/Drone/BambiplayGit-Fast-Drone-250-tuned_simulation/devel/.private/gtsam_catkin/include/gtsam/geometry/Pose3.h, /home/nics/Drone/BambiplayGit-Fast-Drone-250-tuned_simulation/devel/include/gtsam/geometry/Pose3.h)
Linked: (/home/nics/Drone/BambiplayGit-Fast-Drone-250-tuned_simulation/devel/.private/gtsam_catkin/include/gtsam/geometry/Cal3DS2.h, /home/nics/Drone/BambiplayGit-Fast-Drone-250-tuned_simulation/devel/include/gtsam/geometry/Cal3DS2.h)
Linked: (/home/nics/Drone/BambiplayGit-Fast-Drone-250-tuned_simulation/devel/.private/gtsam_catkin/include/gtsam/geometry/Pose2.h, /home/nics/Drone/BambiplayGit-Fast-Drone-250-tuned_simulation/devel/include/gtsam/geometry/Pose2.h)
Linked: (/home/nics/Drone/BambiplayGit-Fast-Drone-250-tuned_simulation/devel/.private/gtsam_catkin/include/gtsam/geometry/CalibratedCamera.h, /home/nics/Drone/BambiplayGit-Fast-Drone-250-tuned_simulation/devel/include/gtsam/geometry/CalibratedCamera.h)
Linked: (/home/nics/Drone/BambiplayGit-Fast-Drone-250-tuned_simulation/devel/.private/gtsam_catkin/include/gtsam/geometry/PinholeCamera.h, /home/nics/Drone/BambiplayGit-Fast-Drone-250-tuned_simulation/devel/include/gtsam/geometry/PinholeCamera.h)
Linked: (/home/nics/Drone/BambiplayGit-Fast-Drone-250-tuned_simulation/devel/.private/gtsam_catkin/include/gtsam/geometry/CameraSet.h, /home/nics/Drone/BambiplayGit-Fast-Drone-250-tuned_simulation/devel/include/gtsam/geometry/CameraSet.h)
Linked: (/home/nics/Drone/BambiplayGit-Fast-Drone-250-tuned_simulation/devel/.private/gtsam_catkin/include/gtsam/geometry/Quaternion.h, /home/nics/Drone/BambiplayGit-Fast-Drone-250-tuned_simulation/devel/include/gtsam/geometry/Quaternion.h)
Linked: (/home/nics/Drone/BambiplayGit-Fast-Drone-250-tuned_simulation/devel/.private/gtsam_catkin/include/gtsam/geometry/StereoCamera.h, /home/nics/Drone/BambiplayGit-Fast-Drone-250-tuned_simulation/devel/include/gtsam/geometry/StereoCamera.h)
Linked: (/home/nics/Drone/BambiplayGit-Fast-Drone-250-tuned_simulation/devel/.private/gtsam_catkin/include/gtsam/geometry/OrientedPlane3.h, /home/nics/Drone/BambiplayGit-Fast-Drone-250-tuned_simulation/devel/include/gtsam/geometry/OrientedPlane3.h)
Linked: (/home/nics/Drone/BambiplayGit-Fast-Drone-250-tuned_simulation/devel/.private/gtsam_catkin/include/gtsam/geometry/Point2.h, /home/nics/Drone/BambiplayGit-Fast-Drone-250-tuned_simulation/devel/include/gtsam/geometry/Point2.h)
Linked: (/home/nics/Drone/BambiplayGit-Fast-Drone-250-tuned_simulation/devel/.private/gtsam_catkin/include/gtsam/geometry/Cyclic.h, /home/nics/Drone/BambiplayGit-Fast-Drone-250-tuned_simulation/devel/include/gtsam/geometry/Cyclic.h)
Linked: (/home/nics/Drone/BambiplayGit-Fast-Drone-250-tuned_simulation/devel/.private/gtsam_catkin/include/gtsam/geometry/Cal3Bundler.h, /home/nics/Drone/BambiplayGit-Fast-Drone-250-tuned_simulation/devel/include/gtsam/geometry/Cal3Bundler.h)
Linked: (/home/nics/Drone/BambiplayGit-Fast-Drone-250-tuned_simulation/devel/.private/gtsam_catkin/include/gtsam/geometry/Unit3.h, /home/nics/Drone/BambiplayGit-Fast-Drone-250-tuned_simulation/devel/include/gtsam/geometry/Unit3.h)
Linked: (/home/nics/Drone/BambiplayGit-Fast-Drone-250-tuned_simulation/devel/.private/gtsam_catkin/include/gtsam/geometry/Cal3_S2Stereo.h, /home/nics/Drone/BambiplayGit-Fast-Drone-250-tuned_simulation/devel/include/gtsam/geometry/Cal3_S2Stereo.h)
Linked: (/home/nics/Drone/BambiplayGit-Fast-Drone-250-tuned_simulation/devel/.private/gtsam_catkin/include/gtsam/geometry/concepts.h, /home/nics/Drone/BambiplayGit-Fast-Drone-250-tuned_simulation/devel/include/gtsam/geometry/concepts.h)
Linked: (/home/nics/Drone/BambiplayGit-Fast-Drone-250-tuned_simulation/devel/.private/gtsam_catkin/include/gtsam/geometry/PinholeSet.h, /home/nics/Drone/BambiplayGit-Fast-Drone-250-tuned_simulation/devel/include/gtsam/geometry/PinholeSet.h)
Linked: (/home/nics/Drone/BambiplayGit-Fast-Drone-250-tuned_simulation/devel/.private/gtsam_catkin/include/gtsam/geometry/Cal3Unified.h, /home/nics/Drone/BambiplayGit-Fast-Drone-250-tuned_simulation/devel/include/gtsam/geometry/Cal3Unified.h)
Linked: (/home/nics/Drone/BambiplayGit-Fast-Drone-250-tuned_simulation/devel/.private/gtsam_catkin/include/gtsam/geometry/StereoPoint2.h, /home/nics/Drone/BambiplayGit-Fast-Drone-250-tuned_simulation/devel/include/gtsam/geometry/StereoPoint2.h)
Linked: (/home/nics/Drone/BambiplayGit-Fast-Drone-250-tuned_simulation/devel/.private/gtsam_catkin/include/gtsam/slam/OrientedPlane3Factor.h, /home/nics/Drone/BambiplayGit-Fast-Drone-250-tuned_simulation/devel/include/gtsam/slam/OrientedPlane3Factor.h)
Linked: (/home/nics/Drone/BambiplayGit-Fast-Drone-250-tuned_simulation/devel/.private/gtsam_catkin/include/gtsam/slam/SmartFactorBase.h, /home/nics/Drone/BambiplayGit-Fast-Drone-250-tuned_simulation/devel/include/gtsam/slam/SmartFactorBase.h)
Linked: (/home/nics/Drone/BambiplayGit-Fast-Drone-250-tuned_simulation/devel/.private/gtsam_catkin/include/gtsam/slam/BoundingConstraint.h, /home/nics/Drone/BambiplayGit-Fast-Drone-250-tuned_simulation/devel/include/gtsam/slam/BoundingConstraint.h)
Linked: (/home/nics/Drone/BambiplayGit-Fast-Drone-250-tuned_simulation/devel/.private/gtsam_catkin/include/gtsam/slam/lago.h, /home/nics/Drone/BambiplayGit-Fast-Drone-250-tuned_simulation/devel/include/gtsam/slam/lago.h)
Linked: (/home/nics/Drone/BambiplayGit-Fast-Drone-250-tuned_simulation/devel/.private/gtsam_catkin/include/gtsam/slam/EssentialMatrixConstraint.h, /home/nics/Drone/BambiplayGit-Fast-Drone-250-tuned_simulation/devel/include/gtsam/slam/EssentialMatrixConstraint.h)
Linked: (/home/nics/Drone/BambiplayGit-Fast-Drone-250-tuned_simulation/devel/.private/gtsam_catkin/include/gtsam/slam/dataset.h, /home/nics/Drone/BambiplayGit-Fast-Drone-250-tuned_simulation/devel/include/gtsam/slam/dataset.h)
Linked: (/home/nics/Drone/BambiplayGit-Fast-Drone-250-tuned_simulation/devel/.private/gtsam_catkin/include/gtsam/slam/ProjectionFactor.h, /home/nics/Drone/BambiplayGit-Fast-Drone-250-tuned_simulation/devel/include/gtsam/slam/ProjectionFactor.h)
Linked: (/home/nics/Drone/BambiplayGit-Fast-Drone-250-tuned_simulation/devel/.private/gtsam_catkin/include/gtsam/slam/EssentialMatrixFactor.h, /home/nics/Drone/BambiplayGit-Fast-Drone-250-tuned_simulation/devel/include/gtsam/slam/EssentialMatrixFactor.h)
Linked: (/home/nics/Drone/BambiplayGit-Fast-Drone-250-tuned_simulation/devel/.private/gtsam_catkin/include/gtsam/slam/PoseRotationPrior.h, /home/nics/Drone/BambiplayGit-Fast-Drone-250-tuned_simulation/devel/include/gtsam/slam/PoseRotationPrior.h)
Linked: (/home/nics/Drone/BambiplayGit-Fast-Drone-250-tuned_simulation/devel/.private/gtsam_catkin/include/gtsam/slam/InitializePose3.h, /home/nics/Drone/BambiplayGit-Fast-Drone-250-tuned_simulation/devel/include/gtsam/slam/InitializePose3.h)
Linked: (/home/nics/Drone/BambiplayGit-Fast-Drone-250-tuned_simulation/devel/.private/gtsam_catkin/include/gtsam/slam/TriangulationFactor.h, /home/nics/Drone/BambiplayGit-Fast-Drone-250-tuned_simulation/devel/include/gtsam/slam/TriangulationFactor.h)
Linked: (/home/nics/Drone/BambiplayGit-Fast-Drone-250-tuned_simulation/devel/.private/gtsam_catkin/include/gtsam/slam/ReferenceFrameFactor.h, /home/nics/Drone/BambiplayGit-Fast-Drone-250-tuned_simulation/devel/include/gtsam/slam/ReferenceFrameFactor.h)
Linked: (/home/nics/Drone/BambiplayGit-Fast-Drone-250-tuned_simulation/devel/.private/gtsam_catkin/include/gtsam/slam/SmartProjectionPoseFactor.h, /home/nics/Drone/BambiplayGit-Fast-Drone-250-tuned_simulation/devel/include/gtsam/slam/SmartProjectionPoseFactor.h)
Linked: (/home/nics/Drone/BambiplayGit-Fast-Drone-250-tuned_simulation/devel/.private/gtsam_catkin/include/gtsam/slam/StereoFactor.h, /home/nics/Drone/BambiplayGit-Fast-Drone-250-tuned_simulation/devel/include/gtsam/slam/StereoFactor.h)
Linked: (/home/nics/Drone/BambiplayGit-Fast-Drone-250-tuned_simulation/devel/.private/gtsam_catkin/include/gtsam/slam/AntiFactor.h, /home/nics/Drone/BambiplayGit-Fast-Drone-250-tuned_simulation/devel/include/gtsam/slam/AntiFactor.h)
Linked: (/home/nics/Drone/BambiplayGit-Fast-Drone-250-tuned_simulation/devel/.private/gtsam_catkin/include/gtsam/slam/BetweenFactor.h, /home/nics/Drone/BambiplayGit-Fast-Drone-250-tuned_simulation/devel/include/gtsam/slam/BetweenFactor.h)
Linked: (/home/nics/Drone/BambiplayGit-Fast-Drone-250-tuned_simulation/devel/.private/gtsam_catkin/include/gtsam/slam/BearingRangeFactor.h, /home/nics/Drone/BambiplayGit-Fast-Drone-250-tuned_simulation/devel/include/gtsam/slam/BearingRangeFactor.h)
Linked: (/home/nics/Drone/BambiplayGit-Fast-Drone-250-tuned_simulation/devel/.private/gtsam_catkin/include/gtsam/slam/JacobianFactorQR.h, /home/nics/Drone/BambiplayGit-Fast-Drone-250-tuned_simulation/devel/include/gtsam/slam/JacobianFactorQR.h)
Linked: (/home/nics/Drone/BambiplayGit-Fast-Drone-250-tuned_simulation/devel/.private/gtsam_catkin/include/gtsam/slam/JacobianFactorQ.h, /home/nics/Drone/BambiplayGit-Fast-Drone-250-tuned_simulation/devel/include/gtsam/slam/JacobianFactorQ.h)
Linked: (/home/nics/Drone/BambiplayGit-Fast-Drone-250-tuned_simulation/devel/.private/gtsam_catkin/include/gtsam/slam/RotateFactor.h, /home/nics/Drone/BambiplayGit-Fast-Drone-250-tuned_simulation/devel/include/gtsam/slam/RotateFactor.h)
Linked: (/home/nics/Drone/BambiplayGit-Fast-Drone-250-tuned_simulation/devel/.private/gtsam_catkin/include/gtsam/slam/GeneralSFMFactor.h, /home/nics/Drone/BambiplayGit-Fast-Drone-250-tuned_simulation/devel/include/gtsam/slam/GeneralSFMFactor.h)
Linked: (/home/nics/Drone/BambiplayGit-Fast-Drone-250-tuned_simulation/devel/.private/gtsam_catkin/include/gtsam/slam/SmartProjectionFactor.h, /home/nics/Drone/BambiplayGit-Fast-Drone-250-tuned_simulation/devel/include/gtsam/slam/SmartProjectionFactor.h)
Linked: (/home/nics/Drone/BambiplayGit-Fast-Drone-250-tuned_simulation/devel/.private/gtsam_catkin/include/gtsam/slam/PriorFactor.h, /home/nics/Drone/BambiplayGit-Fast-Drone-250-tuned_simulation/devel/include/gtsam/slam/PriorFactor.h)
Linked: (/home/nics/Drone/BambiplayGit-Fast-Drone-250-tuned_simulation/devel/.private/gtsam_catkin/include/gtsam/slam/RangeFactor.h, /home/nics/Drone/BambiplayGit-Fast-Drone-250-tuned_simulation/devel/include/gtsam/slam/RangeFactor.h)
Linked: (/home/nics/Drone/BambiplayGit-Fast-Drone-250-tuned_simulation/devel/.private/gtsam_catkin/include/gtsam/slam/JacobianFactorSVD.h, /home/nics/Drone/BambiplayGit-Fast-Drone-250-tuned_simulation/devel/include/gtsam/slam/JacobianFactorSVD.h)
Linked: (/home/nics/Drone/BambiplayGit-Fast-Drone-250-tuned_simulation/devel/.private/gtsam_catkin/include/gtsam/slam/RegularImplicitSchurFactor.h, /home/nics/Drone/BambiplayGit-Fast-Drone-250-tuned_simulation/devel/include/gtsam/slam/RegularImplicitSchurFactor.h)
Linked: (/home/nics/Drone/BambiplayGit-Fast-Drone-250-tuned_simulation/devel/.private/gtsam_catkin/include/gtsam/slam/expressions.h, /home/nics/Drone/BambiplayGit-Fast-Drone-250-tuned_simulation/devel/include/gtsam/slam/expressions.h)
Linked: (/home/nics/Drone/BambiplayGit-Fast-Drone-250-tuned_simulation/devel/.private/gtsam_catkin/include/gtsam/slam/BearingFactor.h, /home/nics/Drone/BambiplayGit-Fast-Drone-250-tuned_simulation/devel/include/gtsam/slam/BearingFactor.h)
Linked: (/home/nics/Drone/BambiplayGit-Fast-Drone-250-tuned_simulation/devel/.private/gtsam_catkin/include/gtsam/slam/PoseTranslationPrior.h, /home/nics/Drone/BambiplayGit-Fast-Drone-250-tuned_simulation/devel/include/gtsam/slam/PoseTranslationPrior.h)
Linked: (/home/nics/Drone/BambiplayGit-Fast-Drone-250-tuned_simulation/devel/.private/gtsam_catkin/include/wrap/matlab.h, /home/nics/Drone/BambiplayGit-Fast-Drone-250-tuned_simulation/devel/include/wrap/matlab.h)
Linked: (/home/nics/Drone/BambiplayGit-Fast-Drone-250-tuned_simulation/devel/.private/gtsam_catkin/include/gtsam_unstable/discrete/BinaryAllDiff.h, /home/nics/Drone/BambiplayGit-Fast-Drone-250-tuned_simulation/devel/include/gtsam_unstable/discrete/BinaryAllDiff.h)
Linked: (/home/nics/Drone/BambiplayGit-Fast-Drone-250-tuned_simulation/devel/.private/gtsam_catkin/include/gtsam_unstable/discrete/Domain.h, /home/nics/Drone/BambiplayGit-Fast-Drone-250-tuned_simulation/devel/include/gtsam_unstable/discrete/Domain.h)
Linked: (/home/nics/Drone/BambiplayGit-Fast-Drone-250-tuned_simulation/devel/.private/gtsam_catkin/include/gtsam_unstable/discrete/CSP.h, /home/nics/Drone/BambiplayGit-Fast-Drone-250-tuned_simulation/devel/include/gtsam_unstable/discrete/CSP.h)
Linked: (/home/nics/Drone/BambiplayGit-Fast-Drone-250-tuned_simulation/devel/.private/gtsam_catkin/include/gtsam_unstable/discrete/Constraint.h, /home/nics/Drone/BambiplayGit-Fast-Drone-250-tuned_simulation/devel/include/gtsam_unstable/discrete/Constraint.h)
Linked: (/home/nics/Drone/BambiplayGit-Fast-Drone-250-tuned_simulation/devel/.private/gtsam_catkin/include/gtsam_unstable/discrete/AllDiff.h, /home/nics/Drone/BambiplayGit-Fast-Drone-250-tuned_simulation/devel/include/gtsam_unstable/discrete/AllDiff.h)
Linked: (/home/nics/Drone/BambiplayGit-Fast-Drone-250-tuned_simulation/devel/.private/gtsam_catkin/include/gtsam_unstable/discrete/Scheduler.h, /home/nics/Drone/BambiplayGit-Fast-Drone-250-tuned_simulation/devel/include/gtsam_unstable/discrete/Scheduler.h)
Linked: (/home/nics/Drone/BambiplayGit-Fast-Drone-250-tuned_simulation/devel/.private/gtsam_catkin/include/gtsam_unstable/discrete/SingleValue.h, /home/nics/Drone/BambiplayGit-Fast-Drone-250-tuned_simulation/devel/include/gtsam_unstable/discrete/SingleValue.h)
Linked: (/home/nics/Drone/BambiplayGit-Fast-Drone-250-tuned_simulation/devel/.private/gtsam_catkin/include/gtsam_unstable/linear/LPInitSolver.h, /home/nics/Drone/BambiplayGit-Fast-Drone-250-tuned_simulation/devel/include/gtsam_unstable/linear/LPInitSolver.h)
Linked: (/home/nics/Drone/BambiplayGit-Fast-Drone-250-tuned_simulation/devel/.private/gtsam_catkin/include/gtsam_unstable/linear/LPSolver.h, /home/nics/Drone/BambiplayGit-Fast-Drone-250-tuned_simulation/devel/include/gtsam_unstable/linear/LPSolver.h)
Linked: (/home/nics/Drone/BambiplayGit-Fast-Drone-250-tuned_simulation/devel/.private/gtsam_catkin/include/gtsam_unstable/linear/LinearInequality.h, /home/nics/Drone/BambiplayGit-Fast-Drone-250-tuned_simulation/devel/include/gtsam_unstable/linear/LinearInequality.h)
Linked: (/home/nics/Drone/BambiplayGit-Fast-Drone-250-tuned_simulation/devel/.private/gtsam_catkin/include/gtsam_unstable/linear/QPInitSolver.h, /home/nics/Drone/BambiplayGit-Fast-Drone-250-tuned_simulation/devel/include/gtsam_unstable/linear/QPInitSolver.h)
Linked: (/home/nics/Drone/BambiplayGit-Fast-Drone-250-tuned_simulation/devel/.private/gtsam_catkin/include/gtsam_unstable/linear/InfeasibleInitialValues.h, /home/nics/Drone/BambiplayGit-Fast-Drone-250-tuned_simulation/devel/include/gtsam_unstable/linear/InfeasibleInitialValues.h)
Linked: (/home/nics/Drone/BambiplayGit-Fast-Drone-250-tuned_simulation/devel/.private/gtsam_catkin/include/gtsam_unstable/linear/QPSolver.h, /home/nics/Drone/BambiplayGit-Fast-Drone-250-tuned_simulation/devel/include/gtsam_unstable/linear/QPSolver.h)
Linked: (/home/nics/Drone/BambiplayGit-Fast-Drone-250-tuned_simulation/devel/.private/gtsam_catkin/include/gtsam_unstable/linear/LinearCost.h, /home/nics/Drone/BambiplayGit-Fast-Drone-250-tuned_simulation/devel/include/gtsam_unstable/linear/LinearCost.h)
Linked: (/home/nics/Drone/BambiplayGit-Fast-Drone-250-tuned_simulation/devel/.private/gtsam_catkin/include/gtsam_unstable/linear/InfeasibleOrUnboundedProblem.h, /home/nics/Drone/BambiplayGit-Fast-Drone-250-tuned_simulation/devel/include/gtsam_unstable/linear/InfeasibleOrUnboundedProblem.h)
Linked: (/home/nics/Drone/BambiplayGit-Fast-Drone-250-tuned_simulation/devel/.private/gtsam_catkin/include/gtsam_unstable/linear/EqualityFactorGraph.h, /home/nics/Drone/BambiplayGit-Fast-Drone-250-tuned_simulation/devel/include/gtsam_unstable/linear/EqualityFactorGraph.h)
Linked: (/home/nics/Drone/BambiplayGit-Fast-Drone-250-tuned_simulation/devel/.private/gtsam_catkin/include/gtsam_unstable/linear/QP.h, /home/nics/Drone/BambiplayGit-Fast-Drone-250-tuned_simulation/devel/include/gtsam_unstable/linear/QP.h)
Linked: (/home/nics/Drone/BambiplayGit-Fast-Drone-250-tuned_simulation/devel/.private/gtsam_catkin/include/gtsam_unstable/linear/ActiveSetSolver-inl.h, /home/nics/Drone/BambiplayGit-Fast-Drone-250-tuned_simulation/devel/include/gtsam_unstable/linear/ActiveSetSolver-inl.h)
Linked: (/home/nics/Drone/BambiplayGit-Fast-Drone-250-tuned_simulation/devel/.private/gtsam_catkin/include/gtsam_unstable/linear/LP.h, /home/nics/Drone/BambiplayGit-Fast-Drone-250-tuned_simulation/devel/include/gtsam_unstable/linear/LP.h)
Linked: (/home/nics/Drone/BambiplayGit-Fast-Drone-250-tuned_simulation/devel/.private/gtsam_catkin/include/gtsam_unstable/linear/LinearEquality.h, /home/nics/Drone/BambiplayGit-Fast-Drone-250-tuned_simulation/devel/include/gtsam_unstable/linear/LinearEquality.h)
Linked: (/home/nics/Drone/BambiplayGit-Fast-Drone-250-tuned_simulation/devel/.private/gtsam_catkin/include/gtsam_unstable/linear/QPSParser.h, /home/nics/Drone/BambiplayGit-Fast-Drone-250-tuned_simulation/devel/include/gtsam_unstable/linear/QPSParser.h)
Linked: (/home/nics/Drone/BambiplayGit-Fast-Drone-250-tuned_simulation/devel/.private/gtsam_catkin/include/gtsam_unstable/linear/RawQP.h, /home/nics/Drone/BambiplayGit-Fast-Drone-250-tuned_simulation/devel/include/gtsam_unstable/linear/RawQP.h)
Linked: (/home/nics/Drone/BambiplayGit-Fast-Drone-250-tuned_simulation/devel/.private/gtsam_catkin/include/gtsam_unstable/linear/ActiveSetSolver.h, /home/nics/Drone/BambiplayGit-Fast-Drone-250-tuned_simulation/devel/include/gtsam_unstable/linear/ActiveSetSolver.h)
Linked: (/home/nics/Drone/BambiplayGit-Fast-Drone-250-tuned_simulation/devel/.private/gtsam_catkin/include/gtsam_unstable/linear/InequalityFactorGraph.h, /home/nics/Drone/BambiplayGit-Fast-Drone-250-tuned_simulation/devel/include/gtsam_unstable/linear/InequalityFactorGraph.h)
Linked: (/home/nics/Drone/BambiplayGit-Fast-Drone-250-tuned_simulation/devel/.private/gtsam_catkin/include/gtsam_unstable/linear/QPSParserException.h, /home/nics/Drone/BambiplayGit-Fast-Drone-250-tuned_simulation/devel/include/gtsam_unstable/linear/QPSParserException.h)
Linked: (/home/nics/Drone/BambiplayGit-Fast-Drone-250-tuned_simulation/devel/.private/gtsam_catkin/include/gtsam_unstable/base/DSFMap.h, /home/nics/Drone/BambiplayGit-Fast-Drone-250-tuned_simulation/devel/include/gtsam_unstable/base/DSFMap.h)
Linked: (/home/nics/Drone/BambiplayGit-Fast-Drone-250-tuned_simulation/devel/.private/gtsam_catkin/include/gtsam_unstable/base/BTree.h, /home/nics/Drone/BambiplayGit-Fast-Drone-250-tuned_simulation/devel/include/gtsam_unstable/base/BTree.h)
Linked: (/home/nics/Drone/BambiplayGit-Fast-Drone-250-tuned_simulation/devel/.private/gtsam_catkin/include/gtsam_unstable/base/Dummy.h, /home/nics/Drone/BambiplayGit-Fast-Drone-250-tuned_simulation/devel/include/gtsam_unstable/base/Dummy.h)
Linked: (/home/nics/Drone/BambiplayGit-Fast-Drone-250-tuned_simulation/devel/.private/gtsam_catkin/include/gtsam_unstable/base/DSF.h, /home/nics/Drone/BambiplayGit-Fast-Drone-250-tuned_simulation/devel/include/gtsam_unstable/base/DSF.h)
Linked: (/home/nics/Drone/BambiplayGit-Fast-Drone-250-tuned_simulation/devel/.private/gtsam_catkin/include/gtsam_unstable/base/dllexport.h, /home/nics/Drone/BambiplayGit-Fast-Drone-250-tuned_simulation/devel/include/gtsam_unstable/base/dllexport.h)
Linked: (/home/nics/Drone/BambiplayGit-Fast-Drone-250-tuned_simulation/devel/.private/gtsam_catkin/include/gtsam_unstable/base/FixedVector.h, /home/nics/Drone/BambiplayGit-Fast-Drone-250-tuned_simulation/devel/include/gtsam_unstable/base/FixedVector.h)
Linked: (/home/nics/Drone/BambiplayGit-Fast-Drone-250-tuned_simulation/devel/.private/gtsam_catkin/include/gtsam_unstable/nonlinear/ConcurrentIncrementalSmoother.h, /home/nics/Drone/BambiplayGit-Fast-Drone-250-tuned_simulation/devel/include/gtsam_unstable/nonlinear/ConcurrentIncrementalSmoother.h)
Linked: (/home/nics/Drone/BambiplayGit-Fast-Drone-250-tuned_simulation/devel/.private/gtsam_catkin/include/gtsam_unstable/nonlinear/IncrementalFixedLagSmoother.h, /home/nics/Drone/BambiplayGit-Fast-Drone-250-tuned_simulation/devel/include/gtsam_unstable/nonlinear/IncrementalFixedLagSmoother.h)
Linked: (/home/nics/Drone/BambiplayGit-Fast-Drone-250-tuned_simulation/devel/.private/gtsam_catkin/include/gtsam_unstable/nonlinear/ConcurrentFilteringAndSmoothing.h, /home/nics/Drone/BambiplayGit-Fast-Drone-250-tuned_simulation/devel/include/gtsam_unstable/nonlinear/ConcurrentFilteringAndSmoothing.h)
Linked: (/home/nics/Drone/BambiplayGit-Fast-Drone-250-tuned_simulation/devel/.private/gtsam_catkin/include/gtsam_unstable/nonlinear/NonlinearClusterTree.h, /home/nics/Drone/BambiplayGit-Fast-Drone-250-tuned_simulation/devel/include/gtsam_unstable/nonlinear/NonlinearClusterTree.h)
Linked: (/home/nics/Drone/BambiplayGit-Fast-Drone-250-tuned_simulation/devel/.private/gtsam_catkin/include/gtsam_unstable/nonlinear/ConcurrentIncrementalFilter.h, /home/nics/Drone/BambiplayGit-Fast-Drone-250-tuned_simulation/devel/include/gtsam_unstable/nonlinear/ConcurrentIncrementalFilter.h)
Linked: (/home/nics/Drone/BambiplayGit-Fast-Drone-250-tuned_simulation/devel/.private/gtsam_catkin/include/gtsam_unstable/nonlinear/ConcurrentBatchFilter.h, /home/nics/Drone/BambiplayGit-Fast-Drone-250-tuned_simulation/devel/include/gtsam_unstable/nonlinear/ConcurrentBatchFilter.h)
Linked: (/home/nics/Drone/BambiplayGit-Fast-Drone-250-tuned_simulation/devel/.private/gtsam_catkin/include/gtsam_unstable/nonlinear/ConcurrentBatchSmoother.h, /home/nics/Drone/BambiplayGit-Fast-Drone-250-tuned_simulation/devel/include/gtsam_unstable/nonlinear/ConcurrentBatchSmoother.h)
Linked: (/home/nics/Drone/BambiplayGit-Fast-Drone-250-tuned_simulation/devel/.private/gtsam_catkin/include/gtsam_unstable/nonlinear/LinearizedFactor.h, /home/nics/Drone/BambiplayGit-Fast-Drone-250-tuned_simulation/devel/include/gtsam_unstable/nonlinear/LinearizedFactor.h)
Linked: (/home/nics/Drone/BambiplayGit-Fast-Drone-250-tuned_simulation/devel/.private/gtsam_catkin/include/gtsam_unstable/nonlinear/BatchFixedLagSmoother.h, /home/nics/Drone/BambiplayGit-Fast-Drone-250-tuned_simulation/devel/include/gtsam_unstable/nonlinear/BatchFixedLagSmoother.h)
Linked: (/home/nics/Drone/BambiplayGit-Fast-Drone-250-tuned_simulation/devel/.private/gtsam_catkin/include/gtsam_unstable/nonlinear/FixedLagSmoother.h, /home/nics/Drone/BambiplayGit-Fast-Drone-250-tuned_simulation/devel/include/gtsam_unstable/nonlinear/FixedLagSmoother.h)
Linked: (/home/nics/Drone/BambiplayGit-Fast-Drone-250-tuned_simulation/devel/.private/gtsam_catkin/include/gtsam_unstable/geometry/InvDepthCamera3.h, /home/nics/Drone/BambiplayGit-Fast-Drone-250-tuned_simulation/devel/include/gtsam_unstable/geometry/InvDepthCamera3.h)
Linked: (/home/nics/Drone/BambiplayGit-Fast-Drone-250-tuned_simulation/devel/.private/gtsam_catkin/include/gtsam_unstable/geometry/SimPolygon2D.h, /home/nics/Drone/BambiplayGit-Fast-Drone-250-tuned_simulation/devel/include/gtsam_unstable/geometry/SimPolygon2D.h)
Linked: (/home/nics/Drone/BambiplayGit-Fast-Drone-250-tuned_simulation/devel/.private/gtsam_catkin/include/gtsam_unstable/geometry/Event.h, /home/nics/Drone/BambiplayGit-Fast-Drone-250-tuned_simulation/devel/include/gtsam_unstable/geometry/Event.h)
Linked: (/home/nics/Drone/BambiplayGit-Fast-Drone-250-tuned_simulation/devel/.private/gtsam_catkin/include/gtsam_unstable/geometry/SimWall2D.h, /home/nics/Drone/BambiplayGit-Fast-Drone-250-tuned_simulation/devel/include/gtsam_unstable/geometry/SimWall2D.h)
Linked: (/home/nics/Drone/BambiplayGit-Fast-Drone-250-tuned_simulation/devel/.private/gtsam_catkin/include/gtsam_unstable/geometry/BearingS2.h, /home/nics/Drone/BambiplayGit-Fast-Drone-250-tuned_simulation/devel/include/gtsam_unstable/geometry/BearingS2.h)
Linked: (/home/nics/Drone/BambiplayGit-Fast-Drone-250-tuned_simulation/devel/.private/gtsam_catkin/include/gtsam_unstable/geometry/Pose3Upright.h, /home/nics/Drone/BambiplayGit-Fast-Drone-250-tuned_simulation/devel/include/gtsam_unstable/geometry/Pose3Upright.h)
Linked: (/home/nics/Drone/BambiplayGit-Fast-Drone-250-tuned_simulation/devel/.private/gtsam_catkin/include/gtsam_unstable/geometry/Similarity3.h, /home/nics/Drone/BambiplayGit-Fast-Drone-250-tuned_simulation/devel/include/gtsam_unstable/geometry/Similarity3.h)
Linked: (/home/nics/Drone/BambiplayGit-Fast-Drone-250-tuned_simulation/devel/.private/gtsam_catkin/include/gtsam_unstable/dynamics/Pendulum.h, /home/nics/Drone/BambiplayGit-Fast-Drone-250-tuned_simulation/devel/include/gtsam_unstable/dynamics/Pendulum.h)
Linked: (/home/nics/Drone/BambiplayGit-Fast-Drone-250-tuned_simulation/devel/.private/gtsam_catkin/include/gtsam_unstable/dynamics/PoseRTV.h, /home/nics/Drone/BambiplayGit-Fast-Drone-250-tuned_simulation/devel/include/gtsam_unstable/dynamics/PoseRTV.h)
Linked: (/home/nics/Drone/BambiplayGit-Fast-Drone-250-tuned_simulation/devel/.private/gtsam_catkin/include/gtsam_unstable/dynamics/VelocityConstraint.h, /home/nics/Drone/BambiplayGit-Fast-Drone-250-tuned_simulation/devel/include/gtsam_unstable/dynamics/VelocityConstraint.h)
Linked: (/home/nics/Drone/BambiplayGit-Fast-Drone-250-tuned_simulation/devel/.private/gtsam_catkin/include/gtsam_unstable/dynamics/DynamicsPriors.h, /home/nics/Drone/BambiplayGit-Fast-Drone-250-tuned_simulation/devel/include/gtsam_unstable/dynamics/DynamicsPriors.h)
Linked: (/home/nics/Drone/BambiplayGit-Fast-Drone-250-tuned_simulation/devel/.private/gtsam_catkin/include/gtsam_unstable/dynamics/SimpleHelicopter.h, /home/nics/Drone/BambiplayGit-Fast-Drone-250-tuned_simulation/devel/include/gtsam_unstable/dynamics/SimpleHelicopter.h)
Linked: (/home/nics/Drone/BambiplayGit-Fast-Drone-250-tuned_simulation/devel/.private/gtsam_catkin/include/gtsam_unstable/dynamics/VelocityConstraint3.h, /home/nics/Drone/BambiplayGit-Fast-Drone-250-tuned_simulation/devel/include/gtsam_unstable/dynamics/VelocityConstraint3.h)
Linked: (/home/nics/Drone/BambiplayGit-Fast-Drone-250-tuned_simulation/devel/.private/gtsam_catkin/include/gtsam_unstable/dynamics/IMUFactor.h, /home/nics/Drone/BambiplayGit-Fast-Drone-250-tuned_simulation/devel/include/gtsam_unstable/dynamics/IMUFactor.h)
Linked: (/home/nics/Drone/BambiplayGit-Fast-Drone-250-tuned_simulation/devel/.private/gtsam_catkin/include/gtsam_unstable/dynamics/FullIMUFactor.h, /home/nics/Drone/BambiplayGit-Fast-Drone-250-tuned_simulation/devel/include/gtsam_unstable/dynamics/FullIMUFactor.h)
Linked: (/home/nics/Drone/BambiplayGit-Fast-Drone-250-tuned_simulation/devel/.private/gtsam_catkin/include/gtsam_unstable/slam/InvDepthFactorVariant3.h, /home/nics/Drone/BambiplayGit-Fast-Drone-250-tuned_simulation/devel/include/gtsam_unstable/slam/InvDepthFactorVariant3.h)
Linked: (/home/nics/Drone/BambiplayGit-Fast-Drone-250-tuned_simulation/devel/.private/gtsam_catkin/include/gtsam_unstable/slam/DummyFactor.h, /home/nics/Drone/BambiplayGit-Fast-Drone-250-tuned_simulation/devel/include/gtsam_unstable/slam/DummyFactor.h)
Linked: (/home/nics/Drone/BambiplayGit-Fast-Drone-250-tuned_simulation/devel/.private/gtsam_catkin/include/gtsam_unstable/slam/InvDepthFactor3.h, /home/nics/Drone/BambiplayGit-Fast-Drone-250-tuned_simulation/devel/include/gtsam_unstable/slam/InvDepthFactor3.h)
Linked: (/home/nics/Drone/BambiplayGit-Fast-Drone-250-tuned_simulation/devel/.private/gtsam_catkin/include/gtsam_unstable/slam/TransformBtwRobotsUnaryFactorEM.h, /home/nics/Drone/BambiplayGit-Fast-Drone-250-tuned_simulation/devel/include/gtsam_unstable/slam/TransformBtwRobotsUnaryFactorEM.h)
Linked: (/home/nics/Drone/BambiplayGit-Fast-Drone-250-tuned_simulation/devel/.private/gtsam_catkin/include/gtsam_unstable/slam/TSAMFactors.h, /home/nics/Drone/BambiplayGit-Fast-Drone-250-tuned_simulation/devel/include/gtsam_unstable/slam/TSAMFactors.h)
Linked: (/home/nics/Drone/BambiplayGit-Fast-Drone-250-tuned_simulation/devel/.private/gtsam_catkin/include/gtsam_unstable/slam/ProjectionFactorPPP.h, /home/nics/Drone/BambiplayGit-Fast-Drone-250-tuned_simulation/devel/include/gtsam_unstable/slam/ProjectionFactorPPP.h)
Linked: (/home/nics/Drone/BambiplayGit-Fast-Drone-250-tuned_simulation/devel/.private/gtsam_catkin/include/gtsam_unstable/slam/AHRS.h, /home/nics/Drone/BambiplayGit-Fast-Drone-250-tuned_simulation/devel/include/gtsam_unstable/slam/AHRS.h)
Linked: (/home/nics/Drone/BambiplayGit-Fast-Drone-250-tuned_simulation/devel/.private/gtsam_catkin/include/gtsam_unstable/slam/InvDepthFactorVariant2.h, /home/nics/Drone/BambiplayGit-Fast-Drone-250-tuned_simulation/devel/include/gtsam_unstable/slam/InvDepthFactorVariant2.h)
Linked: (/home/nics/Drone/BambiplayGit-Fast-Drone-250-tuned_simulation/devel/.private/gtsam_catkin/include/gtsam_unstable/slam/SmartStereoProjectionFactor.h, /home/nics/Drone/BambiplayGit-Fast-Drone-250-tuned_simulation/devel/include/gtsam_unstable/slam/SmartStereoProjectionFactor.h)
Linked: (/home/nics/Drone/BambiplayGit-Fast-Drone-250-tuned_simulation/devel/.private/gtsam_catkin/include/gtsam_unstable/slam/BetweenFactorEM.h, /home/nics/Drone/BambiplayGit-Fast-Drone-250-tuned_simulation/devel/include/gtsam_unstable/slam/BetweenFactorEM.h)
Linked: (/home/nics/Drone/BambiplayGit-Fast-Drone-250-tuned_simulation/devel/.private/gtsam_catkin/include/gtsam_unstable/slam/TransformBtwRobotsUnaryFactor.h, /home/nics/Drone/BambiplayGit-Fast-Drone-250-tuned_simulation/devel/include/gtsam_unstable/slam/TransformBtwRobotsUnaryFactor.h)
Linked: (/home/nics/Drone/BambiplayGit-Fast-Drone-250-tuned_simulation/devel/.private/gtsam_catkin/include/gtsam_unstable/slam/PartialPriorFactor.h, /home/nics/Drone/BambiplayGit-Fast-Drone-250-tuned_simulation/devel/include/gtsam_unstable/slam/PartialPriorFactor.h)
Linked: (/home/nics/Drone/BambiplayGit-Fast-Drone-250-tuned_simulation/devel/.private/gtsam_catkin/include/gtsam_unstable/slam/TOAFactor.h, /home/nics/Drone/BambiplayGit-Fast-Drone-250-tuned_simulation/devel/include/gtsam_unstable/slam/TOAFactor.h)
Linked: (/home/nics/Drone/BambiplayGit-Fast-Drone-250-tuned_simulation/devel/.private/gtsam_catkin/include/gtsam_unstable/slam/MultiProjectionFactor.h, /home/nics/Drone/BambiplayGit-Fast-Drone-250-tuned_simulation/devel/include/gtsam_unstable/slam/MultiProjectionFactor.h)
Linked: (/home/nics/Drone/BambiplayGit-Fast-Drone-250-tuned_simulation/devel/.private/gtsam_catkin/include/gtsam_unstable/slam/EquivInertialNavFactor_GlobalVel_NoBias.h, /home/nics/Drone/BambiplayGit-Fast-Drone-250-tuned_simulation/devel/include/gtsam_unstable/slam/EquivInertialNavFactor_GlobalVel_NoBias.h)
Linked: (/home/nics/Drone/BambiplayGit-Fast-Drone-250-tuned_simulation/devel/.private/gtsam_catkin/include/gtsam_unstable/slam/ProjectionFactorPPPC.h, /home/nics/Drone/BambiplayGit-Fast-Drone-250-tuned_simulation/devel/include/gtsam_unstable/slam/ProjectionFactorPPPC.h)
Linked: (/home/nics/Drone/BambiplayGit-Fast-Drone-250-tuned_simulation/devel/.private/gtsam_catkin/include/gtsam_unstable/slam/Mechanization_bRn2.h, /home/nics/Drone/BambiplayGit-Fast-Drone-250-tuned_simulation/devel/include/gtsam_unstable/slam/Mechanization_bRn2.h)
Linked: (/home/nics/Drone/BambiplayGit-Fast-Drone-250-tuned_simulation/devel/.private/gtsam_catkin/include/gtsam_unstable/slam/GaussMarkov1stOrderFactor.h, /home/nics/Drone/BambiplayGit-Fast-Drone-250-tuned_simulation/devel/include/gtsam_unstable/slam/GaussMarkov1stOrderFactor.h)
Linked: (/home/nics/Drone/BambiplayGit-Fast-Drone-250-tuned_simulation/devel/.private/gtsam_catkin/include/gtsam_unstable/slam/PoseBetweenFactor.h, /home/nics/Drone/BambiplayGit-Fast-Drone-250-tuned_simulation/devel/include/gtsam_unstable/slam/PoseBetweenFactor.h)
Linked: (/home/nics/Drone/BambiplayGit-Fast-Drone-250-tuned_simulation/devel/.private/gtsam_catkin/include/gtsam_unstable/slam/PosePriorFactor.h, /home/nics/Drone/BambiplayGit-Fast-Drone-250-tuned_simulation/devel/include/gtsam_unstable/slam/PosePriorFactor.h)
Linked: (/home/nics/Drone/BambiplayGit-Fast-Drone-250-tuned_simulation/devel/.private/gtsam_catkin/include/gtsam_unstable/slam/InertialNavFactor_GlobalVelocity.h, /home/nics/Drone/BambiplayGit-Fast-Drone-250-tuned_simulation/devel/include/gtsam_unstable/slam/InertialNavFactor_GlobalVelocity.h)
Linked: (/home/nics/Drone/BambiplayGit-Fast-Drone-250-tuned_simulation/devel/.private/gtsam_catkin/include/gtsam_unstable/slam/RelativeElevationFactor.h, /home/nics/Drone/BambiplayGit-Fast-Drone-250-tuned_simulation/devel/include/gtsam_unstable/slam/RelativeElevationFactor.h)
Linked: (/home/nics/Drone/BambiplayGit-Fast-Drone-250-tuned_simulation/devel/.private/gtsam_catkin/include/gtsam_unstable/slam/BiasedGPSFactor.h, /home/nics/Drone/BambiplayGit-Fast-Drone-250-tuned_simulation/devel/include/gtsam_unstable/slam/BiasedGPSFactor.h)
Linked: (/home/nics/Drone/BambiplayGit-Fast-Drone-250-tuned_simulation/devel/.private/gtsam_catkin/include/gtsam_unstable/slam/SmartStereoProjectionPoseFactor.h, /home/nics/Drone/BambiplayGit-Fast-Drone-250-tuned_simulation/devel/include/gtsam_unstable/slam/SmartStereoProjectionPoseFactor.h)
Linked: (/home/nics/Drone/BambiplayGit-Fast-Drone-250-tuned_simulation/devel/.private/gtsam_catkin/include/gtsam_unstable/slam/EquivInertialNavFactor_GlobalVel.h, /home/nics/Drone/BambiplayGit-Fast-Drone-250-tuned_simulation/devel/include/gtsam_unstable/slam/EquivInertialNavFactor_GlobalVel.h)
Linked: (/home/nics/Drone/BambiplayGit-Fast-Drone-250-tuned_simulation/devel/.private/gtsam_catkin/include/gtsam_unstable/slam/SmartRangeFactor.h, /home/nics/Drone/BambiplayGit-Fast-Drone-250-tuned_simulation/devel/include/gtsam_unstable/slam/SmartRangeFactor.h)
Linked: (/home/nics/Drone/BambiplayGit-Fast-Drone-250-tuned_simulation/devel/.private/gtsam_catkin/include/gtsam_unstable/slam/InvDepthFactorVariant1.h, /home/nics/Drone/BambiplayGit-Fast-Drone-250-tuned_simulation/devel/include/gtsam_unstable/slam/InvDepthFactorVariant1.h)
Linked: (/home/nics/Drone/BambiplayGit-Fast-Drone-250-tuned_simulation/devel/.private/gtsam_catkin/bin/wrap, /home/nics/Drone/BambiplayGit-Fast-Drone-250-tuned_simulation/devel/bin/wrap)
Linked: (/home/nics/Drone/BambiplayGit-Fast-Drone-250-tuned_simulation/devel/.private/gtsam_catkin/share/gtsam_catkin/cmake/gtsam_catkinConfig.cmake, /home/nics/Drone/BambiplayGit-Fast-Drone-250-tuned_simulation/devel/share/gtsam_catkin/cmake/gtsam_catkinConfig.cmake)
Linked: (/home/nics/Drone/BambiplayGit-Fast-Drone-250-tuned_simulation/devel/.private/gtsam_catkin/share/gtsam_catkin/cmake/gtsam_catkinConfig-version.cmake, /home/nics/Drone/BambiplayGit-Fast-Drone-250-tuned_simulation/devel/share/gtsam_catkin/cmake/gtsam_catkinConfig-version.cmake)
