In file included from [01m[K/home/nics/Drone/BambiplayGit-Fast-Drone-250-tuned_simulation/devel/.private/gtsam_catkin/include/gtsam/base/types.h:31[m[K,
                 from [01m[K/home/nics/Drone/BambiplayGit-Fast-Drone-250-tuned_simulation/devel/.private/gtsam_catkin/include/gtsam/global_includes.h:22[m[K,
                 from [01m[K/home/nics/Drone/BambiplayGit-Fast-Drone-250-tuned_simulation/devel/.private/gtsam_catkin/include/gtsam/base/Vector.h:27[m[K,
                 from [01m[K/home/nics/Drone/BambiplayGit-Fast-Drone-250-tuned_simulation/devel/.private/gtsam_catkin/include/gtsam/base/Matrix.h:26[m[K,
                 from [01m[K/home/nics/Drone/BambiplayGit-Fast-Drone-250-tuned_simulation/devel/.private/gtsam_catkin/include/gtsam/base/Manifold.h:22[m[K,
                 from [01m[K/home/nics/Drone/BambiplayGit-Fast-Drone-250-tuned_simulation/devel/.private/gtsam_catkin/include/gtsam/geometry/BearingRange.h:21[m[K,
                 from [01m[K/home/nics/Drone/BambiplayGit-Fast-Drone-250-tuned_simulation/devel/.private/gtsam_catkin/include/gtsam/geometry/Pose3.h:22[m[K,
                 from [01m[K/home/nics/Drone/BambiplayGit-Fast-Drone-250-tuned_simulation/src/uwb/src/drift_node.cpp:14[m[K:
[01m[K/usr/include/tbb/task_scheduler_init.h:21:154:[m[K [01;36m[Knote: [m[K#pragma message: TBB Warning: tbb/task_scheduler_init.h is deprecated. For details, please see Deprecated Features appendix in the TBB reference manual.
   21 | #pragma message("TBB Warning: tbb/task_scheduler_init.h is deprecated. For details, please see Deprecated Features appendix in the TBB reference manual."[01;36m[K)[m[K
      |                                                                                                                                                          [01;36m[K^[m[K
In file included from [01m[K/home/nics/Drone/BambiplayGit-Fast-Drone-250-tuned_simulation/devel/.private/gtsam_catkin/include/gtsam/base/types.h:31[m[K,
                 from [01m[K/home/nics/Drone/BambiplayGit-Fast-Drone-250-tuned_simulation/devel/.private/gtsam_catkin/include/gtsam/global_includes.h:22[m[K,
                 from [01m[K/home/nics/Drone/BambiplayGit-Fast-Drone-250-tuned_simulation/devel/.private/gtsam_catkin/include/gtsam/base/Vector.h:27[m[K,
                 from [01m[K/home/nics/Drone/BambiplayGit-Fast-Drone-250-tuned_simulation/devel/.private/gtsam_catkin/include/gtsam/base/Matrix.h:26[m[K,
                 from [01m[K/home/nics/Drone/BambiplayGit-Fast-Drone-250-tuned_simulation/devel/.private/gtsam_catkin/include/gtsam/base/Manifold.h:22[m[K,
                 from [01m[K/home/nics/Drone/BambiplayGit-Fast-Drone-250-tuned_simulation/devel/.private/gtsam_catkin/include/gtsam/geometry/BearingRange.h:21[m[K,
                 from [01m[K/home/nics/Drone/BambiplayGit-Fast-Drone-250-tuned_simulation/devel/.private/gtsam_catkin/include/gtsam/geometry/Pose2.h:23[m[K,
                 from [01m[K/home/nics/Drone/BambiplayGit-Fast-Drone-250-tuned_simulation/src/uwb/src/2DRYEFactors.hpp:2[m[K,
                 from [01m[K/home/nics/Drone/BambiplayGit-Fast-Drone-250-tuned_simulation/src/uwb/src/uwb_cali.cpp:19[m[K:
[01m[K/usr/include/tbb/task_scheduler_init.h:21:154:[m[K [01;36m[Knote: [m[K#pragma message: TBB Warning: tbb/task_scheduler_init.h is deprecated. For details, please see Deprecated Features appendix in the TBB reference manual.
   21 | #pragma message("TBB Warning: tbb/task_scheduler_init.h is deprecated. For details, please see Deprecated Features appendix in the TBB reference manual."[01;36m[K)[m[K
      |                                                                                                                                                          [01;36m[K^[m[K
In file included from [01m[K/home/nics/Drone/BambiplayGit-Fast-Drone-250-tuned_simulation/devel/.private/gtsam_catkin/include/gtsam/geometry/Unit3.h:36[m[K,
                 from [01m[K/home/nics/Drone/BambiplayGit-Fast-Drone-250-tuned_simulation/devel/.private/gtsam_catkin/include/gtsam/geometry/Rot3.h:25[m[K,
                 from [01m[K/home/nics/Drone/BambiplayGit-Fast-Drone-250-tuned_simulation/devel/.private/gtsam_catkin/include/gtsam/geometry/Pose3.h:24[m[K,
                 from [01m[K/home/nics/Drone/BambiplayGit-Fast-Drone-250-tuned_simulation/src/uwb/src/drift_node.cpp:14[m[K:
[01m[K/usr/include/tbb/mutex.h:21:140:[m[K [01;36m[Knote: [m[K#pragma message: TBB Warning: tbb/mutex.h is deprecated. For details, please see Deprecated Features appendix in the TBB reference manual.
   21 | #pragma message("TBB Warning: tbb/mutex.h is deprecated. For details, please see Deprecated Features appendix in the TBB reference manual."[01;36m[K)[m[K
      |                                                                                                                                            [01;36m[K^[m[K
In file included from [01m[K/home/nics/Drone/BambiplayGit-Fast-Drone-250-tuned_simulation/devel/.private/gtsam_catkin/include/gtsam/linear/linearExceptions.h:20[m[K,
                 from [01m[K/home/nics/Drone/BambiplayGit-Fast-Drone-250-tuned_simulation/devel/.private/gtsam_catkin/include/gtsam/linear/JacobianFactor-inl.h:21[m[K,
                 from [01m[K/home/nics/Drone/BambiplayGit-Fast-Drone-250-tuned_simulation/devel/.private/gtsam_catkin/include/gtsam/linear/JacobianFactor.h:391[m[K,
                 from [01m[K/home/nics/Drone/BambiplayGit-Fast-Drone-250-tuned_simulation/devel/.private/gtsam_catkin/include/gtsam/nonlinear/NonlinearFactor.h:25[m[K,
                 from [01m[K/home/nics/Drone/BambiplayGit-Fast-Drone-250-tuned_simulation/src/uwb/src/2DRYEFactors.hpp:4[m[K,
                 from [01m[K/home/nics/Drone/BambiplayGit-Fast-Drone-250-tuned_simulation/src/uwb/src/uwb_cali.cpp:19[m[K:
[01m[K/home/nics/Drone/BambiplayGit-Fast-Drone-250-tuned_simulation/devel/.private/gtsam_catkin/include/gtsam/base/ThreadsafeException.h:48:30:[m[K [01;35m[Kwarning: [m[K‘[01m[Ktbb_exception[m[K’ is deprecated [[01;35m[K-Wdeprecated-declarations[m[K]
   48 |   typedef tbb::tbb_exception [01;35m[KBase[m[K;
      |                              [01;35m[K^~~~[m[K
In file included from [01m[K/home/nics/Drone/BambiplayGit-Fast-Drone-250-tuned_simulation/devel/.private/gtsam_catkin/include/gtsam/base/types.h:32[m[K,
                 from [01m[K/home/nics/Drone/BambiplayGit-Fast-Drone-250-tuned_simulation/devel/.private/gtsam_catkin/include/gtsam/global_includes.h:22[m[K,
                 from [01m[K/home/nics/Drone/BambiplayGit-Fast-Drone-250-tuned_simulation/devel/.private/gtsam_catkin/include/gtsam/base/Vector.h:27[m[K,
                 from [01m[K/home/nics/Drone/BambiplayGit-Fast-Drone-250-tuned_simulation/devel/.private/gtsam_catkin/include/gtsam/base/Matrix.h:26[m[K,
                 from [01m[K/home/nics/Drone/BambiplayGit-Fast-Drone-250-tuned_simulation/devel/.private/gtsam_catkin/include/gtsam/base/Manifold.h:22[m[K,
                 from [01m[K/home/nics/Drone/BambiplayGit-Fast-Drone-250-tuned_simulation/devel/.private/gtsam_catkin/include/gtsam/geometry/BearingRange.h:21[m[K,
                 from [01m[K/home/nics/Drone/BambiplayGit-Fast-Drone-250-tuned_simulation/devel/.private/gtsam_catkin/include/gtsam/geometry/Pose2.h:23[m[K,
                 from [01m[K/home/nics/Drone/BambiplayGit-Fast-Drone-250-tuned_simulation/src/uwb/src/2DRYEFactors.hpp:2[m[K,
                 from [01m[K/home/nics/Drone/BambiplayGit-Fast-Drone-250-tuned_simulation/src/uwb/src/uwb_cali.cpp:19[m[K:
[01m[K/usr/include/tbb/tbb_exception.h:137:24:[m[K [01;36m[Knote: [m[Kdeclared here
  137 | class __TBB_DEPRECATED [01;36m[Ktbb_exception[m[K : public std::exception
      |                        [01;36m[K^~~~~~~~~~~~~[m[K
In file included from [01m[K/home/nics/Drone/BambiplayGit-Fast-Drone-250-tuned_simulation/devel/.private/gtsam_catkin/include/gtsam/linear/linearExceptions.h:20[m[K,
                 from [01m[K/home/nics/Drone/BambiplayGit-Fast-Drone-250-tuned_simulation/devel/.private/gtsam_catkin/include/gtsam/linear/JacobianFactor-inl.h:21[m[K,
                 from [01m[K/home/nics/Drone/BambiplayGit-Fast-Drone-250-tuned_simulation/devel/.private/gtsam_catkin/include/gtsam/linear/JacobianFactor.h:391[m[K,
                 from [01m[K/home/nics/Drone/BambiplayGit-Fast-Drone-250-tuned_simulation/devel/.private/gtsam_catkin/include/gtsam/nonlinear/NonlinearFactor.h:25[m[K,
                 from [01m[K/home/nics/Drone/BambiplayGit-Fast-Drone-250-tuned_simulation/src/uwb/src/2DRYEFactors.hpp:4[m[K,
                 from [01m[K/home/nics/Drone/BambiplayGit-Fast-Drone-250-tuned_simulation/src/uwb/src/uwb_cali.cpp:19[m[K:
[01m[K/home/nics/Drone/BambiplayGit-Fast-Drone-250-tuned_simulation/devel/.private/gtsam_catkin/include/gtsam/base/ThreadsafeException.h:86:45:[m[K [01;35m[Kwarning: [m[K‘[01m[Ktbb_exception[m[K’ is deprecated [[01;35m[K-Wdeprecated-declarations[m[K]
   86 |   virtual tbb::tbb_exception* move() throw ([01;35m[K)[m[K {
      |                                             [01;35m[K^[m[K
In file included from [01m[K/home/nics/Drone/BambiplayGit-Fast-Drone-250-tuned_simulation/devel/.private/gtsam_catkin/include/gtsam/base/types.h:32[m[K,
                 from [01m[K/home/nics/Drone/BambiplayGit-Fast-Drone-250-tuned_simulation/devel/.private/gtsam_catkin/include/gtsam/global_includes.h:22[m[K,
                 from [01m[K/home/nics/Drone/BambiplayGit-Fast-Drone-250-tuned_simulation/devel/.private/gtsam_catkin/include/gtsam/base/Vector.h:27[m[K,
                 from [01m[K/home/nics/Drone/BambiplayGit-Fast-Drone-250-tuned_simulation/devel/.private/gtsam_catkin/include/gtsam/base/Matrix.h:26[m[K,
                 from [01m[K/home/nics/Drone/BambiplayGit-Fast-Drone-250-tuned_simulation/devel/.private/gtsam_catkin/include/gtsam/base/Manifold.h:22[m[K,
                 from [01m[K/home/nics/Drone/BambiplayGit-Fast-Drone-250-tuned_simulation/devel/.private/gtsam_catkin/include/gtsam/geometry/BearingRange.h:21[m[K,
                 from [01m[K/home/nics/Drone/BambiplayGit-Fast-Drone-250-tuned_simulation/devel/.private/gtsam_catkin/include/gtsam/geometry/Pose2.h:23[m[K,
                 from [01m[K/home/nics/Drone/BambiplayGit-Fast-Drone-250-tuned_simulation/src/uwb/src/2DRYEFactors.hpp:2[m[K,
                 from [01m[K/home/nics/Drone/BambiplayGit-Fast-Drone-250-tuned_simulation/src/uwb/src/uwb_cali.cpp:19[m[K:
[01m[K/usr/include/tbb/tbb_exception.h:137:24:[m[K [01;36m[Knote: [m[Kdeclared here
  137 | class __TBB_DEPRECATED [01;36m[Ktbb_exception[m[K : public std::exception
      |                        [01;36m[K^~~~~~~~~~~~~[m[K
[01m[K/home/nics/Drone/BambiplayGit-Fast-Drone-250-tuned_simulation/src/uwb/src/uwb_cali.cpp:79:28:[m[K [01;31m[Kerror: [m[Kduplicate ‘[01m[Kconst[m[K’
   79 |     void UwbResultCb(const [01;31m[Kconst[m[K uwb_msgs::UwbResultStampedConstPtr &msg);   // callback for uwb measurements
      |                            [01;31m[K^~~~~[m[K
      |                            [31m[K-----[m[K
make[2]: *** [CMakeFiles/uwb_cali.dir/build.make:63: CMakeFiles/uwb_cali.dir/src/uwb_cali.cpp.o] Error 1
make[1]: *** [CMakeFiles/Makefile2:733: CMakeFiles/uwb_cali.dir/all] Error 2
make: *** [Makefile:141: all] Error 2
