In file included from [01m[K/usr/include/boost/function/detail/maybe_include.hpp:22[m[K,
                 from [01m[K/usr/include/boost/function/detail/function_iterate.hpp:14[m[K,
                 from [01m[K/usr/include/boost/preprocessor/iteration/detail/iter/forward1.hpp:53[m[K,
                 from [01m[K/usr/include/boost/function.hpp:71[m[K,
                 from [01m[K/opt/ros/noetic/include/ros/forwards.h:40[m[K,
                 from [01m[K/opt/ros/noetic/include/ros/common.h:37[m[K,
                 from [01m[K/opt/ros/noetic/include/ros/ros.h:43[m[K,
                 from [01m[K/home/nics/Drone/BambiplayGit-Fast-Drone-250-tuned_simulation/src/uwb/src/target_pub.cpp:1[m[K:
/usr/include/boost/function/function_template.hpp: In instantiation of ‘[01m[Kstatic void boost::detail::function::function_void_mem_invoker1<MemberPtr, R, T0>::invoke(boost::detail::function::function_buffer&, T0) [with MemberPtr = void (TargetPubNode::*)(const boost::shared_ptr<const std_msgs::String_<std::allocator<void> > >&); R = void; T0 = const boost::shared_ptr<const std_msgs::String_<std::allocator<void> > >&][m[K’:
[01m[K/usr/include/boost/function/function_template.hpp:931:38:[m[K   required from ‘[01m[Kvoid boost::function1<R, T1>::assign_to(Functor) [with Functor = void (TargetPubNode::*)(const boost::shared_ptr<const std_msgs::String_<std::allocator<void> > >&); R = void; T0 = const boost::shared_ptr<const std_msgs::String_<std::allocator<void> > >&][m[K’
[01m[K/usr/include/boost/function/function_template.hpp:720:7:[m[K   required from ‘[01m[Kboost::function1<R, T1>::function1(Functor, typename boost::enable_if_<(! boost::is_integral<Functor>::value), int>::type) [with Functor = void (TargetPubNode::*)(const boost::shared_ptr<const std_msgs::String_<std::allocator<void> > >&); R = void; T0 = const boost::shared_ptr<const std_msgs::String_<std::allocator<void> > >&; typename boost::enable_if_<(! boost::is_integral<Functor>::value), int>::type = int][m[K’
[01m[K/usr/include/boost/function/function_template.hpp:1068:16:[m[K   required from ‘[01m[Kboost::function<R(T0)>::function(Functor, typename boost::enable_if_<(! boost::is_integral<Functor>::value), int>::type) [with Functor = void (TargetPubNode::*)(const boost::shared_ptr<const std_msgs::String_<std::allocator<void> > >&); R = void; T0 = const boost::shared_ptr<const std_msgs::String_<std::allocator<void> > >&; typename boost::enable_if_<(! boost::is_integral<Functor>::value), int>::type = int][m[K’
[01m[K/home/nics/Drone/BambiplayGit-Fast-Drone-250-tuned_simulation/src/uwb/src/target_pub.cpp:53:101:[m[K   required from here
[01m[K/usr/include/boost/function/function_template.hpp:230:11:[m[K [01;31m[Kerror: [m[Kno match for call to ‘[01m[K(boost::_mfi::mf1<void, TargetPubNode, const boost::shared_ptr<const std_msgs::String_<std::allocator<void> > >&>) (const boost::shared_ptr<const std_msgs::String_<std::allocator<void> > >&)[m[K’
  230 |           [01;31m[KBOOST_FUNCTION_RETURN[m[K(boost::mem_fn(*f)(BOOST_FUNCTION_ARGS));
      |           [01;31m[K^~~~~~~~~~~~~~~~~~~~~[m[K
In file included from [01m[K/usr/include/boost/bind/mem_fn.hpp:215[m[K,
                 from [01m[K/usr/include/boost/mem_fn.hpp:22[m[K,
                 from [01m[K/usr/include/boost/function/detail/prologue.hpp:18[m[K,
                 from [01m[K/usr/include/boost/function.hpp:30[m[K,
                 from [01m[K/opt/ros/noetic/include/ros/forwards.h:40[m[K,
                 from [01m[K/opt/ros/noetic/include/ros/common.h:37[m[K,
                 from [01m[K/opt/ros/noetic/include/ros/ros.h:43[m[K,
                 from [01m[K/home/nics/Drone/BambiplayGit-Fast-Drone-250-tuned_simulation/src/uwb/src/target_pub.cpp:1[m[K:
[01m[K/usr/include/boost/bind/mem_fn_template.hpp:163:7:[m[K [01;36m[Knote: [m[Kcandidate: ‘[01m[KR boost::_mfi::mf1<R, T, A1>::operator()(T*, A1) const [with R = void; T = TargetPubNode; A1 = const boost::shared_ptr<const std_msgs::String_<std::allocator<void> > >&][m[K’
  163 |     R [01;36m[Koperator[m[K()(T * p, A1 a1) const
      |       [01;36m[K^~~~~~~~[m[K
[01m[K/usr/include/boost/bind/mem_fn_template.hpp:163:7:[m[K [01;36m[Knote: [m[K  candidate expects 2 arguments, 1 provided
[01m[K/usr/include/boost/bind/mem_fn_template.hpp:168:25:[m[K [01;36m[Knote: [m[Kcandidate: ‘[01m[Ktemplate<class U> R boost::_mfi::mf1<R, T, A1>::operator()(U&, A1) const [with U = U; R = void; T = TargetPubNode; A1 = const boost::shared_ptr<const std_msgs::String_<std::allocator<void> > >&][m[K’
  168 |     template<class U> R [01;36m[Koperator[m[K()(U & u, A1 a1) const
      |                         [01;36m[K^~~~~~~~[m[K
[01m[K/usr/include/boost/bind/mem_fn_template.hpp:168:25:[m[K [01;36m[Knote: [m[K  template argument deduction/substitution failed:
In file included from [01m[K/usr/include/boost/function/detail/maybe_include.hpp:22[m[K,
                 from [01m[K/usr/include/boost/function/detail/function_iterate.hpp:14[m[K,
                 from [01m[K/usr/include/boost/preprocessor/iteration/detail/iter/forward1.hpp:53[m[K,
                 from [01m[K/usr/include/boost/function.hpp:71[m[K,
                 from [01m[K/opt/ros/noetic/include/ros/forwards.h:40[m[K,
                 from [01m[K/opt/ros/noetic/include/ros/common.h:37[m[K,
                 from [01m[K/opt/ros/noetic/include/ros/ros.h:43[m[K,
                 from [01m[K/home/nics/Drone/BambiplayGit-Fast-Drone-250-tuned_simulation/src/uwb/src/target_pub.cpp:1[m[K:
[01m[K/usr/include/boost/function/function_template.hpp:230:11:[m[K [01;36m[Knote: [m[K  candidate expects 2 arguments, 1 provided
  230 |           [01;36m[KBOOST_FUNCTION_RETURN[m[K(boost::mem_fn(*f)(BOOST_FUNCTION_ARGS));
      |           [01;36m[K^~~~~~~~~~~~~~~~~~~~~[m[K
In file included from [01m[K/usr/include/boost/bind/mem_fn.hpp:215[m[K,
                 from [01m[K/usr/include/boost/mem_fn.hpp:22[m[K,
                 from [01m[K/usr/include/boost/function/detail/prologue.hpp:18[m[K,
                 from [01m[K/usr/include/boost/function.hpp:30[m[K,
                 from [01m[K/opt/ros/noetic/include/ros/forwards.h:40[m[K,
                 from [01m[K/opt/ros/noetic/include/ros/common.h:37[m[K,
                 from [01m[K/opt/ros/noetic/include/ros/ros.h:43[m[K,
                 from [01m[K/home/nics/Drone/BambiplayGit-Fast-Drone-250-tuned_simulation/src/uwb/src/target_pub.cpp:1[m[K:
[01m[K/usr/include/boost/bind/mem_fn_template.hpp:176:25:[m[K [01;36m[Knote: [m[Kcandidate: ‘[01m[Ktemplate<class U> R boost::_mfi::mf1<R, T, A1>::operator()(const U&, A1) const [with U = U; R = void; T = TargetPubNode; A1 = const boost::shared_ptr<const std_msgs::String_<std::allocator<void> > >&][m[K’
  176 |     template<class U> R [01;36m[Koperator[m[K()(U const & u, A1 a1) const
      |                         [01;36m[K^~~~~~~~[m[K
[01m[K/usr/include/boost/bind/mem_fn_template.hpp:176:25:[m[K [01;36m[Knote: [m[K  template argument deduction/substitution failed:
In file included from [01m[K/usr/include/boost/function/detail/maybe_include.hpp:22[m[K,
                 from [01m[K/usr/include/boost/function/detail/function_iterate.hpp:14[m[K,
                 from [01m[K/usr/include/boost/preprocessor/iteration/detail/iter/forward1.hpp:53[m[K,
                 from [01m[K/usr/include/boost/function.hpp:71[m[K,
                 from [01m[K/opt/ros/noetic/include/ros/forwards.h:40[m[K,
                 from [01m[K/opt/ros/noetic/include/ros/common.h:37[m[K,
                 from [01m[K/opt/ros/noetic/include/ros/ros.h:43[m[K,
                 from [01m[K/home/nics/Drone/BambiplayGit-Fast-Drone-250-tuned_simulation/src/uwb/src/target_pub.cpp:1[m[K:
[01m[K/usr/include/boost/function/function_template.hpp:230:11:[m[K [01;36m[Knote: [m[K  candidate expects 2 arguments, 1 provided
  230 |           [01;36m[KBOOST_FUNCTION_RETURN[m[K(boost::mem_fn(*f)(BOOST_FUNCTION_ARGS));
      |           [01;36m[K^~~~~~~~~~~~~~~~~~~~~[m[K
In file included from [01m[K/usr/include/boost/bind/mem_fn.hpp:215[m[K,
                 from [01m[K/usr/include/boost/mem_fn.hpp:22[m[K,
                 from [01m[K/usr/include/boost/function/detail/prologue.hpp:18[m[K,
                 from [01m[K/usr/include/boost/function.hpp:30[m[K,
                 from [01m[K/opt/ros/noetic/include/ros/forwards.h:40[m[K,
                 from [01m[K/opt/ros/noetic/include/ros/common.h:37[m[K,
                 from [01m[K/opt/ros/noetic/include/ros/ros.h:43[m[K,
                 from [01m[K/home/nics/Drone/BambiplayGit-Fast-Drone-250-tuned_simulation/src/uwb/src/target_pub.cpp:1[m[K:
[01m[K/usr/include/boost/bind/mem_fn_template.hpp:184:7:[m[K [01;36m[Knote: [m[Kcandidate: ‘[01m[KR boost::_mfi::mf1<R, T, A1>::operator()(T&, A1) const [with R = void; T = TargetPubNode; A1 = const boost::shared_ptr<const std_msgs::String_<std::allocator<void> > >&][m[K’
  184 |     R [01;36m[Koperator[m[K()(T & t, A1 a1) const
      |       [01;36m[K^~~~~~~~[m[K
[01m[K/usr/include/boost/bind/mem_fn_template.hpp:184:7:[m[K [01;36m[Knote: [m[K  candidate expects 2 arguments, 1 provided
make[2]: *** [CMakeFiles/target_pub.dir/build.make:63: CMakeFiles/target_pub.dir/src/target_pub.cpp.o] Error 1
make[1]: *** [CMakeFiles/Makefile2:922: CMakeFiles/target_pub.dir/all] Error 2
make: *** [Makefile:141: all] Error 2
