[35m[1mScanning dependencies of target uwb_cali[0m
[ 25%] Built target uwb_sim
[ 50%] Built target drift_node
[ 75%] Built target playground
[ 87%] [32mBuilding CXX object CMakeFiles/uwb_cali.dir/src/uwb_cali.cpp.o[0m
In file included from [01m[K/home/nics/Drone/BambiplayGit-Fast-Drone-250-tuned_simulation/devel/.private/gtsam_catkin/include/gtsam/base/types.h:31[m[K,
                 from [01m[K/home/nics/Drone/BambiplayGit-Fast-Drone-250-tuned_simulation/devel/.private/gtsam_catkin/include/gtsam/global_includes.h:22[m[K,
                 from [01m[K/home/nics/Drone/BambiplayGit-Fast-Drone-250-tuned_simulation/devel/.private/gtsam_catkin/include/gtsam/base/Vector.h:27[m[K,
                 from [01m[K/home/nics/Drone/BambiplayGit-Fast-Drone-250-tuned_simulation/devel/.private/gtsam_catkin/include/gtsam/base/Matrix.h:26[m[K,
                 from [01m[K/home/nics/Drone/BambiplayGit-Fast-Drone-250-tuned_simulation/devel/.private/gtsam_catkin/include/gtsam/base/Manifold.h:22[m[K,
                 from [01m[K/home/nics/Drone/BambiplayGit-Fast-Drone-250-tuned_simulation/devel/.private/gtsam_catkin/include/gtsam/geometry/BearingRange.h:21[m[K,
                 from [01m[K/home/nics/Drone/BambiplayGit-Fast-Drone-250-tuned_simulation/devel/.private/gtsam_catkin/include/gtsam/geometry/Pose2.h:23[m[K,
                 from [01m[K/home/nics/Drone/BambiplayGit-Fast-Drone-250-tuned_simulation/src/uwb/src/2DRYEFactors.hpp:2[m[K,
                 from [01m[K/home/nics/Drone/BambiplayGit-Fast-Drone-250-tuned_simulation/src/uwb/src/uwb_cali.cpp:19[m[K:
[01m[K/usr/include/tbb/task_scheduler_init.h:21:154:[m[K [01;36m[Knote: [m[K#pragma message: TBB Warning: tbb/task_scheduler_init.h is deprecated. For details, please see Deprecated Features appendix in the TBB reference manual.
   21 | #pragma message("TBB Warning: tbb/task_scheduler_init.h is deprecated. For details, please see Deprecated Features appendix in the TBB reference manual."[01;36m[K)[m[K
      |                                                                                                                                                          [01;36m[K^[m[K
In file included from [01m[K/home/nics/Drone/BambiplayGit-Fast-Drone-250-tuned_simulation/devel/.private/gtsam_catkin/include/gtsam/linear/linearExceptions.h:20[m[K,
                 from [01m[K/home/nics/Drone/BambiplayGit-Fast-Drone-250-tuned_simulation/devel/.private/gtsam_catkin/include/gtsam/linear/JacobianFactor-inl.h:21[m[K,
                 from [01m[K/home/nics/Drone/BambiplayGit-Fast-Drone-250-tuned_simulation/devel/.private/gtsam_catkin/include/gtsam/linear/JacobianFactor.h:391[m[K,
                 from [01m[K/home/nics/Drone/BambiplayGit-Fast-Drone-250-tuned_simulation/devel/.private/gtsam_catkin/include/gtsam/nonlinear/NonlinearFactor.h:25[m[K,
                 from [01m[K/home/nics/Drone/BambiplayGit-Fast-Drone-250-tuned_simulation/src/uwb/src/2DRYEFactors.hpp:4[m[K,
                 from [01m[K/home/nics/Drone/BambiplayGit-Fast-Drone-250-tuned_simulation/src/uwb/src/uwb_cali.cpp:19[m[K:
[01m[K/home/nics/Drone/BambiplayGit-Fast-Drone-250-tuned_simulation/devel/.private/gtsam_catkin/include/gtsam/base/ThreadsafeException.h:48:30:[m[K [01;35m[Kwarning: [m[K‘[01m[Ktbb_exception[m[K’ is deprecated [[01;35m[K-Wdeprecated-declarations[m[K]
   48 |   typedef tbb::tbb_exception [01;35m[KBase[m[K;
      |                              [01;35m[K^~~~[m[K
In file included from [01m[K/home/nics/Drone/BambiplayGit-Fast-Drone-250-tuned_simulation/devel/.private/gtsam_catkin/include/gtsam/base/types.h:32[m[K,
                 from [01m[K/home/nics/Drone/BambiplayGit-Fast-Drone-250-tuned_simulation/devel/.private/gtsam_catkin/include/gtsam/global_includes.h:22[m[K,
                 from [01m[K/home/nics/Drone/BambiplayGit-Fast-Drone-250-tuned_simulation/devel/.private/gtsam_catkin/include/gtsam/base/Vector.h:27[m[K,
                 from [01m[K/home/nics/Drone/BambiplayGit-Fast-Drone-250-tuned_simulation/devel/.private/gtsam_catkin/include/gtsam/base/Matrix.h:26[m[K,
                 from [01m[K/home/nics/Drone/BambiplayGit-Fast-Drone-250-tuned_simulation/devel/.private/gtsam_catkin/include/gtsam/base/Manifold.h:22[m[K,
                 from [01m[K/home/nics/Drone/BambiplayGit-Fast-Drone-250-tuned_simulation/devel/.private/gtsam_catkin/include/gtsam/geometry/BearingRange.h:21[m[K,
                 from [01m[K/home/nics/Drone/BambiplayGit-Fast-Drone-250-tuned_simulation/devel/.private/gtsam_catkin/include/gtsam/geometry/Pose2.h:23[m[K,
                 from [01m[K/home/nics/Drone/BambiplayGit-Fast-Drone-250-tuned_simulation/src/uwb/src/2DRYEFactors.hpp:2[m[K,
                 from [01m[K/home/nics/Drone/BambiplayGit-Fast-Drone-250-tuned_simulation/src/uwb/src/uwb_cali.cpp:19[m[K:
[01m[K/usr/include/tbb/tbb_exception.h:137:24:[m[K [01;36m[Knote: [m[Kdeclared here
  137 | class __TBB_DEPRECATED [01;36m[Ktbb_exception[m[K : public std::exception
      |                        [01;36m[K^~~~~~~~~~~~~[m[K
In file included from [01m[K/home/nics/Drone/BambiplayGit-Fast-Drone-250-tuned_simulation/devel/.private/gtsam_catkin/include/gtsam/linear/linearExceptions.h:20[m[K,
                 from [01m[K/home/nics/Drone/BambiplayGit-Fast-Drone-250-tuned_simulation/devel/.private/gtsam_catkin/include/gtsam/linear/JacobianFactor-inl.h:21[m[K,
                 from [01m[K/home/nics/Drone/BambiplayGit-Fast-Drone-250-tuned_simulation/devel/.private/gtsam_catkin/include/gtsam/linear/JacobianFactor.h:391[m[K,
                 from [01m[K/home/nics/Drone/BambiplayGit-Fast-Drone-250-tuned_simulation/devel/.private/gtsam_catkin/include/gtsam/nonlinear/NonlinearFactor.h:25[m[K,
                 from [01m[K/home/nics/Drone/BambiplayGit-Fast-Drone-250-tuned_simulation/src/uwb/src/2DRYEFactors.hpp:4[m[K,
                 from [01m[K/home/nics/Drone/BambiplayGit-Fast-Drone-250-tuned_simulation/src/uwb/src/uwb_cali.cpp:19[m[K:
[01m[K/home/nics/Drone/BambiplayGit-Fast-Drone-250-tuned_simulation/devel/.private/gtsam_catkin/include/gtsam/base/ThreadsafeException.h:86:45:[m[K [01;35m[Kwarning: [m[K‘[01m[Ktbb_exception[m[K’ is deprecated [[01;35m[K-Wdeprecated-declarations[m[K]
   86 |   virtual tbb::tbb_exception* move() throw ([01;35m[K)[m[K {
      |                                             [01;35m[K^[m[K
In file included from [01m[K/home/nics/Drone/BambiplayGit-Fast-Drone-250-tuned_simulation/devel/.private/gtsam_catkin/include/gtsam/base/types.h:32[m[K,
                 from [01m[K/home/nics/Drone/BambiplayGit-Fast-Drone-250-tuned_simulation/devel/.private/gtsam_catkin/include/gtsam/global_includes.h:22[m[K,
                 from [01m[K/home/nics/Drone/BambiplayGit-Fast-Drone-250-tuned_simulation/devel/.private/gtsam_catkin/include/gtsam/base/Vector.h:27[m[K,
                 from [01m[K/home/nics/Drone/BambiplayGit-Fast-Drone-250-tuned_simulation/devel/.private/gtsam_catkin/include/gtsam/base/Matrix.h:26[m[K,
                 from [01m[K/home/nics/Drone/BambiplayGit-Fast-Drone-250-tuned_simulation/devel/.private/gtsam_catkin/include/gtsam/base/Manifold.h:22[m[K,
                 from [01m[K/home/nics/Drone/BambiplayGit-Fast-Drone-250-tuned_simulation/devel/.private/gtsam_catkin/include/gtsam/geometry/BearingRange.h:21[m[K,
                 from [01m[K/home/nics/Drone/BambiplayGit-Fast-Drone-250-tuned_simulation/devel/.private/gtsam_catkin/include/gtsam/geometry/Pose2.h:23[m[K,
                 from [01m[K/home/nics/Drone/BambiplayGit-Fast-Drone-250-tuned_simulation/src/uwb/src/2DRYEFactors.hpp:2[m[K,
                 from [01m[K/home/nics/Drone/BambiplayGit-Fast-Drone-250-tuned_simulation/src/uwb/src/uwb_cali.cpp:19[m[K:
[01m[K/usr/include/tbb/tbb_exception.h:137:24:[m[K [01;36m[Knote: [m[Kdeclared here
  137 | class __TBB_DEPRECATED [01;36m[Ktbb_exception[m[K : public std::exception
      |                        [01;36m[K^~~~~~~~~~~~~[m[K
[100%] [32m[1mLinking CXX executable /home/nics/Drone/BambiplayGit-Fast-Drone-250-tuned_simulation/devel/.private/uwb/lib/uwb/uwb_cali[0m
[100%] Built target uwb_cali
