[  0%] Built target geometry_msgs_generate_messages_cpp
[  0%] Built target std_msgs_generate_messages_cpp
[  0%] Built target geometry_msgs_generate_messages_nodejs
[  0%] Built target _traj_utils_generate_messages_check_deps_MultiBsplines
[  0%] Built target _traj_utils_generate_messages_check_deps_Bspline
[  0%] Built target _traj_utils_generate_messages_check_deps_DataDisp
[  0%] Built target std_msgs_generate_messages_eus
[  0%] Built target std_msgs_generate_messages_lisp
[  0%] Built target geometry_msgs_generate_messages_lisp
[  0%] Built target geometry_msgs_generate_messages_eus
[  0%] Built target std_msgs_generate_messages_nodejs
[  0%] Built target std_msgs_generate_messages_py
[  0%] Built target geometry_msgs_generate_messages_py
[ 15%] Built target traj_utils_generate_messages_nodejs
[ 35%] Built target traj_utils_generate_messages_eus
[ 50%] Built target traj_utils_generate_messages_cpp
[ 70%] Built target traj_utils_generate_messages_py
[ 85%] Built target traj_utils
[100%] Built target traj_utils_generate_messages_lisp
[100%] Built target traj_utils_generate_messages
