Symlinking /home/nics/Drone/BambiplayGit-Fast-Drone-250-tuned_simulation/devel/lib/libtraj_utils.so
Symlinking /home/nics/Drone/BambiplayGit-Fast-Drone-250-tuned_simulation/devel/lib/python3/dist-packages/traj_utils/__init__.py
Symlinking /home/nics/Drone/BambiplayGit-Fast-Drone-250-tuned_simulation/devel/lib/python3/dist-packages/traj_utils/msg/_MultiBsplines.py
Symlinking /home/nics/Drone/BambiplayGit-Fast-Drone-250-tuned_simulation/devel/lib/python3/dist-packages/traj_utils/msg/_Bspline.py
Symlinking /home/nics/Drone/BambiplayGit-Fast-Drone-250-tuned_simulation/devel/lib/python3/dist-packages/traj_utils/msg/__init__.py
Symlinking /home/nics/Drone/BambiplayGit-Fast-Drone-250-tuned_simulation/devel/lib/python3/dist-packages/traj_utils/msg/_DataDisp.py
Symlinking /home/nics/Drone/BambiplayGit-Fast-Drone-250-tuned_simulation/devel/lib/pkgconfig/traj_utils.pc
Symlinking /home/nics/Drone/BambiplayGit-Fast-Drone-250-tuned_simulation/devel/include/traj_utils/MultiBsplines.h
Symlinking /home/nics/Drone/BambiplayGit-Fast-Drone-250-tuned_simulation/devel/include/traj_utils/DataDisp.h
Symlinking /home/nics/Drone/BambiplayGit-Fast-Drone-250-tuned_simulation/devel/include/traj_utils/Bspline.h
Symlinking /home/nics/Drone/BambiplayGit-Fast-Drone-250-tuned_simulation/devel/share/gennodejs/ros/traj_utils/_index.js
Symlinking /home/nics/Drone/BambiplayGit-Fast-Drone-250-tuned_simulation/devel/share/gennodejs/ros/traj_utils/msg/Bspline.js
Symlinking /home/nics/Drone/BambiplayGit-Fast-Drone-250-tuned_simulation/devel/share/gennodejs/ros/traj_utils/msg/DataDisp.js
Symlinking /home/nics/Drone/BambiplayGit-Fast-Drone-250-tuned_simulation/devel/share/gennodejs/ros/traj_utils/msg/_index.js
Symlinking /home/nics/Drone/BambiplayGit-Fast-Drone-250-tuned_simulation/devel/share/gennodejs/ros/traj_utils/msg/MultiBsplines.js
Symlinking /home/nics/Drone/BambiplayGit-Fast-Drone-250-tuned_simulation/devel/share/roseus/ros/traj_utils/manifest.l
Symlinking /home/nics/Drone/BambiplayGit-Fast-Drone-250-tuned_simulation/devel/share/roseus/ros/traj_utils/msg/Bspline.l
Symlinking /home/nics/Drone/BambiplayGit-Fast-Drone-250-tuned_simulation/devel/share/roseus/ros/traj_utils/msg/MultiBsplines.l
Symlinking /home/nics/Drone/BambiplayGit-Fast-Drone-250-tuned_simulation/devel/share/roseus/ros/traj_utils/msg/DataDisp.l
Symlinking /home/nics/Drone/BambiplayGit-Fast-Drone-250-tuned_simulation/devel/share/common-lisp/ros/traj_utils/msg/_package_DataDisp.lisp
Symlinking /home/nics/Drone/BambiplayGit-Fast-Drone-250-tuned_simulation/devel/share/common-lisp/ros/traj_utils/msg/_package_MultiBsplines.lisp
Symlinking /home/nics/Drone/BambiplayGit-Fast-Drone-250-tuned_simulation/devel/share/common-lisp/ros/traj_utils/msg/traj_utils-msg.asd
Symlinking /home/nics/Drone/BambiplayGit-Fast-Drone-250-tuned_simulation/devel/share/common-lisp/ros/traj_utils/msg/DataDisp.lisp
Symlinking /home/nics/Drone/BambiplayGit-Fast-Drone-250-tuned_simulation/devel/share/common-lisp/ros/traj_utils/msg/MultiBsplines.lisp
Symlinking /home/nics/Drone/BambiplayGit-Fast-Drone-250-tuned_simulation/devel/share/common-lisp/ros/traj_utils/msg/_package.lisp
Symlinking /home/nics/Drone/BambiplayGit-Fast-Drone-250-tuned_simulation/devel/share/common-lisp/ros/traj_utils/msg/Bspline.lisp
Symlinking /home/nics/Drone/BambiplayGit-Fast-Drone-250-tuned_simulation/devel/share/common-lisp/ros/traj_utils/msg/_package_Bspline.lisp
Symlinking /home/nics/Drone/BambiplayGit-Fast-Drone-250-tuned_simulation/devel/share/traj_utils/cmake/traj_utilsConfig-version.cmake
Symlinking /home/nics/Drone/BambiplayGit-Fast-Drone-250-tuned_simulation/devel/share/traj_utils/cmake/traj_utilsConfig.cmake
Symlinking /home/nics/Drone/BambiplayGit-Fast-Drone-250-tuned_simulation/devel/share/traj_utils/cmake/traj_utils-msg-paths.cmake
Symlinking /home/nics/Drone/BambiplayGit-Fast-Drone-250-tuned_simulation/devel/share/traj_utils/cmake/traj_utils-msg-extras.cmake
