[  0%] Built target geometry_msgs_generate_messages_cpp
[  0%] Built target std_msgs_generate_messages_cpp
[  0%] Built target geometry_msgs_generate_messages_nodejs
[  0%] Built target _traj_utils_generate_messages_check_deps_Bspline
[  0%] Built target std_msgs_generate_messages_nodejs
[  0%] Built target _traj_utils_generate_messages_check_deps_DataDisp
[  0%] Built target std_msgs_generate_messages_lisp
[  0%] Built target _traj_utils_generate_messages_check_deps_MultiBsplines
[  0%] Built target std_msgs_generate_messages_eus
[  0%] Built target geometry_msgs_generate_messages_eus
[  0%] Built target geometry_msgs_generate_messages_py
[  0%] Built target std_msgs_generate_messages_py
[  0%] Built target geometry_msgs_generate_messages_lisp
[ 25%] Built target traj_utils_generate_messages_cpp
[ 30%] Built target traj_utils_generate_messages_nodejs
[ 50%] Built target traj_utils_generate_messages_eus
[ 70%] Built target traj_utils_generate_messages_py
[ 85%] Built target traj_utils
[100%] Built target traj_utils_generate_messages_lisp
[100%] Built target traj_utils_generate_messages
