[  0%] Built target std_msgs_generate_messages_eus
[  0%] Built target geometry_msgs_generate_messages_py
[  0%] Built target std_msgs_generate_messages_py
[  0%] Built target std_msgs_generate_messages_cpp
[  0%] Built target geometry_msgs_generate_messages_cpp
[  0%] Built target _traj_utils_generate_messages_check_deps_DataDisp
[  0%] Built target _traj_utils_generate_messages_check_deps_MultiBsplines
[  0%] Built target std_msgs_generate_messages_lisp
[  0%] Built target geometry_msgs_generate_messages_eus
[  0%] Built target geometry_msgs_generate_messages_nodejs
[ 15%] Built target traj_utils
[ 15%] Built target geometry_msgs_generate_messages_lisp
[ 15%] Built target std_msgs_generate_messages_nodejs
[ 15%] Built target _traj_utils_generate_messages_check_deps_Bspline
[ 30%] Built target traj_utils_generate_messages_lisp
[ 45%] Built target traj_utils_generate_messages_nodejs
[ 65%] Built target traj_utils_generate_messages_eus
[ 85%] Built target traj_utils_generate_messages_py
[100%] Built target traj_utils_generate_messages_cpp
[100%] Built target traj_utils_generate_messages
