[35m[1mScanning dependencies of target _traj_utils_generate_messages_check_deps_Bspline[0m
[  0%] Built target _traj_utils_generate_messages_check_deps_Bspline
[35m[1mScanning dependencies of target geometry_msgs_generate_messages_cpp[0m
[  0%] Built target geometry_msgs_generate_messages_cpp
[35m[1mScanning dependencies of target _traj_utils_generate_messages_check_deps_MultiBsplines[0m
[  0%] Built target _traj_utils_generate_messages_check_deps_MultiBsplines
[35m[1mScanning dependencies of target _traj_utils_generate_messages_check_deps_DataDisp[0m
[  0%] Built target _traj_utils_generate_messages_check_deps_DataDisp
[35m[1mScanning dependencies of target std_msgs_generate_messages_cpp[0m
[  0%] Built target std_msgs_generate_messages_cpp
[35m[1mScanning dependencies of target geometry_msgs_generate_messages_nodejs[0m
[  0%] Built target geometry_msgs_generate_messages_nodejs
[35m[1mScanning dependencies of target std_msgs_generate_messages_nodejs[0m
[35m[1mScanning dependencies of target std_msgs_generate_messages_lisp[0m
[  0%] Built target std_msgs_generate_messages_nodejs
[  0%] Built target std_msgs_generate_messages_lisp
[35m[1mScanning dependencies of target geometry_msgs_generate_messages_lisp[0m
[  0%] Built target geometry_msgs_generate_messages_lisp
[35m[1mScanning dependencies of target std_msgs_generate_messages_eus[0m
[  0%] Built target std_msgs_generate_messages_eus
[35m[1mScanning dependencies of target geometry_msgs_generate_messages_eus[0m
[  0%] Built target geometry_msgs_generate_messages_eus
[35m[1mScanning dependencies of target geometry_msgs_generate_messages_py[0m
[  0%] Built target geometry_msgs_generate_messages_py
[35m[1mScanning dependencies of target std_msgs_generate_messages_py[0m
[  0%] Built target std_msgs_generate_messages_py
[35m[1mScanning dependencies of target traj_utils[0m
[  5%] [32mBuilding CXX object CMakeFiles/traj_utils.dir/src/planning_visualization.cpp.o[0m
[ 10%] [32mBuilding CXX object CMakeFiles/traj_utils.dir/src/polynomial_traj.cpp.o[0m
[01m[K/home/nics/Drone/BambiplayGit-Fast-Drone-250-tuned_simulation/src/planner/traj_utils/src/planning_visualization.cpp:[m[K In member function ‘[01m[Kvoid ego_planner::PlanningVisualization::displayMultiInitPathList(std::vector<std::vector<Eigen::Matrix<double, 3, 1> > >, double)[m[K’:
[01m[K/home/nics/Drone/BambiplayGit-Fast-Drone-250-tuned_simulation/src/planner/traj_utils/src/planning_visualization.cpp:186:23:[m[K [01;35m[Kwarning: [m[Kcomparison of integer expressions of different signedness: ‘[01m[Kint[m[K’ and ‘[01m[Kstd::vector<std::vector<Eigen::Matrix<double, 3, 1> > >::size_type[m[K’ {aka ‘[01m[Klong unsigned int[m[K’} [[01;35m[K-Wsign-compare[m[K]
  186 |     for ( int id=0; [01;35m[Kid<init_trajs.size()[m[K; id++ )
      |                     [01;35m[K~~^~~~~~~~~~~~~~~~~~[m[K
[ 15%] [32m[1mLinking CXX shared library /home/nics/Drone/BambiplayGit-Fast-Drone-250-tuned_simulation/devel/.private/traj_utils/lib/libtraj_utils.so[0m
[ 15%] Built target traj_utils
[35m[1mScanning dependencies of target traj_utils_generate_messages_py[0m
[35m[1mScanning dependencies of target traj_utils_generate_messages_cpp[0m
[35m[1mScanning dependencies of target traj_utils_generate_messages_lisp[0m
[35m[1mScanning dependencies of target traj_utils_generate_messages_eus[0m
[35m[1mScanning dependencies of target traj_utils_generate_messages_nodejs[0m
[ 25%] [34m[1mGenerating Lisp code from traj_utils/MultiBsplines.msg[0m
[ 25%] [34m[1mGenerating C++ code from traj_utils/MultiBsplines.msg[0m
[ 30%] [34m[1mGenerating Python from MSG traj_utils/DataDisp[0m
[ 40%] [34m[1mGenerating C++ code from traj_utils/Bspline.msg[0m
[ 45%] [34m[1mGenerating Python from MSG traj_utils/MultiBsplines[0m
[ 50%] [34m[1mGenerating Python from MSG traj_utils/Bspline[0m
[ 50%] [34m[1mGenerating Lisp code from traj_utils/DataDisp.msg[0m
[ 55%] [34m[1mGenerating EusLisp code from traj_utils/Bspline.msg[0m
[ 60%] [34m[1mGenerating Javascript code from traj_utils/DataDisp.msg[0m
[ 65%] [34m[1mGenerating Lisp code from traj_utils/Bspline.msg[0m
[ 70%] [34m[1mGenerating Javascript code from traj_utils/Bspline.msg[0m
[ 75%] [34m[1mGenerating C++ code from traj_utils/DataDisp.msg[0m
[ 80%] [34m[1mGenerating EusLisp code from traj_utils/DataDisp.msg[0m
[ 85%] [34m[1mGenerating EusLisp code from traj_utils/MultiBsplines.msg[0m
[ 90%] [34m[1mGenerating EusLisp manifest code for traj_utils[0m
[ 95%] [34m[1mGenerating Javascript code from traj_utils/MultiBsplines.msg[0m
[ 95%] Built target traj_utils_generate_messages_lisp
[ 95%] Built target traj_utils_generate_messages_nodejs
[ 95%] Built target traj_utils_generate_messages_cpp
[100%] [34m[1mGenerating Python msg __init__.py for traj_utils[0m
[100%] Built target traj_utils_generate_messages_py
[100%] Built target traj_utils_generate_messages_eus
[35m[1mScanning dependencies of target traj_utils_generate_messages[0m
[100%] Built target traj_utils_generate_messages
