[35m[1mScanning dependencies of target std_msgs_generate_messages_cpp[0m
[  0%] Built target std_msgs_generate_messages_cpp
[35m[1mScanning dependencies of target geometry_msgs_generate_messages_cpp[0m
[  0%] Built target geometry_msgs_generate_messages_cpp
[35m[1mScanning dependencies of target _uwb_msgs_generate_messages_check_deps_UwbResultStamped[0m
[35m[1mScanning dependencies of target geometry_msgs_generate_messages_eus[0m
[  0%] Built target geometry_msgs_generate_messages_eus
[35m[1mScanning dependencies of target std_msgs_generate_messages_eus[0m
[  0%] Built target _uwb_msgs_generate_messages_check_deps_UwbResultStamped
[  0%] Built target std_msgs_generate_messages_eus
[35m[1mScanning dependencies of target std_msgs_generate_messages_py[0m
[  0%] Built target std_msgs_generate_messages_py
[35m[1mScanning dependencies of target geometry_msgs_generate_messages_py[0m
[  0%] Built target geometry_msgs_generate_messages_py
[35m[1mScanning dependencies of target std_msgs_generate_messages_lisp[0m
[  0%] Built target std_msgs_generate_messages_lisp
[35m[1mScanning dependencies of target geometry_msgs_generate_messages_lisp[0m
[  0%] Built target geometry_msgs_generate_messages_lisp
[35m[1mScanning dependencies of target geometry_msgs_generate_messages_nodejs[0m
[  0%] Built target geometry_msgs_generate_messages_nodejs
[35m[1mScanning dependencies of target std_msgs_generate_messages_nodejs[0m
[  0%] Built target std_msgs_generate_messages_nodejs
[35m[1mScanning dependencies of target uwb_msgs_generate_messages_cpp[0m
[ 14%] [34m[1mGenerating C++ code from uwb_msgs/UwbResultStamped.msg[0m
[ 14%] Built target uwb_msgs_generate_messages_cpp
[35m[1mScanning dependencies of target uwb_msgs_generate_messages_eus[0m
[ 28%] [34m[1mGenerating EusLisp code from uwb_msgs/UwbResultStamped.msg[0m
[ 42%] [34m[1mGenerating EusLisp manifest code for uwb_msgs[0m
[ 42%] Built target uwb_msgs_generate_messages_eus
[35m[1mScanning dependencies of target uwb_msgs_generate_messages_py[0m
[ 57%] [34m[1mGenerating Python from MSG uwb_msgs/UwbResultStamped[0m
[35m[1mScanning dependencies of target uwb_msgs_generate_messages_lisp[0m
[ 71%] [34m[1mGenerating Lisp code from uwb_msgs/UwbResultStamped.msg[0m
[35m[1mScanning dependencies of target uwb_msgs_generate_messages_nodejs[0m
[ 85%] [34m[1mGenerating Javascript code from uwb_msgs/UwbResultStamped.msg[0m
[ 85%] Built target uwb_msgs_generate_messages_lisp
[ 85%] Built target uwb_msgs_generate_messages_nodejs
[100%] [34m[1mGenerating Python msg __init__.py for uwb_msgs[0m
[100%] Built target uwb_msgs_generate_messages_py
[35m[1mScanning dependencies of target uwb_msgs_generate_messages[0m
[100%] Built target uwb_msgs_generate_messages
