[35m[1mScanning dependencies of target metis_src[0m
[ 12%] [34m[1mCreating directories for 'metis_src'[0m
[ 25%] [34m[1mPerforming download step (download, verify and extract) for 'metis_src'[0m
-- Downloading...
   dst='/home/nics/Drone/BambiplayGit-Fast-Drone-250-tuned_simulation/build/metis_catkin/metis_src-prefix/src/metis-5.1.0.tar.gz'
   timeout='none'
-- Using src='https://github.com/ethz-asl/thirdparty_library_binaries/raw/master/metis-5.1.0.tar.gz'
-- [download 0% complete]
-- [download 1% complete]
-- [download 2% complete]
-- [download 3% complete]
-- [download 4% complete]
-- [download 5% complete]
-- [download 6% complete]
-- [download 7% complete]
-- [download 8% complete]
-- [download 9% complete]
-- [download 10% complete]
-- [download 11% complete]
-- [download 12% complete]
-- [download 13% complete]
-- [download 14% complete]
-- [download 15% complete]
-- [download 16% complete]
-- [download 17% complete]
-- [download 18% complete]
-- [download 19% complete]
-- [download 20% complete]
-- [download 21% complete]
-- [download 22% complete]
-- [download 23% complete]
-- [download 24% complete]
-- [download 25% complete]
-- [download 26% complete]
-- [download 27% complete]
-- [download 28% complete]
-- [download 29% complete]
-- [download 30% complete]
-- [download 31% complete]
-- [download 32% complete]
-- [download 33% complete]
-- [download 34% complete]
-- [download 35% complete]
-- [download 36% complete]
-- [download 37% complete]
-- [download 38% complete]
-- [download 39% complete]
-- [download 40% complete]
-- [download 41% complete]
-- [download 42% complete]
-- [download 43% complete]
-- [download 44% complete]
-- [download 45% complete]
-- [download 46% complete]
-- [download 47% complete]
-- [download 48% complete]
-- [download 49% complete]
-- [download 50% complete]
-- [download 51% complete]
-- [download 52% complete]
-- [download 53% complete]
-- [download 54% complete]
-- [download 55% complete]
-- [download 56% complete]
-- [download 57% complete]
-- [download 58% complete]
-- [download 59% complete]
-- [download 60% complete]
-- [download 61% complete]
-- [download 62% complete]
-- [download 63% complete]
-- [download 64% complete]
-- [download 65% complete]
-- [download 66% complete]
-- [download 67% complete]
-- [download 68% complete]
-- [download 69% complete]
-- [download 70% complete]
-- [download 71% complete]
-- [download 72% complete]
-- [download 73% complete]
-- [download 74% complete]
-- [download 75% complete]
-- [download 76% complete]
-- [download 77% complete]
-- [download 78% complete]
-- [download 79% complete]
-- [download 80% complete]
-- [download 81% complete]
-- [download 82% complete]
-- [download 83% complete]
-- [download 84% complete]
-- [download 85% complete]
-- [download 86% complete]
-- [download 87% complete]
-- [download 88% complete]
-- [download 89% complete]
-- [download 90% complete]
-- [download 91% complete]
-- [download 92% complete]
-- [download 93% complete]
-- [download 94% complete]
-- [download 95% complete]
-- [download 96% complete]
-- [download 97% complete]
-- [download 98% complete]
-- [download 99% complete]
-- [download 100% complete]
-- Downloading... done
-- extracting...
     src='/home/nics/Drone/BambiplayGit-Fast-Drone-250-tuned_simulation/build/metis_catkin/metis_src-prefix/src/metis-5.1.0.tar.gz'
     dst='/home/nics/Drone/BambiplayGit-Fast-Drone-250-tuned_simulation/build/metis_catkin/metis_src-prefix/src/metis_src'
-- extracting... [tar xfz]
-- extracting... [analysis]
-- extracting... [rename]
-- extracting... [clean up]
-- extracting... done
[ 37%] [34m[1mNo update step for 'metis_src'[0m
[ 50%] [34m[1mNo patch step for 'metis_src'[0m
[ 62%] [34m[1mPerforming configure step for 'metis_src'[0m
-- The C compiler identification is GNU 9.4.0
-- The CXX compiler identification is GNU 9.4.0
-- Check for working C compiler: /usr/bin/cc
-- Check for working C compiler: /usr/bin/cc -- works
-- Detecting C compiler ABI info
-- Detecting C compiler ABI info - done
-- Detecting C compile features
-- Detecting C compile features - done
-- Check for working CXX compiler: /usr/bin/c++
-- Check for working CXX compiler: /usr/bin/c++ -- works
-- Detecting CXX compiler ABI info
-- Detecting CXX compiler ABI info - done
-- Detecting CXX compile features
-- Detecting CXX compile features - done
-- Looking for execinfo.h
-- Looking for execinfo.h - found
-- Looking for getline
-- Looking for getline - found
-- checking for thread-local storage - found
-- Configuring done
-- Generating done
-- Build files have been written to: /home/nics/Drone/BambiplayGit-Fast-Drone-250-tuned_simulation/build/metis_catkin/metis_src-prefix/src/metis_src-build
[ 75%] [34m[1mPerforming build step for 'metis_src'[0m
[35m[1mScanning dependencies of target metis[0m
[  1%] [32mBuilding C object libmetis/CMakeFiles/metis.dir/__/GKlib/b64.c.o[0m
[  2%] [32mBuilding C object libmetis/CMakeFiles/metis.dir/__/GKlib/csr.c.o[0m
[  3%] [32mBuilding C object libmetis/CMakeFiles/metis.dir/__/GKlib/evaluate.c.o[0m
[  5%] [32mBuilding C object libmetis/CMakeFiles/metis.dir/__/GKlib/error.c.o[0m
[  5%] [32mBuilding C object libmetis/CMakeFiles/metis.dir/__/GKlib/getopt.c.o[0m
[  6%] [32mBuilding C object libmetis/CMakeFiles/metis.dir/__/GKlib/fkvkselect.c.o[0m
[  7%] [32mBuilding C object libmetis/CMakeFiles/metis.dir/__/GKlib/blas.c.o[0m
[  9%] [32mBuilding C object libmetis/CMakeFiles/metis.dir/__/GKlib/htable.c.o[0m
[ 10%] [32mBuilding C object libmetis/CMakeFiles/metis.dir/__/GKlib/graph.c.o[0m
[ 11%] [32mBuilding C object libmetis/CMakeFiles/metis.dir/__/GKlib/fs.c.o[0m
[ 12%] [32mBuilding C object libmetis/CMakeFiles/metis.dir/__/GKlib/itemsets.c.o[0m
[ 13%] [32mBuilding C object libmetis/CMakeFiles/metis.dir/__/GKlib/memory.c.o[0m
[ 14%] [32mBuilding C object libmetis/CMakeFiles/metis.dir/__/GKlib/gkregex.c.o[0m
[ 15%] [32mBuilding C object libmetis/CMakeFiles/metis.dir/__/GKlib/mcore.c.o[0m
[ 17%] [32mBuilding C object libmetis/CMakeFiles/metis.dir/__/GKlib/omp.c.o[0m
[ 18%] [32mBuilding C object libmetis/CMakeFiles/metis.dir/__/GKlib/io.c.o[0m
[01m[K/home/nics/Drone/BambiplayGit-Fast-Drone-250-tuned_simulation/build/metis_catkin/metis_src-prefix/src/metis_src/GKlib/getopt.c:[m[K In function ‘[01m[Kgk_getopt_internal[m[K’:
[01m[K/home/nics/Drone/BambiplayGit-Fast-Drone-250-tuned_simulation/build/metis_catkin/metis_src-prefix/src/metis_src/GKlib/getopt.c:343:5:[m[K [01;35m[Kwarning: [m[Kthis ‘[01m[Kif[m[K’ clause does not guard... [[01;35m[K-Wmisleading-indentation[m[K]
  343 |     [01;35m[Kif[m[K (gk_optind == 0)
      |     [01;35m[K^~[m[K
[01m[K/home/nics/Drone/BambiplayGit-Fast-Drone-250-tuned_simulation/build/metis_catkin/metis_src-prefix/src/metis_src/GKlib/getopt.c:345:7:[m[K [01;36m[Knote: [m[K...this statement, but the latter is misleadingly indented as if it were guarded by the ‘[01m[Kif[m[K’
  345 |       [01;36m[Koptstring[m[K = gk_getopt_initialize (argc, argv, optstring);
      |       [01;36m[K^~~~~~~~~[m[K
[01m[K/home/nics/Drone/BambiplayGit-Fast-Drone-250-tuned_simulation/build/metis_catkin/metis_src-prefix/src/metis_src/GKlib/getopt.c:700:2:[m[K [01;35m[Kwarning: [m[Kthis ‘[01m[Kelse[m[K’ clause does not guard... [[01;35m[K-Wmisleading-indentation[m[K]
  700 |  [01;35m[Kelse[m[K
      |  [01;35m[K^~~~[m[K
[01m[K/home/nics/Drone/BambiplayGit-Fast-Drone-250-tuned_simulation/build/metis_catkin/metis_src-prefix/src/metis_src/GKlib/getopt.c:703:4:[m[K [01;36m[Knote: [m[K...this statement, but the latter is misleadingly indented as if it were guarded by the ‘[01m[Kelse[m[K’
  703 |    [01;36m[Knextchar[m[K = NULL;
      |    [01;36m[K^~~~~~~~[m[K
[01m[K/home/nics/Drone/BambiplayGit-Fast-Drone-250-tuned_simulation/build/metis_catkin/metis_src-prefix/src/metis_src/GKlib/csr.c:[m[K In function ‘[01m[Kgk_csr_Normalize[m[K’:
[01m[K/home/nics/Drone/BambiplayGit-Fast-Drone-250-tuned_simulation/build/metis_catkin/metis_src-prefix/src/metis_src/GKlib/csr.c:1344:9:[m[K [01;35m[Kwarning: [m[Kthis ‘[01m[Kif[m[K’ clause does not guard... [[01;35m[K-Wmisleading-indentation[m[K]
 1344 |    else [01;35m[Kif[m[K (norm == 1)
      |         [01;35m[K^~[m[K
[01m[K/home/nics/Drone/BambiplayGit-Fast-Drone-250-tuned_simulation/build/metis_catkin/metis_src-prefix/src/metis_src/GKlib/csr.c:1346:11:[m[K [01;36m[Knote: [m[K...this statement, but the latter is misleadingly indented as if it were guarded by the ‘[01m[Kif[m[K’
 1346 |           [01;36m[Kfor[m[K (j=ptr[i]; j<ptr[i+1]; j++)
      |           [01;36m[K^~~[m[K
[01m[K/home/nics/Drone/BambiplayGit-Fast-Drone-250-tuned_simulation/build/metis_catkin/metis_src-prefix/src/metis_src/GKlib/csr.c:1371:9:[m[K [01;35m[Kwarning: [m[Kthis ‘[01m[Kif[m[K’ clause does not guard... [[01;35m[K-Wmisleading-indentation[m[K]
 1371 |    else [01;35m[Kif[m[K (norm == 1)
      |         [01;35m[K^~[m[K
[01m[K/home/nics/Drone/BambiplayGit-Fast-Drone-250-tuned_simulation/build/metis_catkin/metis_src-prefix/src/metis_src/GKlib/csr.c:1373:11:[m[K [01;36m[Knote: [m[K...this statement, but the latter is misleadingly indented as if it were guarded by the ‘[01m[Kif[m[K’
 1373 |           [01;36m[Kfor[m[K (j=ptr[i]; j<ptr[i+1]; j++)
      |           [01;36m[K^~~[m[K
[ 19%] [32mBuilding C object libmetis/CMakeFiles/metis.dir/__/GKlib/pdb.c.o[0m
[ 20%] [32mBuilding C object libmetis/CMakeFiles/metis.dir/__/GKlib/pqueue.c.o[0m
[ 21%] [32mBuilding C object libmetis/CMakeFiles/metis.dir/__/GKlib/random.c.o[0m
[ 22%] [32mBuilding C object libmetis/CMakeFiles/metis.dir/__/GKlib/seq.c.o[0m
[ 23%] [32mBuilding C object libmetis/CMakeFiles/metis.dir/__/GKlib/rw.c.o[0m
[ 25%] [32mBuilding C object libmetis/CMakeFiles/metis.dir/__/GKlib/timers.c.o[0m
[ 26%] [32mBuilding C object libmetis/CMakeFiles/metis.dir/__/GKlib/sort.c.o[0m
[ 27%] [32mBuilding C object libmetis/CMakeFiles/metis.dir/__/GKlib/tokenizer.c.o[0m
[ 28%] [32mBuilding C object libmetis/CMakeFiles/metis.dir/__/GKlib/util.c.o[0m
[ 29%] [32mBuilding C object libmetis/CMakeFiles/metis.dir/__/GKlib/string.c.o[0m
[ 30%] [32mBuilding C object libmetis/CMakeFiles/metis.dir/auxapi.c.o[0m
[ 31%] [32mBuilding C object libmetis/CMakeFiles/metis.dir/balance.c.o[0m
[ 32%] [32mBuilding C object libmetis/CMakeFiles/metis.dir/bucketsort.c.o[0m
[ 34%] [32mBuilding C object libmetis/CMakeFiles/metis.dir/checkgraph.c.o[0m
[ 35%] [32mBuilding C object libmetis/CMakeFiles/metis.dir/coarsen.c.o[0m
[ 36%] [32mBuilding C object libmetis/CMakeFiles/metis.dir/compress.c.o[0m
[ 37%] [32mBuilding C object libmetis/CMakeFiles/metis.dir/debug.c.o[0m
[ 38%] [32mBuilding C object libmetis/CMakeFiles/metis.dir/fortran.c.o[0m
[ 39%] [32mBuilding C object libmetis/CMakeFiles/metis.dir/fm.c.o[0m
[ 42%] [32mBuilding C object libmetis/CMakeFiles/metis.dir/contig.c.o[0m
[ 42%] [32mBuilding C object libmetis/CMakeFiles/metis.dir/frename.c.o[0m
[ 43%] [32mBuilding C object libmetis/CMakeFiles/metis.dir/gklib.c.o[0m
[ 44%] [32mBuilding C object libmetis/CMakeFiles/metis.dir/graph.c.o[0m
[ 45%] [32mBuilding C object libmetis/CMakeFiles/metis.dir/initpart.c.o[0m
[ 46%] [32mBuilding C object libmetis/CMakeFiles/metis.dir/kwayfm.c.o[0m
[ 47%] [32mBuilding C object libmetis/CMakeFiles/metis.dir/kmetis.c.o[0m
[ 48%] [32mBuilding C object libmetis/CMakeFiles/metis.dir/kwayrefine.c.o[0m
[ 50%] [32mBuilding C object libmetis/CMakeFiles/metis.dir/mcutil.c.o[0m
[ 51%] [32mBuilding C object libmetis/CMakeFiles/metis.dir/meshpart.c.o[0m
[ 52%] [32mBuilding C object libmetis/CMakeFiles/metis.dir/mesh.c.o[0m
[ 53%] [32mBuilding C object libmetis/CMakeFiles/metis.dir/minconn.c.o[0m
[ 54%] [32mBuilding C object libmetis/CMakeFiles/metis.dir/mincover.c.o[0m
[ 55%] [32mBuilding C object libmetis/CMakeFiles/metis.dir/ometis.c.o[0m
[ 56%] [32mBuilding C object libmetis/CMakeFiles/metis.dir/options.c.o[0m
[ 57%] [32mBuilding C object libmetis/CMakeFiles/metis.dir/pmetis.c.o[0m
[ 59%] [32mBuilding C object libmetis/CMakeFiles/metis.dir/mmd.c.o[0m
[ 60%] [32mBuilding C object libmetis/CMakeFiles/metis.dir/parmetis.c.o[0m
[ 61%] [32mBuilding C object libmetis/CMakeFiles/metis.dir/sfm.c.o[0m
[ 62%] [32mBuilding C object libmetis/CMakeFiles/metis.dir/refine.c.o[0m
[ 63%] [32mBuilding C object libmetis/CMakeFiles/metis.dir/separator.c.o[0m
[ 64%] [32mBuilding C object libmetis/CMakeFiles/metis.dir/srefine.c.o[0m
[ 65%] [32mBuilding C object libmetis/CMakeFiles/metis.dir/timing.c.o[0m
[ 67%] [32mBuilding C object libmetis/CMakeFiles/metis.dir/stat.c.o[0m
[ 68%] [32mBuilding C object libmetis/CMakeFiles/metis.dir/util.c.o[0m
[ 69%] [32mBuilding C object libmetis/CMakeFiles/metis.dir/wspace.c.o[0m
[ 70%] [32m[1mLinking C shared library libmetis.so[0m
[ 70%] Built target metis
[35m[1mScanning dependencies of target graphchk[0m
[35m[1mScanning dependencies of target mpmetis[0m
[35m[1mScanning dependencies of target gpmetis[0m
[35m[1mScanning dependencies of target cmpfillin[0m
[35m[1mScanning dependencies of target m2gmetis[0m
[35m[1mScanning dependencies of target ndmetis[0m
[ 71%] [32mBuilding C object programs/CMakeFiles/mpmetis.dir/cmdline_mpmetis.c.o[0m
[ 72%] [32mBuilding C object programs/CMakeFiles/mpmetis.dir/io.c.o[0m
[ 73%] [32mBuilding C object programs/CMakeFiles/m2gmetis.dir/m2gmetis.c.o[0m
[ 75%] [32mBuilding C object programs/CMakeFiles/m2gmetis.dir/io.c.o[0m
[ 77%] [32mBuilding C object programs/CMakeFiles/cmpfillin.dir/io.c.o[0m
[ 77%] [32mBuilding C object programs/CMakeFiles/mpmetis.dir/stat.c.o[0m
[ 78%] [32mBuilding C object programs/CMakeFiles/m2gmetis.dir/cmdline_m2gmetis.c.o[0m
[ 80%] [32mBuilding C object programs/CMakeFiles/cmpfillin.dir/smbfactor.c.o[0m
[ 80%] [32mBuilding C object programs/CMakeFiles/graphchk.dir/io.c.o[0m
[ 82%] [32mBuilding C object programs/CMakeFiles/gpmetis.dir/cmdline_gpmetis.c.o[0m
[ 82%] [32mBuilding C object programs/CMakeFiles/mpmetis.dir/mpmetis.c.o[0m
[ 84%] [32mBuilding C object programs/CMakeFiles/gpmetis.dir/gpmetis.c.o[0m
[ 85%] [32mBuilding C object programs/CMakeFiles/cmpfillin.dir/cmpfillin.c.o[0m
[ 86%] [32mBuilding C object programs/CMakeFiles/graphchk.dir/graphchk.c.o[0m
[ 87%] [32mBuilding C object programs/CMakeFiles/ndmetis.dir/ndmetis.c.o[0m
[ 88%] [32mBuilding C object programs/CMakeFiles/gpmetis.dir/io.c.o[0m
[ 89%] [32mBuilding C object programs/CMakeFiles/gpmetis.dir/stat.c.o[0m
[ 90%] [32mBuilding C object programs/CMakeFiles/ndmetis.dir/cmdline_ndmetis.c.o[0m
[ 92%] [32mBuilding C object programs/CMakeFiles/ndmetis.dir/io.c.o[0m
[ 93%] [32mBuilding C object programs/CMakeFiles/ndmetis.dir/smbfactor.c.o[0m
[ 94%] [32m[1mLinking C executable cmpfillin[0m
[ 95%] [32m[1mLinking C executable graphchk[0m
[ 96%] [32m[1mLinking C executable mpmetis[0m
[ 97%] [32m[1mLinking C executable gpmetis[0m
[ 97%] Built target cmpfillin
[ 97%] Built target graphchk
[ 98%] [32m[1mLinking C executable m2gmetis[0m
[ 98%] Built target gpmetis
[ 98%] Built target mpmetis
[100%] [32m[1mLinking C executable ndmetis[0m
[100%] Built target m2gmetis
[100%] Built target ndmetis
[ 87%] [34m[1mPerforming install step for 'metis_src'[0m
[ 70%] Built target metis
[ 73%] Built target graphchk
[ 79%] Built target gpmetis
[ 84%] Built target cmpfillin
[ 88%] Built target m2gmetis
[ 94%] Built target mpmetis
[100%] Built target ndmetis
[36mInstall the project...[0m
-- Install configuration: "Release"
-- Installing: /home/nics/Drone/BambiplayGit-Fast-Drone-250-tuned_simulation/devel/.private/metis_catkin/include/metis.h
-- Installing: /home/nics/Drone/BambiplayGit-Fast-Drone-250-tuned_simulation/devel/.private/metis_catkin/lib/libmetis.so
-- Installing: /home/nics/Drone/BambiplayGit-Fast-Drone-250-tuned_simulation/devel/.private/metis_catkin/bin/gpmetis
-- Set runtime path of "/home/nics/Drone/BambiplayGit-Fast-Drone-250-tuned_simulation/devel/.private/metis_catkin/bin/gpmetis" to ""
-- Installing: /home/nics/Drone/BambiplayGit-Fast-Drone-250-tuned_simulation/devel/.private/metis_catkin/bin/ndmetis
-- Set runtime path of "/home/nics/Drone/BambiplayGit-Fast-Drone-250-tuned_simulation/devel/.private/metis_catkin/bin/ndmetis" to ""
-- Installing: /home/nics/Drone/BambiplayGit-Fast-Drone-250-tuned_simulation/devel/.private/metis_catkin/bin/mpmetis
-- Set runtime path of "/home/nics/Drone/BambiplayGit-Fast-Drone-250-tuned_simulation/devel/.private/metis_catkin/bin/mpmetis" to ""
-- Installing: /home/nics/Drone/BambiplayGit-Fast-Drone-250-tuned_simulation/devel/.private/metis_catkin/bin/m2gmetis
-- Set runtime path of "/home/nics/Drone/BambiplayGit-Fast-Drone-250-tuned_simulation/devel/.private/metis_catkin/bin/m2gmetis" to ""
-- Installing: /home/nics/Drone/BambiplayGit-Fast-Drone-250-tuned_simulation/devel/.private/metis_catkin/bin/graphchk
-- Set runtime path of "/home/nics/Drone/BambiplayGit-Fast-Drone-250-tuned_simulation/devel/.private/metis_catkin/bin/graphchk" to ""
-- Installing: /home/nics/Drone/BambiplayGit-Fast-Drone-250-tuned_simulation/devel/.private/metis_catkin/bin/cmpfillin
-- Set runtime path of "/home/nics/Drone/BambiplayGit-Fast-Drone-250-tuned_simulation/devel/.private/metis_catkin/bin/cmpfillin" to ""
[100%] [34m[1mCompleted 'metis_src'[0m
[100%] Built target metis_src
