Performing C SOURCE FILE Test CMAKE_HAVE_LIBC_PTHREAD failed with the following output:
Change Dir: /home/nics/Drone/PX4-Autopilot/build/px4_sitl_default/build_gazebo/CMakeFiles/CMakeTmp

Run Build Command(s):/usr/bin/make cmTC_6ff69/fast && make[5]: Entering directory '/home/nics/Drone/PX4-Autopilot/build/px4_sitl_default/build_gazebo/CMakeFiles/CMakeTmp'
/usr/bin/make -f CMakeFiles/cmTC_6ff69.dir/build.make CMakeFiles/cmTC_6ff69.dir/build
make[6]: Entering directory '/home/nics/Drone/PX4-Autopilot/build/px4_sitl_default/build_gazebo/CMakeFiles/CMakeTmp'
Building C object CMakeFiles/cmTC_6ff69.dir/src.c.o
/usr/bin/cc   -DCMAKE_HAVE_LIBC_PTHREAD   -o CMakeFiles/cmTC_6ff69.dir/src.c.o   -c /home/nics/Drone/PX4-Autopilot/build/px4_sitl_default/build_gazebo/CMakeFiles/CMakeTmp/src.c
Linking C executable cmTC_6ff69
/usr/bin/cmake -E cmake_link_script CMakeFiles/cmTC_6ff69.dir/link.txt --verbose=1
/usr/bin/cc  -DCMAKE_HAVE_LIBC_PTHREAD    CMakeFiles/cmTC_6ff69.dir/src.c.o  -o cmTC_6ff69 
/usr/bin/ld: CMakeFiles/cmTC_6ff69.dir/src.c.o: in function `main':
src.c:(.text+0x46): undefined reference to `pthread_create'
/usr/bin/ld: src.c:(.text+0x52): undefined reference to `pthread_detach'
/usr/bin/ld: src.c:(.text+0x63): undefined reference to `pthread_join'
collect2: error: ld returned 1 exit status
make[6]: *** [CMakeFiles/cmTC_6ff69.dir/build.make:87: cmTC_6ff69] Error 1
make[6]: Leaving directory '/home/nics/Drone/PX4-Autopilot/build/px4_sitl_default/build_gazebo/CMakeFiles/CMakeTmp'
make[5]: *** [Makefile:121: cmTC_6ff69/fast] Error 2
make[5]: Leaving directory '/home/nics/Drone/PX4-Autopilot/build/px4_sitl_default/build_gazebo/CMakeFiles/CMakeTmp'


Source file was:
#include <pthread.h>

void* test_func(void* data)
{
  return data;
}

int main(void)
{
  pthread_t thread;
  pthread_create(&thread, NULL, test_func, NULL);
  pthread_detach(thread);
  pthread_join(thread, NULL);
  pthread_atfork(NULL, NULL, NULL);
  pthread_exit(NULL);

  return 0;
}

Determining if the function pthread_create exists in the pthreads failed with the following output:
Change Dir: /home/nics/Drone/PX4-Autopilot/build/px4_sitl_default/build_gazebo/CMakeFiles/CMakeTmp

Run Build Command(s):/usr/bin/make cmTC_79437/fast && make[5]: Entering directory '/home/nics/Drone/PX4-Autopilot/build/px4_sitl_default/build_gazebo/CMakeFiles/CMakeTmp'
/usr/bin/make -f CMakeFiles/cmTC_79437.dir/build.make CMakeFiles/cmTC_79437.dir/build
make[6]: Entering directory '/home/nics/Drone/PX4-Autopilot/build/px4_sitl_default/build_gazebo/CMakeFiles/CMakeTmp'
Building C object CMakeFiles/cmTC_79437.dir/CheckFunctionExists.c.o
/usr/bin/cc   -DCHECK_FUNCTION_EXISTS=pthread_create   -o CMakeFiles/cmTC_79437.dir/CheckFunctionExists.c.o   -c /usr/share/cmake-3.16/Modules/CheckFunctionExists.c
Linking C executable cmTC_79437
/usr/bin/cmake -E cmake_link_script CMakeFiles/cmTC_79437.dir/link.txt --verbose=1
/usr/bin/cc  -DCHECK_FUNCTION_EXISTS=pthread_create    CMakeFiles/cmTC_79437.dir/CheckFunctionExists.c.o  -o cmTC_79437  -lpthreads 
/usr/bin/ld: cannot find -lpthreads
collect2: error: ld returned 1 exit status
make[6]: *** [CMakeFiles/cmTC_79437.dir/build.make:87: cmTC_79437] Error 1
make[6]: Leaving directory '/home/nics/Drone/PX4-Autopilot/build/px4_sitl_default/build_gazebo/CMakeFiles/CMakeTmp'
make[5]: *** [Makefile:121: cmTC_79437/fast] Error 2
make[5]: Leaving directory '/home/nics/Drone/PX4-Autopilot/build/px4_sitl_default/build_gazebo/CMakeFiles/CMakeTmp'



